ARM GAS  C:\Users\Silvan\AppData\Local\Temp\ccbWiqte.s 			page 1


   1              		.syntax unified
   2              		.cpu cortex-m3
   3              		.fpu softvfp
   4              		.eabi_attribute 20, 1
   5              		.eabi_attribute 21, 1
   6              		.eabi_attribute 23, 3
   7              		.eabi_attribute 24, 1
   8              		.eabi_attribute 25, 1
   9              		.eabi_attribute 26, 1
  10              		.eabi_attribute 30, 6
  11              		.eabi_attribute 34, 1
  12              		.eabi_attribute 18, 4
  13              		.thumb
  14              		.syntax unified
  15              		.file	"cymetadata.c"
  16              		.text
  17              	.Ltext0:
  18              		.cfi_sections	.debug_frame
  19              		.global	cy_meta_configecc
  20              		.section	.cyconfigecc,"a",%progbits
  21              		.align	2
  22              		.type	cy_meta_configecc, %object
  23              		.size	cy_meta_configecc, 104
  24              	cy_meta_configecc:
  25 0000 01       		.byte	1
  26 0001 5A       		.byte	90
  27 0002 00       		.byte	0
  28 0003 40       		.byte	64
  29 0004 01       		.byte	1
  30 0005 15       		.byte	21
  31 0006 01       		.byte	1
  32 0007 40       		.byte	64
  33 0008 01       		.byte	1
  34 0009 1B       		.byte	27
  35 000a 01       		.byte	1
  36 000b 40       		.byte	64
  37 000c 02       		.byte	2
  38 000d 40       		.byte	64
  39 000e 01       		.byte	1
  40 000f 40       		.byte	64
  41 0010 01       		.byte	1
  42 0011 41       		.byte	65
  43 0012 01       		.byte	1
  44 0013 40       		.byte	64
  45 0014 01       		.byte	1
  46 0015 42       		.byte	66
  47 0016 01       		.byte	1
  48 0017 40       		.byte	64
  49 0018 01       		.byte	1
  50 0019 43       		.byte	67
  51 001a 01       		.byte	1
  52 001b 40       		.byte	64
  53 001c 02       		.byte	2
  54 001d 47       		.byte	71
  55 001e 01       		.byte	1
  56 001f 40       		.byte	64
  57 0020 03       		.byte	3
ARM GAS  C:\Users\Silvan\AppData\Local\Temp\ccbWiqte.s 			page 2


  58 0021 48       		.byte	72
  59 0022 01       		.byte	1
  60 0023 40       		.byte	64
  61 0024 01       		.byte	1
  62 0025 49       		.byte	73
  63 0026 01       		.byte	1
  64 0027 40       		.byte	64
  65 0028 01       		.byte	1
  66 0029 4C       		.byte	76
  67 002a 01       		.byte	1
  68 002b 40       		.byte	64
  69 002c 02       		.byte	2
  70 002d 4D       		.byte	77
  71 002e 01       		.byte	1
  72 002f 40       		.byte	64
  73 0030 01       		.byte	1
  74 0031 51       		.byte	81
  75 0032 01       		.byte	1
  76 0033 40       		.byte	64
  77 0034 9F       		.byte	-97
  78 0035 01       		.byte	1
  79 0036 EC       		.byte	-20
  80 0037 10       		.byte	16
  81 0038 EC       		.byte	-20
  82 0039 10       		.byte	16
  83 003a 3D       		.byte	61
  84 003b 80       		.byte	-128
  85 003c CE       		.byte	-50
  86 003d 20       		.byte	32
  87 003e A5       		.byte	-91
  88 003f 40       		.byte	64
  89 0040 A5       		.byte	-91
  90 0041 40       		.byte	64
  91 0042 A5       		.byte	-91
  92 0043 40       		.byte	64
  93 0044 30       		.byte	48
  94 0045 20       		.byte	32
  95 0046 CC       		.byte	-52
  96 0047 08       		.byte	8
  97 0048 25       		.byte	37
  98 0049 50       		.byte	80
  99 004a A5       		.byte	-91
 100 004b 40       		.byte	64
 101 004c C8       		.byte	-56
 102 004d 20       		.byte	32
 103 004e B5       		.byte	-75
 104 004f 10       		.byte	16
 105 0050 A4       		.byte	-92
 106 0051 20       		.byte	32
 107 0052 B4       		.byte	-76
 108 0053 20       		.byte	32
 109 0054 EC       		.byte	-20
 110 0055 08       		.byte	8
 111 0056 10       		.byte	16
 112 0057 02       		.byte	2
 113 0058 00       		.byte	0
 114 0059 0B       		.byte	11
ARM GAS  C:\Users\Silvan\AppData\Local\Temp\ccbWiqte.s 			page 3


 115 005a 0B       		.byte	11
 116 005b 00       		.byte	0
 117 005c 00       		.byte	0
 118 005d 00       		.byte	0
 119 005e 00       		.byte	0
 120 005f 00       		.byte	0
 121 0060 00       		.byte	0
 122 0061 00       		.byte	0
 123 0062 00       		.byte	0
 124 0063 00       		.byte	0
 125 0064 00       		.byte	0
 126 0065 00       		.byte	0
 127 0066 40       		.byte	64
 128 0067 00       		.byte	0
 129              		.global	cy_meta_custnvl
 130              		.section	.cycustnvl,"a",%progbits
 131              		.align	2
 132              		.type	cy_meta_custnvl, %object
 133              		.size	cy_meta_custnvl, 4
 134              	cy_meta_custnvl:
 135 0000 00       		.byte	0
 136 0001 00       		.byte	0
 137 0002 40       		.byte	64
 138 0003 05       		.byte	5
 139              		.global	cy_meta_wonvl
 140              		.section	.cywolatch,"a",%progbits
 141              		.align	2
 142              		.type	cy_meta_wonvl, %object
 143              		.size	cy_meta_wonvl, 4
 144              	cy_meta_wonvl:
 145 0000 BC       		.byte	-68
 146 0001 90       		.byte	-112
 147 0002 AC       		.byte	-84
 148 0003 AF       		.byte	-81
 149              		.global	cy_meta_flashprotect
 150              		.section	.cyflashprotect,"a",%progbits
 151              		.align	2
 152              		.type	cy_meta_flashprotect, %object
 153              		.size	cy_meta_flashprotect, 256
 154              	cy_meta_flashprotect:
 155 0000 00000000 		.space	256
 155      00000000 
 155      00000000 
 155      00000000 
 155      00000000 
 156              		.global	cy_metadata
 157              		.section	.cymeta,"a",%progbits
 158              		.align	2
 159              		.type	cy_metadata, %object
 160              		.size	cy_metadata, 12
 161              	cy_metadata:
 162 0000 00       		.byte	0
 163 0001 01       		.byte	1
 164 0002 2E       		.byte	46
 165 0003 16       		.byte	22
 166 0004 10       		.byte	16
 167 0005 69       		.byte	105
ARM GAS  C:\Users\Silvan\AppData\Local\Temp\ccbWiqte.s 			page 4


 168 0006 00       		.byte	0
 169 0007 01       		.byte	1
 170 0008 00       		.byte	0
 171 0009 00       		.byte	0
 172 000a 00       		.byte	0
 173 000b 00       		.byte	0
 174              		.text
 175              	.Letext0:
 176              		.file 1 "c:\\program files (x86)\\cypress\\psoc creator\\4.4\\psoc creator\\import\\gnu\\arm\\5.4.
 177              		.file 2 "c:\\program files (x86)\\cypress\\psoc creator\\4.4\\psoc creator\\import\\gnu\\arm\\5.4.
 178              		.file 3 "Generated_Source\\PSoC5\\cymetadata.c"
 179              		.section	.debug_info,"",%progbits
 180              	.Ldebug_info0:
 181 0000 30010000 		.4byte	0x130
 182 0004 0400     		.2byte	0x4
 183 0006 00000000 		.4byte	.Ldebug_abbrev0
 184 000a 04       		.byte	0x4
 185 000b 01       		.uleb128 0x1
 186 000c 0A000000 		.4byte	.LASF17
 187 0010 0C       		.byte	0xc
 188 0011 DA010000 		.4byte	.LASF18
 189 0015 5F010000 		.4byte	.LASF19
 190 0019 00000000 		.4byte	.Ldebug_line0
 191 001d 02       		.uleb128 0x2
 192 001e 01       		.byte	0x1
 193 001f 06       		.byte	0x6
 194 0020 CE010000 		.4byte	.LASF0
 195 0024 03       		.uleb128 0x3
 196 0025 00000000 		.4byte	.LASF9
 197 0029 01       		.byte	0x1
 198 002a 1D       		.byte	0x1d
 199 002b 2F000000 		.4byte	0x2f
 200 002f 02       		.uleb128 0x2
 201 0030 01       		.byte	0x1
 202 0031 08       		.byte	0x8
 203 0032 A4000000 		.4byte	.LASF1
 204 0036 02       		.uleb128 0x2
 205 0037 02       		.byte	0x2
 206 0038 05       		.byte	0x5
 207 0039 BB010000 		.4byte	.LASF2
 208 003d 02       		.uleb128 0x2
 209 003e 02       		.byte	0x2
 210 003f 07       		.byte	0x7
 211 0040 C4000000 		.4byte	.LASF3
 212 0044 02       		.uleb128 0x2
 213 0045 04       		.byte	0x4
 214 0046 05       		.byte	0x5
 215 0047 C5010000 		.4byte	.LASF4
 216 004b 02       		.uleb128 0x2
 217 004c 04       		.byte	0x4
 218 004d 07       		.byte	0x7
 219 004e B2000000 		.4byte	.LASF5
 220 0052 02       		.uleb128 0x2
 221 0053 08       		.byte	0x8
 222 0054 05       		.byte	0x5
 223 0055 51010000 		.4byte	.LASF6
 224 0059 02       		.uleb128 0x2
ARM GAS  C:\Users\Silvan\AppData\Local\Temp\ccbWiqte.s 			page 5


 225 005a 08       		.byte	0x8
 226 005b 07       		.byte	0x7
 227 005c 06010000 		.4byte	.LASF7
 228 0060 04       		.uleb128 0x4
 229 0061 04       		.byte	0x4
 230 0062 05       		.byte	0x5
 231 0063 696E7400 		.ascii	"int\000"
 232 0067 02       		.uleb128 0x2
 233 0068 04       		.byte	0x4
 234 0069 07       		.byte	0x7
 235 006a F9000000 		.4byte	.LASF8
 236 006e 03       		.uleb128 0x3
 237 006f 1D010000 		.4byte	.LASF10
 238 0073 02       		.byte	0x2
 239 0074 18       		.byte	0x18
 240 0075 24000000 		.4byte	0x24
 241 0079 05       		.uleb128 0x5
 242 007a 90000000 		.4byte	0x90
 243 007e 89000000 		.4byte	0x89
 244 0082 06       		.uleb128 0x6
 245 0083 89000000 		.4byte	0x89
 246 0087 67       		.byte	0x67
 247 0088 00       		.byte	0
 248 0089 02       		.uleb128 0x2
 249 008a 04       		.byte	0x4
 250 008b 07       		.byte	0x7
 251 008c 48010000 		.4byte	.LASF11
 252 0090 07       		.uleb128 0x7
 253 0091 6E000000 		.4byte	0x6e
 254 0095 08       		.uleb128 0x8
 255 0096 E7000000 		.4byte	.LASF12
 256 009a 03       		.byte	0x3
 257 009b 1F       		.byte	0x1f
 258 009c A6000000 		.4byte	0xa6
 259 00a0 05       		.uleb128 0x5
 260 00a1 03       		.byte	0x3
 261 00a2 00000000 		.4byte	cy_meta_configecc
 262 00a6 07       		.uleb128 0x7
 263 00a7 79000000 		.4byte	0x79
 264 00ab 05       		.uleb128 0x5
 265 00ac 90000000 		.4byte	0x90
 266 00b0 BB000000 		.4byte	0xbb
 267 00b4 06       		.uleb128 0x6
 268 00b5 89000000 		.4byte	0x89
 269 00b9 03       		.byte	0x3
 270 00ba 00       		.byte	0
 271 00bb 08       		.uleb128 0x8
 272 00bc D7000000 		.4byte	.LASF13
 273 00c0 03       		.byte	0x3
 274 00c1 39       		.byte	0x39
 275 00c2 CC000000 		.4byte	0xcc
 276 00c6 05       		.uleb128 0x5
 277 00c7 03       		.byte	0x3
 278 00c8 00000000 		.4byte	cy_meta_custnvl
 279 00cc 07       		.uleb128 0x7
 280 00cd AB000000 		.4byte	0xab
 281 00d1 08       		.uleb128 0x8
ARM GAS  C:\Users\Silvan\AppData\Local\Temp\ccbWiqte.s 			page 6


 282 00d2 3A010000 		.4byte	.LASF14
 283 00d6 03       		.byte	0x3
 284 00d7 47       		.byte	0x47
 285 00d8 E2000000 		.4byte	0xe2
 286 00dc 05       		.uleb128 0x5
 287 00dd 03       		.byte	0x3
 288 00de 00000000 		.4byte	cy_meta_wonvl
 289 00e2 07       		.uleb128 0x7
 290 00e3 AB000000 		.4byte	0xab
 291 00e7 05       		.uleb128 0x5
 292 00e8 90000000 		.4byte	0x90
 293 00ec F7000000 		.4byte	0xf7
 294 00f0 06       		.uleb128 0x6
 295 00f1 89000000 		.4byte	0x89
 296 00f5 FF       		.byte	0xff
 297 00f6 00       		.byte	0
 298 00f7 08       		.uleb128 0x8
 299 00f8 25010000 		.4byte	.LASF15
 300 00fc 03       		.byte	0x3
 301 00fd 55       		.byte	0x55
 302 00fe 08010000 		.4byte	0x108
 303 0102 05       		.uleb128 0x5
 304 0103 03       		.byte	0x3
 305 0104 00000000 		.4byte	cy_meta_flashprotect
 306 0108 07       		.uleb128 0x7
 307 0109 E7000000 		.4byte	0xe7
 308 010d 05       		.uleb128 0x5
 309 010e 90000000 		.4byte	0x90
 310 0112 1D010000 		.4byte	0x11d
 311 0116 06       		.uleb128 0x6
 312 0117 89000000 		.4byte	0x89
 313 011b 0B       		.byte	0xb
 314 011c 00       		.byte	0
 315 011d 08       		.uleb128 0x8
 316 011e 98000000 		.4byte	.LASF16
 317 0122 03       		.byte	0x3
 318 0123 82       		.byte	0x82
 319 0124 2E010000 		.4byte	0x12e
 320 0128 05       		.uleb128 0x5
 321 0129 03       		.byte	0x3
 322 012a 00000000 		.4byte	cy_metadata
 323 012e 07       		.uleb128 0x7
 324 012f 0D010000 		.4byte	0x10d
 325 0133 00       		.byte	0
 326              		.section	.debug_abbrev,"",%progbits
 327              	.Ldebug_abbrev0:
 328 0000 01       		.uleb128 0x1
 329 0001 11       		.uleb128 0x11
 330 0002 01       		.byte	0x1
 331 0003 25       		.uleb128 0x25
 332 0004 0E       		.uleb128 0xe
 333 0005 13       		.uleb128 0x13
 334 0006 0B       		.uleb128 0xb
 335 0007 03       		.uleb128 0x3
 336 0008 0E       		.uleb128 0xe
 337 0009 1B       		.uleb128 0x1b
 338 000a 0E       		.uleb128 0xe
ARM GAS  C:\Users\Silvan\AppData\Local\Temp\ccbWiqte.s 			page 7


 339 000b 10       		.uleb128 0x10
 340 000c 17       		.uleb128 0x17
 341 000d 00       		.byte	0
 342 000e 00       		.byte	0
 343 000f 02       		.uleb128 0x2
 344 0010 24       		.uleb128 0x24
 345 0011 00       		.byte	0
 346 0012 0B       		.uleb128 0xb
 347 0013 0B       		.uleb128 0xb
 348 0014 3E       		.uleb128 0x3e
 349 0015 0B       		.uleb128 0xb
 350 0016 03       		.uleb128 0x3
 351 0017 0E       		.uleb128 0xe
 352 0018 00       		.byte	0
 353 0019 00       		.byte	0
 354 001a 03       		.uleb128 0x3
 355 001b 16       		.uleb128 0x16
 356 001c 00       		.byte	0
 357 001d 03       		.uleb128 0x3
 358 001e 0E       		.uleb128 0xe
 359 001f 3A       		.uleb128 0x3a
 360 0020 0B       		.uleb128 0xb
 361 0021 3B       		.uleb128 0x3b
 362 0022 0B       		.uleb128 0xb
 363 0023 49       		.uleb128 0x49
 364 0024 13       		.uleb128 0x13
 365 0025 00       		.byte	0
 366 0026 00       		.byte	0
 367 0027 04       		.uleb128 0x4
 368 0028 24       		.uleb128 0x24
 369 0029 00       		.byte	0
 370 002a 0B       		.uleb128 0xb
 371 002b 0B       		.uleb128 0xb
 372 002c 3E       		.uleb128 0x3e
 373 002d 0B       		.uleb128 0xb
 374 002e 03       		.uleb128 0x3
 375 002f 08       		.uleb128 0x8
 376 0030 00       		.byte	0
 377 0031 00       		.byte	0
 378 0032 05       		.uleb128 0x5
 379 0033 01       		.uleb128 0x1
 380 0034 01       		.byte	0x1
 381 0035 49       		.uleb128 0x49
 382 0036 13       		.uleb128 0x13
 383 0037 01       		.uleb128 0x1
 384 0038 13       		.uleb128 0x13
 385 0039 00       		.byte	0
 386 003a 00       		.byte	0
 387 003b 06       		.uleb128 0x6
 388 003c 21       		.uleb128 0x21
 389 003d 00       		.byte	0
 390 003e 49       		.uleb128 0x49
 391 003f 13       		.uleb128 0x13
 392 0040 2F       		.uleb128 0x2f
 393 0041 0B       		.uleb128 0xb
 394 0042 00       		.byte	0
 395 0043 00       		.byte	0
ARM GAS  C:\Users\Silvan\AppData\Local\Temp\ccbWiqte.s 			page 8


 396 0044 07       		.uleb128 0x7
 397 0045 26       		.uleb128 0x26
 398 0046 00       		.byte	0
 399 0047 49       		.uleb128 0x49
 400 0048 13       		.uleb128 0x13
 401 0049 00       		.byte	0
 402 004a 00       		.byte	0
 403 004b 08       		.uleb128 0x8
 404 004c 34       		.uleb128 0x34
 405 004d 00       		.byte	0
 406 004e 03       		.uleb128 0x3
 407 004f 0E       		.uleb128 0xe
 408 0050 3A       		.uleb128 0x3a
 409 0051 0B       		.uleb128 0xb
 410 0052 3B       		.uleb128 0x3b
 411 0053 0B       		.uleb128 0xb
 412 0054 49       		.uleb128 0x49
 413 0055 13       		.uleb128 0x13
 414 0056 3F       		.uleb128 0x3f
 415 0057 19       		.uleb128 0x19
 416 0058 02       		.uleb128 0x2
 417 0059 18       		.uleb128 0x18
 418 005a 00       		.byte	0
 419 005b 00       		.byte	0
 420 005c 00       		.byte	0
 421              		.section	.debug_aranges,"",%progbits
 422 0000 14000000 		.4byte	0x14
 423 0004 0200     		.2byte	0x2
 424 0006 00000000 		.4byte	.Ldebug_info0
 425 000a 04       		.byte	0x4
 426 000b 00       		.byte	0
 427 000c 0000     		.2byte	0
 428 000e 0000     		.2byte	0
 429 0010 00000000 		.4byte	0
 430 0014 00000000 		.4byte	0
 431              		.section	.debug_line,"",%progbits
 432              	.Ldebug_line0:
 433 0000 3D010000 		.section	.debug_str,"MS",%progbits,1
 433      02003701 
 433      00000201 
 433      FB0E0D00 
 433      01010101 
 434              	.LASF9:
 435 0000 5F5F7569 		.ascii	"__uint8_t\000"
 435      6E74385F 
 435      7400
 436              	.LASF17:
 437 000a 474E5520 		.ascii	"GNU C11 5.4.1 20160609 (release) [ARM/embedded-5-br"
 437      43313120 
 437      352E342E 
 437      31203230 
 437      31363036 
 438 003d 616E6368 		.ascii	"anch revision 237715] -mcpu=cortex-m3 -mthumb -g -O"
 438      20726576 
 438      6973696F 
 438      6E203233 
 438      37373135 
ARM GAS  C:\Users\Silvan\AppData\Local\Temp\ccbWiqte.s 			page 9


 439 0070 30202D66 		.ascii	"0 -ffunction-sections -ffat-lto-objects\000"
 439      66756E63 
 439      74696F6E 
 439      2D736563 
 439      74696F6E 
 440              	.LASF16:
 441 0098 63795F6D 		.ascii	"cy_metadata\000"
 441      65746164 
 441      61746100 
 442              	.LASF1:
 443 00a4 756E7369 		.ascii	"unsigned char\000"
 443      676E6564 
 443      20636861 
 443      7200
 444              	.LASF5:
 445 00b2 6C6F6E67 		.ascii	"long unsigned int\000"
 445      20756E73 
 445      69676E65 
 445      6420696E 
 445      7400
 446              	.LASF3:
 447 00c4 73686F72 		.ascii	"short unsigned int\000"
 447      7420756E 
 447      7369676E 
 447      65642069 
 447      6E7400
 448              	.LASF13:
 449 00d7 63795F6D 		.ascii	"cy_meta_custnvl\000"
 449      6574615F 
 449      63757374 
 449      6E766C00 
 450              	.LASF12:
 451 00e7 63795F6D 		.ascii	"cy_meta_configecc\000"
 451      6574615F 
 451      636F6E66 
 451      69676563 
 451      6300
 452              	.LASF8:
 453 00f9 756E7369 		.ascii	"unsigned int\000"
 453      676E6564 
 453      20696E74 
 453      00
 454              	.LASF7:
 455 0106 6C6F6E67 		.ascii	"long long unsigned int\000"
 455      206C6F6E 
 455      6720756E 
 455      7369676E 
 455      65642069 
 456              	.LASF10:
 457 011d 75696E74 		.ascii	"uint8_t\000"
 457      385F7400 
 458              	.LASF15:
 459 0125 63795F6D 		.ascii	"cy_meta_flashprotect\000"
 459      6574615F 
 459      666C6173 
 459      6870726F 
 459      74656374 
ARM GAS  C:\Users\Silvan\AppData\Local\Temp\ccbWiqte.s 			page 10


 460              	.LASF14:
 461 013a 63795F6D 		.ascii	"cy_meta_wonvl\000"
 461      6574615F 
 461      776F6E76 
 461      6C00
 462              	.LASF11:
 463 0148 73697A65 		.ascii	"sizetype\000"
 463      74797065 
 463      00
 464              	.LASF6:
 465 0151 6C6F6E67 		.ascii	"long long int\000"
 465      206C6F6E 
 465      6720696E 
 465      7400
 466              	.LASF19:
 467 015f 433A5C55 		.ascii	"C:\\Users\\Silvan\\OneDrive\\Dokumente\\PSoC Creato"
 467      73657273 
 467      5C53696C 
 467      76616E5C 
 467      4F6E6544 
 468 018d 725C5761 		.ascii	"r\\WaveDAC8_Example01\\WaveDAC8_Example01.cydsn\000"
 468      76654441 
 468      43385F45 
 468      78616D70 
 468      6C653031 
 469              	.LASF2:
 470 01bb 73686F72 		.ascii	"short int\000"
 470      7420696E 
 470      7400
 471              	.LASF4:
 472 01c5 6C6F6E67 		.ascii	"long int\000"
 472      20696E74 
 472      00
 473              	.LASF0:
 474 01ce 7369676E 		.ascii	"signed char\000"
 474      65642063 
 474      68617200 
 475              	.LASF18:
 476 01da 47656E65 		.ascii	"Generated_Source\\PSoC5\\cymetadata.c\000"
 476      72617465 
 476      645F536F 
 476      75726365 
 476      5C50536F 
 477              		.ident	"GCC: (GNU Tools for ARM Embedded Processors) 5.4.1 20160609 (release) [ARM/embedded-5-bran
