ARM GAS  C:\Users\Silvan\AppData\Local\Temp\ccW2HGrc.s 			page 1


   1              		.syntax unified
   2              		.cpu cortex-m3
   3              		.fpu softvfp
   4              		.eabi_attribute 20, 1
   5              		.eabi_attribute 21, 1
   6              		.eabi_attribute 23, 3
   7              		.eabi_attribute 24, 1
   8              		.eabi_attribute 25, 1
   9              		.eabi_attribute 26, 1
  10              		.eabi_attribute 30, 6
  11              		.eabi_attribute 34, 1
  12              		.eabi_attribute 18, 4
  13              		.thumb
  14              		.syntax unified
  15              		.file	"freqtable.c"
  16              		.text
  17              	.Ltext0:
  18              		.cfi_sections	.debug_frame
  19              		.global	notes
  20              		.section	.rodata
  21              		.align	2
  22              		.type	notes, %object
  23              		.size	notes, 324
  24              	notes:
  25 0000 433000   		.ascii	"C0\000"
  26 0003 432330   		.ascii	"C#0"
  27 0006 443000   		.ascii	"D0\000"
  28 0009 442330   		.ascii	"D#0"
  29 000c 453000   		.ascii	"E0\000"
  30 000f 463000   		.ascii	"F0\000"
  31 0012 462330   		.ascii	"F#0"
  32 0015 473000   		.ascii	"G0\000"
  33 0018 472330   		.ascii	"G#0"
  34 001b 413000   		.ascii	"A0\000"
  35 001e 412330   		.ascii	"A#0"
  36 0021 423000   		.ascii	"B0\000"
  37 0024 433100   		.ascii	"C1\000"
  38 0027 432331   		.ascii	"C#1"
  39 002a 443100   		.ascii	"D1\000"
  40 002d 442331   		.ascii	"D#1"
  41 0030 453100   		.ascii	"E1\000"
  42 0033 463100   		.ascii	"F1\000"
  43 0036 462331   		.ascii	"F#1"
  44 0039 473100   		.ascii	"G1\000"
  45 003c 472331   		.ascii	"G#1"
  46 003f 413100   		.ascii	"A1\000"
  47 0042 412331   		.ascii	"A#1"
  48 0045 423100   		.ascii	"B1\000"
  49 0048 433200   		.ascii	"C2\000"
  50 004b 432332   		.ascii	"C#2"
  51 004e 443200   		.ascii	"D2\000"
  52 0051 442332   		.ascii	"D#2"
  53 0054 453200   		.ascii	"E2\000"
  54 0057 463200   		.ascii	"F2\000"
  55 005a 462332   		.ascii	"F#2"
  56 005d 473200   		.ascii	"G2\000"
  57 0060 472332   		.ascii	"G#2"
ARM GAS  C:\Users\Silvan\AppData\Local\Temp\ccW2HGrc.s 			page 2


  58 0063 413200   		.ascii	"A2\000"
  59 0066 412332   		.ascii	"A#2"
  60 0069 423200   		.ascii	"B2\000"
  61 006c 433300   		.ascii	"C3\000"
  62 006f 432333   		.ascii	"C#3"
  63 0072 443300   		.ascii	"D3\000"
  64 0075 442333   		.ascii	"D#3"
  65 0078 453300   		.ascii	"E3\000"
  66 007b 463300   		.ascii	"F3\000"
  67 007e 462333   		.ascii	"F#3"
  68 0081 473300   		.ascii	"G3\000"
  69 0084 472333   		.ascii	"G#3"
  70 0087 413300   		.ascii	"A3\000"
  71 008a 412333   		.ascii	"A#3"
  72 008d 423300   		.ascii	"B3\000"
  73 0090 433400   		.ascii	"C4\000"
  74 0093 432334   		.ascii	"C#4"
  75 0096 443400   		.ascii	"D4\000"
  76 0099 442334   		.ascii	"D#4"
  77 009c 453400   		.ascii	"E4\000"
  78 009f 463400   		.ascii	"F4\000"
  79 00a2 462334   		.ascii	"F#4"
  80 00a5 473400   		.ascii	"G4\000"
  81 00a8 472334   		.ascii	"G#4"
  82 00ab 413400   		.ascii	"A4\000"
  83 00ae 412334   		.ascii	"A#4"
  84 00b1 423400   		.ascii	"B4\000"
  85 00b4 433500   		.ascii	"C5\000"
  86 00b7 432335   		.ascii	"C#5"
  87 00ba 443500   		.ascii	"D5\000"
  88 00bd 442335   		.ascii	"D#5"
  89 00c0 453500   		.ascii	"E5\000"
  90 00c3 463500   		.ascii	"F5\000"
  91 00c6 462335   		.ascii	"F#5"
  92 00c9 473500   		.ascii	"G5\000"
  93 00cc 472335   		.ascii	"G#5"
  94 00cf 413500   		.ascii	"A5\000"
  95 00d2 412335   		.ascii	"A#5"
  96 00d5 423500   		.ascii	"B5\000"
  97 00d8 433600   		.ascii	"C6\000"
  98 00db 432336   		.ascii	"C#6"
  99 00de 443600   		.ascii	"D6\000"
 100 00e1 442336   		.ascii	"D#6"
 101 00e4 453600   		.ascii	"E6\000"
 102 00e7 463600   		.ascii	"F6\000"
 103 00ea 462336   		.ascii	"F#6"
 104 00ed 473600   		.ascii	"G6\000"
 105 00f0 472336   		.ascii	"G#6"
 106 00f3 413600   		.ascii	"A6\000"
 107 00f6 412336   		.ascii	"A#6"
 108 00f9 423600   		.ascii	"B6\000"
 109 00fc 433700   		.ascii	"C7\000"
 110 00ff 432337   		.ascii	"C#7"
 111 0102 443700   		.ascii	"D7\000"
 112 0105 442337   		.ascii	"D#7"
 113 0108 453700   		.ascii	"E7\000"
 114 010b 463700   		.ascii	"F7\000"
ARM GAS  C:\Users\Silvan\AppData\Local\Temp\ccW2HGrc.s 			page 3


 115 010e 462337   		.ascii	"F#7"
 116 0111 473700   		.ascii	"G7\000"
 117 0114 472337   		.ascii	"G#7"
 118 0117 413700   		.ascii	"A7\000"
 119 011a 412337   		.ascii	"A#7"
 120 011d 423700   		.ascii	"B7\000"
 121 0120 433800   		.ascii	"C8\000"
 122 0123 432338   		.ascii	"C#8"
 123 0126 443800   		.ascii	"D8\000"
 124 0129 442338   		.ascii	"D#8"
 125 012c 453800   		.ascii	"E8\000"
 126 012f 463800   		.ascii	"F8\000"
 127 0132 462338   		.ascii	"F#8"
 128 0135 473800   		.ascii	"G8\000"
 129 0138 472338   		.ascii	"G#8"
 130 013b 413800   		.ascii	"A8\000"
 131 013e 412338   		.ascii	"A#8"
 132 0141 423800   		.ascii	"B8\000"
 133              		.global	frequency
 134 0144 00000000 		.align	3
 135              		.type	frequency, %object
 136              		.size	frequency, 864
 137              	frequency:
 138 0148 9A999999 		.word	-1717986918
 139 014c 99593040 		.word	1076910489
 140 0150 52B81E85 		.word	-2061584302
 141 0154 EB513140 		.word	1076974059
 142 0158 9A999999 		.word	-1717986918
 143 015c 99593240 		.word	1077041561
 144 0160 33333333 		.word	858993459
 145 0164 33733340 		.word	1077113651
 146 0168 9A999999 		.word	-1717986918
 147 016c 99993440 		.word	1077189017
 148 0170 14AE47E1 		.word	-515396076
 149 0174 7AD43540 		.word	1077269626
 150 0178 1F85EB51 		.word	1374389535
 151 017c B81E3740 		.word	1077354168
 152 0180 00000000 		.word	0
 153 0184 00803840 		.word	1077444608
 154 0188 F6285C8F 		.word	-1889785610
 155 018c C2F53940 		.word	1077540290
 156 0190 00000000 		.word	0
 157 0194 00803B40 		.word	1077641216
 158 0198 A4703D0A 		.word	171798692
 159 019c D7233D40 		.word	1077748695
 160 01a0 1F85EB51 		.word	1374389535
 161 01a4 B8DE3E40 		.word	1077862072
 162 01a8 9A999999 		.word	-1717986918
 163 01ac 99594040 		.word	1077959065
 164 01b0 33333333 		.word	858993459
 165 01b4 33534140 		.word	1078022963
 166 01b8 7B14AE47 		.word	1202590843
 167 01bc E15A4240 		.word	1078090465
 168 01c0 52B81E85 		.word	-2061584302
 169 01c4 EB714340 		.word	1078161899
 170 01c8 9A999999 		.word	-1717986918
 171 01cc 99994440 		.word	1078237593
ARM GAS  C:\Users\Silvan\AppData\Local\Temp\ccW2HGrc.s 			page 4


 172 01d0 33333333 		.word	858993459
 173 01d4 33D34540 		.word	1078317875
 174 01d8 00000000 		.word	0
 175 01dc 00204740 		.word	1078403072
 176 01e0 00000000 		.word	0
 177 01e4 00804840 		.word	1078493184
 178 01e8 14AE47E1 		.word	-515396076
 179 01ec 7AF44940 		.word	1078588538
 180 01f0 00000000 		.word	0
 181 01f4 00804B40 		.word	1078689792
 182 01f8 C3F5285C 		.word	1546188227
 183 01fc 8F224D40 		.word	1078796943
 184 0200 1F85EB51 		.word	1374389535
 185 0204 B8DE4E40 		.word	1078910648
 186 0208 0AD7A370 		.word	1889785610
 187 020c 3D5A5040 		.word	1079007805
 188 0210 33333333 		.word	858993459
 189 0214 33535140 		.word	1079071539
 190 0218 7B14AE47 		.word	1202590843
 191 021c E15A5240 		.word	1079139041
 192 0220 52B81E85 		.word	-2061584302
 193 0224 EB715340 		.word	1079210475
 194 0228 0AD7A370 		.word	1889785610
 195 022c 3D9A5440 		.word	1079286333
 196 0230 A4703D0A 		.word	171798692
 197 0234 D7D35540 		.word	1079366615
 198 0238 00000000 		.word	0
 199 023c 00205740 		.word	1079451648
 200 0240 00000000 		.word	0
 201 0244 00805840 		.word	1079541760
 202 0248 85EB51B8 		.word	-1202590843
 203 024c 1EF55940 		.word	1079637278
 204 0250 00000000 		.word	0
 205 0254 00805B40 		.word	1079738368
 206 0258 C3F5285C 		.word	1546188227
 207 025c 8F225D40 		.word	1079845519
 208 0260 AE47E17A 		.word	2061584302
 209 0264 14DE5E40 		.word	1079959060
 210 0268 52B81E85 		.word	-2061584302
 211 026c EB596040 		.word	1080056299
 212 0270 7B14AE47 		.word	1202590843
 213 0274 E1526140 		.word	1080120033
 214 0278 C3F5285C 		.word	1546188227
 215 027c 8F5A6240 		.word	1080187535
 216 0280 52B81E85 		.word	-2061584302
 217 0284 EB716340 		.word	1080259051
 218 0288 52B81E85 		.word	-2061584302
 219 028c EB996440 		.word	1080334827
 220 0290 EC51B81E 		.word	515396076
 221 0294 85D36540 		.word	1080415109
 222 0298 00000000 		.word	0
 223 029c 00206740 		.word	1080500224
 224 02a0 00000000 		.word	0
 225 02a4 00806840 		.word	1080590336
 226 02a8 CDCCCCCC 		.word	-858993459
 227 02ac CCF46940 		.word	1080685772
 228 02b0 00000000 		.word	0
ARM GAS  C:\Users\Silvan\AppData\Local\Temp\ccW2HGrc.s 			page 5


 229 02b4 00806B40 		.word	1080786944
 230 02b8 C3F5285C 		.word	1546188227
 231 02bc 8F226D40 		.word	1080894095
 232 02c0 AE47E17A 		.word	2061584302
 233 02c4 14DE6E40 		.word	1081007636
 234 02c8 AE47E17A 		.word	2061584302
 235 02cc 145A7040 		.word	1081104916
 236 02d0 7B14AE47 		.word	1202590843
 237 02d4 E1527140 		.word	1081168609
 238 02d8 C3F5285C 		.word	1546188227
 239 02dc 8F5A7240 		.word	1081236111
 240 02e0 AE47E17A 		.word	2061584302
 241 02e4 14727340 		.word	1081307668
 242 02e8 AE47E17A 		.word	2061584302
 243 02ec 149A7440 		.word	1081383444
 244 02f0 48E17A14 		.word	343597384
 245 02f4 AED37540 		.word	1081463726
 246 02f8 A4703D0A 		.word	171798692
 247 02fc D71F7740 		.word	1081548759
 248 0300 00000000 		.word	0
 249 0304 00807840 		.word	1081638912
 250 0308 CDCCCCCC 		.word	-858993459
 251 030c CCF47940 		.word	1081734348
 252 0310 00000000 		.word	0
 253 0314 00807B40 		.word	1081835520
 254 0318 C3F5285C 		.word	1546188227
 255 031c 8F227D40 		.word	1081942671
 256 0320 AE47E17A 		.word	2061584302
 257 0324 14DE7E40 		.word	1082056212
 258 0328 00000000 		.word	0
 259 032c 005A8040 		.word	1082153472
 260 0330 295C8FC2 		.word	-1030792151
 261 0334 F5528140 		.word	1082217205
 262 0338 713D0AD7 		.word	-687194767
 263 033c A35A8240 		.word	1082284707
 264 0340 00000000 		.word	0
 265 0344 00728340 		.word	1082356224
 266 0348 00000000 		.word	0
 267 034c 009A8440 		.word	1082432000
 268 0350 48E17A14 		.word	343597384
 269 0354 AED38540 		.word	1082512302
 270 0358 52B81E85 		.word	-2061584302
 271 035c EB1F8740 		.word	1082597355
 272 0360 52B81E85 		.word	-2061584302
 273 0364 EB7F8840 		.word	1082687467
 274 0368 7B14AE47 		.word	1202590843
 275 036c E1F48940 		.word	1082782945
 276 0370 00000000 		.word	0
 277 0374 00808B40 		.word	1082884096
 278 0378 713D0AD7 		.word	-687194767
 279 037c A3228D40 		.word	1082991267
 280 0380 5C8FC2F5 		.word	-171798692
 281 0384 28DE8E40 		.word	1083104808
 282 0388 00000000 		.word	0
 283 038c 005A9040 		.word	1083202048
 284 0390 52B81E85 		.word	-2061584302
 285 0394 EB529140 		.word	1083265771
ARM GAS  C:\Users\Silvan\AppData\Local\Temp\ccW2HGrc.s 			page 6


 286 0398 713D0AD7 		.word	-687194767
 287 039c A35A9240 		.word	1083333283
 288 03a0 D7A3703D 		.word	1030792151
 289 03a4 0A729340 		.word	1083404810
 290 03a8 D7A3703D 		.word	1030792151
 291 03ac 0A9A9440 		.word	1083480586
 292 03b0 713D0AD7 		.word	-687194767
 293 03b4 A3D39540 		.word	1083560867
 294 03b8 52B81E85 		.word	-2061584302
 295 03bc EB1F9740 		.word	1083645931
 296 03c0 52B81E85 		.word	-2061584302
 297 03c4 EB7F9840 		.word	1083736043
 298 03c8 7B14AE47 		.word	1202590843
 299 03cc E1F49940 		.word	1083831521
 300 03d0 00000000 		.word	0
 301 03d4 00809B40 		.word	1083932672
 302 03d8 713D0AD7 		.word	-687194767
 303 03dc A3229D40 		.word	1084039843
 304 03e0 85EB51B8 		.word	-1202590843
 305 03e4 1EDE9E40 		.word	1084153374
 306 03e8 00000000 		.word	0
 307 03ec 005AA040 		.word	1084250624
 308 03f0 52B81E85 		.word	-2061584302
 309 03f4 EB52A140 		.word	1084314347
 310 03f8 713D0AD7 		.word	-687194767
 311 03fc A35AA240 		.word	1084381859
 312 0400 D7A3703D 		.word	1030792151
 313 0404 0A72A340 		.word	1084453386
 314 0408 D7A3703D 		.word	1030792151
 315 040c 0A9AA440 		.word	1084529162
 316 0410 5C8FC2F5 		.word	-171798692
 317 0414 A8D3A540 		.word	1084609448
 318 0418 52B81E85 		.word	-2061584302
 319 041c EB1FA740 		.word	1084694507
 320 0420 52B81E85 		.word	-2061584302
 321 0424 EB7FA840 		.word	1084784619
 322 0428 7B14AE47 		.word	1202590843
 323 042c E1F4A940 		.word	1084880097
 324 0430 00000000 		.word	0
 325 0434 0080AB40 		.word	1084981248
 326 0438 85EB51B8 		.word	-1202590843
 327 043c 9E22AD40 		.word	1085088414
 328 0440 713D0AD7 		.word	-687194767
 329 0444 23DEAE40 		.word	1085201955
 330 0448 F6285C8F 		.word	-1889785610
 331 044c 025AB040 		.word	1085299202
 332 0450 52B81E85 		.word	-2061584302
 333 0454 EB52B140 		.word	1085362923
 334 0458 7B14AE47 		.word	1202590843
 335 045c A15AB240 		.word	1085430433
 336 0460 E17A14AE 		.word	-1374389535
 337 0464 0772B340 		.word	1085501959
 338 0468 D7A3703D 		.word	1030792151
 339 046c 0A9AB440 		.word	1085577738
 340 0470 66666666 		.word	1717986918
 341 0474 A6D3B540 		.word	1085658022
 342 0478 5C8FC2F5 		.word	-171798692
ARM GAS  C:\Users\Silvan\AppData\Local\Temp\ccW2HGrc.s 			page 7


 343 047c E81FB740 		.word	1085743080
 344 0480 48E17A14 		.word	343597384
 345 0484 EE7FB840 		.word	1085833198
 346 0488 7B14AE47 		.word	1202590843
 347 048c E1F4B940 		.word	1085928673
 348 0490 00000000 		.word	0
 349 0494 0080BB40 		.word	1086029824
 350 0498 85EB51B8 		.word	-1202590843
 351 049c 9E22BD40 		.word	1086136990
 352 04a0 7B14AE47 		.word	1202590843
 353 04a4 21DEBE40 		.word	1086250529
 354              		.text
 355              	.Letext0:
 356              		.file 1 "freqtable.c"
 357              		.section	.debug_info,"",%progbits
 358              	.Ldebug_info0:
 359 0000 8B000000 		.4byte	0x8b
 360 0004 0400     		.2byte	0x4
 361 0006 00000000 		.4byte	.Ldebug_abbrev0
 362 000a 04       		.byte	0x4
 363 000b 01       		.uleb128 0x1
 364 000c 7A000000 		.4byte	.LASF5
 365 0010 0C       		.byte	0xc
 366 0011 08010000 		.4byte	.LASF6
 367 0015 19000000 		.4byte	.LASF7
 368 0019 00000000 		.4byte	.Ldebug_line0
 369 001d 02       		.uleb128 0x2
 370 001e 41000000 		.4byte	0x41
 371 0022 33000000 		.4byte	0x33
 372 0026 03       		.uleb128 0x3
 373 0027 33000000 		.4byte	0x33
 374 002b 6B       		.byte	0x6b
 375 002c 03       		.uleb128 0x3
 376 002d 33000000 		.4byte	0x33
 377 0031 02       		.byte	0x2
 378 0032 00       		.byte	0
 379 0033 04       		.uleb128 0x4
 380 0034 04       		.byte	0x4
 381 0035 07       		.byte	0x7
 382 0036 10000000 		.4byte	.LASF0
 383 003a 04       		.uleb128 0x4
 384 003b 01       		.byte	0x1
 385 003c 08       		.byte	0x8
 386 003d 1B010000 		.4byte	.LASF1
 387 0041 05       		.uleb128 0x5
 388 0042 3A000000 		.4byte	0x3a
 389 0046 06       		.uleb128 0x6
 390 0047 00000000 		.4byte	.LASF3
 391 004b 01       		.byte	0x1
 392 004c 0A       		.byte	0xa
 393 004d 57000000 		.4byte	0x57
 394 0051 05       		.uleb128 0x5
 395 0052 03       		.byte	0x3
 396 0053 00000000 		.4byte	notes
 397 0057 05       		.uleb128 0x5
 398 0058 1D000000 		.4byte	0x1d
 399 005c 02       		.uleb128 0x2
ARM GAS  C:\Users\Silvan\AppData\Local\Temp\ccW2HGrc.s 			page 8


 400 005d 73000000 		.4byte	0x73
 401 0061 6C000000 		.4byte	0x6c
 402 0065 03       		.uleb128 0x3
 403 0066 33000000 		.4byte	0x33
 404 006a 6B       		.byte	0x6b
 405 006b 00       		.byte	0
 406 006c 04       		.uleb128 0x4
 407 006d 08       		.byte	0x8
 408 006e 04       		.byte	0x4
 409 006f 14010000 		.4byte	.LASF2
 410 0073 05       		.uleb128 0x5
 411 0074 6C000000 		.4byte	0x6c
 412 0078 06       		.uleb128 0x6
 413 0079 06000000 		.4byte	.LASF4
 414 007d 01       		.byte	0x1
 415 007e 0B       		.byte	0xb
 416 007f 89000000 		.4byte	0x89
 417 0083 05       		.uleb128 0x5
 418 0084 03       		.byte	0x3
 419 0085 00000000 		.4byte	frequency
 420 0089 05       		.uleb128 0x5
 421 008a 5C000000 		.4byte	0x5c
 422 008e 00       		.byte	0
 423              		.section	.debug_abbrev,"",%progbits
 424              	.Ldebug_abbrev0:
 425 0000 01       		.uleb128 0x1
 426 0001 11       		.uleb128 0x11
 427 0002 01       		.byte	0x1
 428 0003 25       		.uleb128 0x25
 429 0004 0E       		.uleb128 0xe
 430 0005 13       		.uleb128 0x13
 431 0006 0B       		.uleb128 0xb
 432 0007 03       		.uleb128 0x3
 433 0008 0E       		.uleb128 0xe
 434 0009 1B       		.uleb128 0x1b
 435 000a 0E       		.uleb128 0xe
 436 000b 10       		.uleb128 0x10
 437 000c 17       		.uleb128 0x17
 438 000d 00       		.byte	0
 439 000e 00       		.byte	0
 440 000f 02       		.uleb128 0x2
 441 0010 01       		.uleb128 0x1
 442 0011 01       		.byte	0x1
 443 0012 49       		.uleb128 0x49
 444 0013 13       		.uleb128 0x13
 445 0014 01       		.uleb128 0x1
 446 0015 13       		.uleb128 0x13
 447 0016 00       		.byte	0
 448 0017 00       		.byte	0
 449 0018 03       		.uleb128 0x3
 450 0019 21       		.uleb128 0x21
 451 001a 00       		.byte	0
 452 001b 49       		.uleb128 0x49
 453 001c 13       		.uleb128 0x13
 454 001d 2F       		.uleb128 0x2f
 455 001e 0B       		.uleb128 0xb
 456 001f 00       		.byte	0
ARM GAS  C:\Users\Silvan\AppData\Local\Temp\ccW2HGrc.s 			page 9


 457 0020 00       		.byte	0
 458 0021 04       		.uleb128 0x4
 459 0022 24       		.uleb128 0x24
 460 0023 00       		.byte	0
 461 0024 0B       		.uleb128 0xb
 462 0025 0B       		.uleb128 0xb
 463 0026 3E       		.uleb128 0x3e
 464 0027 0B       		.uleb128 0xb
 465 0028 03       		.uleb128 0x3
 466 0029 0E       		.uleb128 0xe
 467 002a 00       		.byte	0
 468 002b 00       		.byte	0
 469 002c 05       		.uleb128 0x5
 470 002d 26       		.uleb128 0x26
 471 002e 00       		.byte	0
 472 002f 49       		.uleb128 0x49
 473 0030 13       		.uleb128 0x13
 474 0031 00       		.byte	0
 475 0032 00       		.byte	0
 476 0033 06       		.uleb128 0x6
 477 0034 34       		.uleb128 0x34
 478 0035 00       		.byte	0
 479 0036 03       		.uleb128 0x3
 480 0037 0E       		.uleb128 0xe
 481 0038 3A       		.uleb128 0x3a
 482 0039 0B       		.uleb128 0xb
 483 003a 3B       		.uleb128 0x3b
 484 003b 0B       		.uleb128 0xb
 485 003c 49       		.uleb128 0x49
 486 003d 13       		.uleb128 0x13
 487 003e 3F       		.uleb128 0x3f
 488 003f 19       		.uleb128 0x19
 489 0040 02       		.uleb128 0x2
 490 0041 18       		.uleb128 0x18
 491 0042 00       		.byte	0
 492 0043 00       		.byte	0
 493 0044 00       		.byte	0
 494              		.section	.debug_aranges,"",%progbits
 495 0000 14000000 		.4byte	0x14
 496 0004 0200     		.2byte	0x2
 497 0006 00000000 		.4byte	.Ldebug_info0
 498 000a 04       		.byte	0x4
 499 000b 00       		.byte	0
 500 000c 0000     		.2byte	0
 501 000e 0000     		.2byte	0
 502 0010 00000000 		.4byte	0
 503 0014 00000000 		.4byte	0
 504              		.section	.debug_line,"",%progbits
 505              	.Ldebug_line0:
 506 0000 28000000 		.section	.debug_str,"MS",%progbits,1
 506      02002200 
 506      00000201 
 506      FB0E0D00 
 506      01010101 
 507              	.LASF3:
 508 0000 6E6F7465 		.ascii	"notes\000"
 508      7300
ARM GAS  C:\Users\Silvan\AppData\Local\Temp\ccW2HGrc.s 			page 10


 509              	.LASF4:
 510 0006 66726571 		.ascii	"frequency\000"
 510      75656E63 
 510      7900
 511              	.LASF0:
 512 0010 73697A65 		.ascii	"sizetype\000"
 512      74797065 
 512      00
 513              	.LASF7:
 514 0019 433A5C55 		.ascii	"C:\\Users\\Silvan\\OneDrive\\GitHubRepos\\PSoC_Audi"
 514      73657273 
 514      5C53696C 
 514      76616E5C 
 514      4F6E6544 
 515 0047 6F5F4D49 		.ascii	"o_MIDI\\WaveDAC8_Example01\\WaveDAC8_Example01.cyds"
 515      44495C57 
 515      61766544 
 515      4143385F 
 515      4578616D 
 516 0078 6E00     		.ascii	"n\000"
 517              	.LASF5:
 518 007a 474E5520 		.ascii	"GNU C11 5.4.1 20160609 (release) [ARM/embedded-5-br"
 518      43313120 
 518      352E342E 
 518      31203230 
 518      31363036 
 519 00ad 616E6368 		.ascii	"anch revision 237715] -mcpu=cortex-m3 -mthumb -g -O"
 519      20726576 
 519      6973696F 
 519      6E203233 
 519      37373135 
 520 00e0 30202D66 		.ascii	"0 -ffunction-sections -ffat-lto-objects\000"
 520      66756E63 
 520      74696F6E 
 520      2D736563 
 520      74696F6E 
 521              	.LASF6:
 522 0108 66726571 		.ascii	"freqtable.c\000"
 522      7461626C 
 522      652E6300 
 523              	.LASF2:
 524 0114 646F7562 		.ascii	"double\000"
 524      6C6500
 525              	.LASF1:
 526 011b 63686172 		.ascii	"char\000"
 526      00
 527              		.ident	"GCC: (GNU Tools for ARM Embedded Processors) 5.4.1 20160609 (release) [ARM/embedded-5-bran
