ARM GAS  C:\Users\Silvan\AppData\Local\Temp\ccXj6f1S.s 			page 1


   1              		.syntax unified
   2              		.cpu cortex-m3
   3              		.fpu softvfp
   4              		.eabi_attribute 20, 1
   5              		.eabi_attribute 21, 1
   6              		.eabi_attribute 23, 3
   7              		.eabi_attribute 24, 1
   8              		.eabi_attribute 25, 1
   9              		.eabi_attribute 26, 1
  10              		.eabi_attribute 30, 6
  11              		.eabi_attribute 34, 1
  12              		.eabi_attribute 18, 4
  13              		.thumb
  14              		.syntax unified
  15              		.file	"WaveDAC8_1.c"
  16              		.text
  17              	.Ltext0:
  18              		.cfi_sections	.debug_frame
  19              		.global	WaveDAC8_1_initVar
  20              		.bss
  21              		.type	WaveDAC8_1_initVar, %object
  22              		.size	WaveDAC8_1_initVar, 1
  23              	WaveDAC8_1_initVar:
  24 0000 00       		.space	1
  25              		.global	WaveDAC8_1_wave1
  26              		.section	.rodata
  27              		.align	2
  28              		.type	WaveDAC8_1_wave1, %object
  29              		.size	WaveDAC8_1_wave1, 100
  30              	WaveDAC8_1_wave1:
  31 0000 80       		.byte	-128
  32 0001 87       		.byte	-121
  33 0002 8F       		.byte	-113
  34 0003 97       		.byte	-105
  35 0004 9F       		.byte	-97
  36 0005 A6       		.byte	-90
  37 0006 AE       		.byte	-82
  38 0007 B5       		.byte	-75
  39 0008 BC       		.byte	-68
  40 0009 C2       		.byte	-62
  41 000a C9       		.byte	-55
  42 000b CF       		.byte	-49
  43 000c D5       		.byte	-43
  44 000d DB       		.byte	-37
  45 000e E0       		.byte	-32
  46 000f E5       		.byte	-27
  47 0010 E9       		.byte	-23
  48 0011 ED       		.byte	-19
  49 0012 F1       		.byte	-15
  50 0013 F4       		.byte	-12
  51 0014 F6       		.byte	-10
  52 0015 F9       		.byte	-7
  53 0016 FA       		.byte	-6
  54 0017 FC       		.byte	-4
  55 0018 FC       		.byte	-4
  56 0019 FC       		.byte	-4
  57 001a FC       		.byte	-4
ARM GAS  C:\Users\Silvan\AppData\Local\Temp\ccXj6f1S.s 			page 2


  58 001b FC       		.byte	-4
  59 001c FA       		.byte	-6
  60 001d F9       		.byte	-7
  61 001e F6       		.byte	-10
  62 001f F4       		.byte	-12
  63 0020 F1       		.byte	-15
  64 0021 ED       		.byte	-19
  65 0022 E9       		.byte	-23
  66 0023 E5       		.byte	-27
  67 0024 E0       		.byte	-32
  68 0025 DB       		.byte	-37
  69 0026 D5       		.byte	-43
  70 0027 CF       		.byte	-49
  71 0028 C9       		.byte	-55
  72 0029 C2       		.byte	-62
  73 002a BC       		.byte	-68
  74 002b B5       		.byte	-75
  75 002c AE       		.byte	-82
  76 002d A6       		.byte	-90
  77 002e 9F       		.byte	-97
  78 002f 97       		.byte	-105
  79 0030 8F       		.byte	-113
  80 0031 87       		.byte	-121
  81 0032 80       		.byte	-128
  82 0033 78       		.byte	120
  83 0034 70       		.byte	112
  84 0035 68       		.byte	104
  85 0036 60       		.byte	96
  86 0037 59       		.byte	89
  87 0038 51       		.byte	81
  88 0039 4A       		.byte	74
  89 003a 43       		.byte	67
  90 003b 3D       		.byte	61
  91 003c 36       		.byte	54
  92 003d 30       		.byte	48
  93 003e 2A       		.byte	42
  94 003f 24       		.byte	36
  95 0040 1F       		.byte	31
  96 0041 1A       		.byte	26
  97 0042 16       		.byte	22
  98 0043 12       		.byte	18
  99 0044 0E       		.byte	14
 100 0045 0B       		.byte	11
 101 0046 09       		.byte	9
 102 0047 06       		.byte	6
 103 0048 05       		.byte	5
 104 0049 03       		.byte	3
 105 004a 03       		.byte	3
 106 004b 03       		.byte	3
 107 004c 03       		.byte	3
 108 004d 03       		.byte	3
 109 004e 05       		.byte	5
 110 004f 06       		.byte	6
 111 0050 09       		.byte	9
 112 0051 0B       		.byte	11
 113 0052 0E       		.byte	14
 114 0053 12       		.byte	18
ARM GAS  C:\Users\Silvan\AppData\Local\Temp\ccXj6f1S.s 			page 3


 115 0054 16       		.byte	22
 116 0055 1A       		.byte	26
 117 0056 1F       		.byte	31
 118 0057 24       		.byte	36
 119 0058 2A       		.byte	42
 120 0059 30       		.byte	48
 121 005a 36       		.byte	54
 122 005b 3D       		.byte	61
 123 005c 43       		.byte	67
 124 005d 4A       		.byte	74
 125 005e 51       		.byte	81
 126 005f 59       		.byte	89
 127 0060 60       		.byte	96
 128 0061 68       		.byte	104
 129 0062 70       		.byte	112
 130 0063 78       		.byte	120
 131              		.global	WaveDAC8_1_wave2
 132              		.align	2
 133              		.type	WaveDAC8_1_wave2, %object
 134              		.size	WaveDAC8_1_wave2, 50
 135              	WaveDAC8_1_wave2:
 136 0064 80       		.byte	-128
 137 0065 8F       		.byte	-113
 138 0066 9F       		.byte	-97
 139 0067 AE       		.byte	-82
 140 0068 BC       		.byte	-68
 141 0069 C9       		.byte	-55
 142 006a D5       		.byte	-43
 143 006b E0       		.byte	-32
 144 006c E9       		.byte	-23
 145 006d F1       		.byte	-15
 146 006e F6       		.byte	-10
 147 006f FA       		.byte	-6
 148 0070 FC       		.byte	-4
 149 0071 FC       		.byte	-4
 150 0072 FA       		.byte	-6
 151 0073 F6       		.byte	-10
 152 0074 F1       		.byte	-15
 153 0075 E9       		.byte	-23
 154 0076 E0       		.byte	-32
 155 0077 D5       		.byte	-43
 156 0078 C9       		.byte	-55
 157 0079 BC       		.byte	-68
 158 007a AE       		.byte	-82
 159 007b 9F       		.byte	-97
 160 007c 8F       		.byte	-113
 161 007d 80       		.byte	-128
 162 007e 70       		.byte	112
 163 007f 60       		.byte	96
 164 0080 51       		.byte	81
 165 0081 43       		.byte	67
 166 0082 36       		.byte	54
 167 0083 2A       		.byte	42
 168 0084 1F       		.byte	31
 169 0085 16       		.byte	22
 170 0086 0E       		.byte	14
 171 0087 09       		.byte	9
ARM GAS  C:\Users\Silvan\AppData\Local\Temp\ccXj6f1S.s 			page 4


 172 0088 05       		.byte	5
 173 0089 03       		.byte	3
 174 008a 03       		.byte	3
 175 008b 05       		.byte	5
 176 008c 09       		.byte	9
 177 008d 0E       		.byte	14
 178 008e 16       		.byte	22
 179 008f 1F       		.byte	31
 180 0090 2A       		.byte	42
 181 0091 36       		.byte	54
 182 0092 43       		.byte	67
 183 0093 51       		.byte	81
 184 0094 60       		.byte	96
 185 0095 70       		.byte	112
 186              		.bss
 187              	WaveDAC8_1_Wave1Chan:
 188 0001 00       		.space	1
 189              	WaveDAC8_1_Wave2Chan:
 190 0002 00       		.space	1
 191              	WaveDAC8_1_Wave1TD:
 192 0003 00       		.space	1
 193              	WaveDAC8_1_Wave2TD:
 194 0004 00       		.space	1
 195              		.section	.text.WaveDAC8_1_Init,"ax",%progbits
 196              		.align	2
 197              		.global	WaveDAC8_1_Init
 198              		.thumb
 199              		.thumb_func
 200              		.type	WaveDAC8_1_Init, %function
 201              	WaveDAC8_1_Init:
 202              	.LFB0:
 203              		.file 1 "Generated_Source\\PSoC5\\WaveDAC8_1.c"
   1:Generated_Source\PSoC5/WaveDAC8_1.c **** /*******************************************************************************
   2:Generated_Source\PSoC5/WaveDAC8_1.c **** * File Name: WaveDAC8_1.c
   3:Generated_Source\PSoC5/WaveDAC8_1.c **** * Version 2.10
   4:Generated_Source\PSoC5/WaveDAC8_1.c **** *
   5:Generated_Source\PSoC5/WaveDAC8_1.c **** * Description:
   6:Generated_Source\PSoC5/WaveDAC8_1.c **** *  This file provides the source code for the 8-bit Waveform DAC 
   7:Generated_Source\PSoC5/WaveDAC8_1.c **** *  (WaveDAC8) Component.
   8:Generated_Source\PSoC5/WaveDAC8_1.c **** *
   9:Generated_Source\PSoC5/WaveDAC8_1.c **** ********************************************************************************
  10:Generated_Source\PSoC5/WaveDAC8_1.c **** * Copyright 2013, Cypress Semiconductor Corporation.  All rights reserved.
  11:Generated_Source\PSoC5/WaveDAC8_1.c **** * You may use this file only in accordance with the license, terms, conditions,
  12:Generated_Source\PSoC5/WaveDAC8_1.c **** * disclaimers, and limitations in the end user license agreement accompanying
  13:Generated_Source\PSoC5/WaveDAC8_1.c **** * the software package with which this file was provided.
  14:Generated_Source\PSoC5/WaveDAC8_1.c **** *******************************************************************************/
  15:Generated_Source\PSoC5/WaveDAC8_1.c **** 
  16:Generated_Source\PSoC5/WaveDAC8_1.c **** #include "WaveDAC8_1.h"
  17:Generated_Source\PSoC5/WaveDAC8_1.c **** 
  18:Generated_Source\PSoC5/WaveDAC8_1.c **** uint8  WaveDAC8_1_initVar = 0u;
  19:Generated_Source\PSoC5/WaveDAC8_1.c **** 
  20:Generated_Source\PSoC5/WaveDAC8_1.c **** const uint8 CYCODE WaveDAC8_1_wave1[WaveDAC8_1_WAVE1_LENGTH] = { 128u,135u,143u,151u,159u,166u,174u
  21:Generated_Source\PSoC5/WaveDAC8_1.c **** const uint8 CYCODE WaveDAC8_1_wave2[WaveDAC8_1_WAVE2_LENGTH] = { 128u,143u,159u,174u,188u,201u,213u
  22:Generated_Source\PSoC5/WaveDAC8_1.c **** 
  23:Generated_Source\PSoC5/WaveDAC8_1.c **** static uint8  WaveDAC8_1_Wave1Chan;
  24:Generated_Source\PSoC5/WaveDAC8_1.c **** static uint8  WaveDAC8_1_Wave2Chan;
  25:Generated_Source\PSoC5/WaveDAC8_1.c **** static uint8  WaveDAC8_1_Wave1TD;
ARM GAS  C:\Users\Silvan\AppData\Local\Temp\ccXj6f1S.s 			page 5


  26:Generated_Source\PSoC5/WaveDAC8_1.c **** static uint8  WaveDAC8_1_Wave2TD;
  27:Generated_Source\PSoC5/WaveDAC8_1.c **** 
  28:Generated_Source\PSoC5/WaveDAC8_1.c **** 
  29:Generated_Source\PSoC5/WaveDAC8_1.c **** /*******************************************************************************
  30:Generated_Source\PSoC5/WaveDAC8_1.c **** * Function Name: WaveDAC8_1_Init
  31:Generated_Source\PSoC5/WaveDAC8_1.c **** ********************************************************************************
  32:Generated_Source\PSoC5/WaveDAC8_1.c **** *
  33:Generated_Source\PSoC5/WaveDAC8_1.c **** * Summary:
  34:Generated_Source\PSoC5/WaveDAC8_1.c **** *  Initializes component with parameters set in the customizer.
  35:Generated_Source\PSoC5/WaveDAC8_1.c **** *
  36:Generated_Source\PSoC5/WaveDAC8_1.c **** * Parameters:  
  37:Generated_Source\PSoC5/WaveDAC8_1.c **** *  None
  38:Generated_Source\PSoC5/WaveDAC8_1.c **** *
  39:Generated_Source\PSoC5/WaveDAC8_1.c **** * Return: 
  40:Generated_Source\PSoC5/WaveDAC8_1.c **** *  None
  41:Generated_Source\PSoC5/WaveDAC8_1.c **** *
  42:Generated_Source\PSoC5/WaveDAC8_1.c **** *******************************************************************************/
  43:Generated_Source\PSoC5/WaveDAC8_1.c **** void WaveDAC8_1_Init(void) 
  44:Generated_Source\PSoC5/WaveDAC8_1.c **** {
 204              		.loc 1 44 0
 205              		.cfi_startproc
 206              		@ args = 0, pretend = 0, frame = 0
 207              		@ frame_needed = 1, uses_anonymous_args = 0
 208 0000 80B5     		push	{r7, lr}
 209              		.cfi_def_cfa_offset 8
 210              		.cfi_offset 7, -8
 211              		.cfi_offset 14, -4
 212 0002 00AF     		add	r7, sp, #0
 213              		.cfi_def_cfa_register 7
  45:Generated_Source\PSoC5/WaveDAC8_1.c **** 	WaveDAC8_1_VDAC8_Init();
 214              		.loc 1 45 0
 215 0004 FFF7FEFF 		bl	WaveDAC8_1_VDAC8_Init
  46:Generated_Source\PSoC5/WaveDAC8_1.c **** 	WaveDAC8_1_VDAC8_SetSpeed(WaveDAC8_1_HIGHSPEED);
 216              		.loc 1 46 0
 217 0008 0220     		movs	r0, #2
 218 000a FFF7FEFF 		bl	WaveDAC8_1_VDAC8_SetSpeed
  47:Generated_Source\PSoC5/WaveDAC8_1.c **** 	WaveDAC8_1_VDAC8_SetRange(WaveDAC8_1_DAC_RANGE);
 219              		.loc 1 47 0
 220 000e 0020     		movs	r0, #0
 221 0010 FFF7FEFF 		bl	WaveDAC8_1_VDAC8_SetRange
  48:Generated_Source\PSoC5/WaveDAC8_1.c **** 
  49:Generated_Source\PSoC5/WaveDAC8_1.c **** 	#if(WaveDAC8_1_DAC_MODE == WaveDAC8_1_CURRENT_MODE)
  50:Generated_Source\PSoC5/WaveDAC8_1.c **** 		WaveDAC8_1_IDAC8_SetPolarity(WaveDAC8_1_DAC_POL);
  51:Generated_Source\PSoC5/WaveDAC8_1.c **** 	#endif /* WaveDAC8_1_DAC_MODE == WaveDAC8_1_CURRENT_MODE */
  52:Generated_Source\PSoC5/WaveDAC8_1.c **** 
  53:Generated_Source\PSoC5/WaveDAC8_1.c **** 	#if(WaveDAC8_1_OUT_MODE == WaveDAC8_1_BUFFER_MODE)
  54:Generated_Source\PSoC5/WaveDAC8_1.c **** 	   WaveDAC8_1_BuffAmp_Init();
 222              		.loc 1 54 0
 223 0014 FFF7FEFF 		bl	WaveDAC8_1_BuffAmp_Init
  55:Generated_Source\PSoC5/WaveDAC8_1.c **** 	#endif /* WaveDAC8_1_OUT_MODE == WaveDAC8_1_BUFFER_MODE */
  56:Generated_Source\PSoC5/WaveDAC8_1.c **** 
  57:Generated_Source\PSoC5/WaveDAC8_1.c **** 	/* Get the TD Number for the DMA channel 1 and 2   */
  58:Generated_Source\PSoC5/WaveDAC8_1.c **** 	WaveDAC8_1_Wave1TD = CyDmaTdAllocate();
 224              		.loc 1 58 0
 225 0018 FFF7FEFF 		bl	CyDmaTdAllocate
 226 001c 0346     		mov	r3, r0
 227 001e 1A46     		mov	r2, r3
ARM GAS  C:\Users\Silvan\AppData\Local\Temp\ccXj6f1S.s 			page 6


 228 0020 084B     		ldr	r3, .L2
 229 0022 1A70     		strb	r2, [r3]
  59:Generated_Source\PSoC5/WaveDAC8_1.c **** 	WaveDAC8_1_Wave2TD = CyDmaTdAllocate();
 230              		.loc 1 59 0
 231 0024 FFF7FEFF 		bl	CyDmaTdAllocate
 232 0028 0346     		mov	r3, r0
 233 002a 1A46     		mov	r2, r3
 234 002c 064B     		ldr	r3, .L2+4
 235 002e 1A70     		strb	r2, [r3]
  60:Generated_Source\PSoC5/WaveDAC8_1.c **** 	
  61:Generated_Source\PSoC5/WaveDAC8_1.c **** 	/* Initialize waveform pointers  */
  62:Generated_Source\PSoC5/WaveDAC8_1.c **** 	WaveDAC8_1_Wave1Setup(WaveDAC8_1_wave1, WaveDAC8_1_WAVE1_LENGTH) ;
 236              		.loc 1 62 0
 237 0030 6421     		movs	r1, #100
 238 0032 0648     		ldr	r0, .L2+8
 239 0034 FFF7FEFF 		bl	WaveDAC8_1_Wave1Setup
  63:Generated_Source\PSoC5/WaveDAC8_1.c **** 	WaveDAC8_1_Wave2Setup(WaveDAC8_1_wave2, WaveDAC8_1_WAVE2_LENGTH) ;
 240              		.loc 1 63 0
 241 0038 3221     		movs	r1, #50
 242 003a 0548     		ldr	r0, .L2+12
 243 003c FFF7FEFF 		bl	WaveDAC8_1_Wave2Setup
  64:Generated_Source\PSoC5/WaveDAC8_1.c **** 	
  65:Generated_Source\PSoC5/WaveDAC8_1.c **** 	/* Initialize the internal clock if one present  */
  66:Generated_Source\PSoC5/WaveDAC8_1.c **** 	#if defined(WaveDAC8_1_DacClk_PHASE)
  67:Generated_Source\PSoC5/WaveDAC8_1.c **** 	   WaveDAC8_1_DacClk_SetPhase(WaveDAC8_1_CLK_PHASE_0nS);
  68:Generated_Source\PSoC5/WaveDAC8_1.c **** 	#endif /* defined(WaveDAC8_1_DacClk_PHASE) */
  69:Generated_Source\PSoC5/WaveDAC8_1.c **** }
 244              		.loc 1 69 0
 245 0040 00BF     		nop
 246 0042 80BD     		pop	{r7, pc}
 247              	.L3:
 248              		.align	2
 249              	.L2:
 250 0044 03000000 		.word	WaveDAC8_1_Wave1TD
 251 0048 04000000 		.word	WaveDAC8_1_Wave2TD
 252 004c 00000000 		.word	WaveDAC8_1_wave1
 253 0050 00000000 		.word	WaveDAC8_1_wave2
 254              		.cfi_endproc
 255              	.LFE0:
 256              		.size	WaveDAC8_1_Init, .-WaveDAC8_1_Init
 257              		.section	.text.WaveDAC8_1_Enable,"ax",%progbits
 258              		.align	2
 259              		.global	WaveDAC8_1_Enable
 260              		.thumb
 261              		.thumb_func
 262              		.type	WaveDAC8_1_Enable, %function
 263              	WaveDAC8_1_Enable:
 264              	.LFB1:
  70:Generated_Source\PSoC5/WaveDAC8_1.c **** 
  71:Generated_Source\PSoC5/WaveDAC8_1.c **** 
  72:Generated_Source\PSoC5/WaveDAC8_1.c **** /*******************************************************************************
  73:Generated_Source\PSoC5/WaveDAC8_1.c **** * Function Name: WaveDAC8_1_Enable
  74:Generated_Source\PSoC5/WaveDAC8_1.c **** ********************************************************************************
  75:Generated_Source\PSoC5/WaveDAC8_1.c **** *  
  76:Generated_Source\PSoC5/WaveDAC8_1.c **** * Summary: 
  77:Generated_Source\PSoC5/WaveDAC8_1.c **** *  Enables the DAC block and DMA operation.
  78:Generated_Source\PSoC5/WaveDAC8_1.c **** *
ARM GAS  C:\Users\Silvan\AppData\Local\Temp\ccXj6f1S.s 			page 7


  79:Generated_Source\PSoC5/WaveDAC8_1.c **** * Parameters:  
  80:Generated_Source\PSoC5/WaveDAC8_1.c **** *  None
  81:Generated_Source\PSoC5/WaveDAC8_1.c **** *
  82:Generated_Source\PSoC5/WaveDAC8_1.c **** * Return: 
  83:Generated_Source\PSoC5/WaveDAC8_1.c **** *  None
  84:Generated_Source\PSoC5/WaveDAC8_1.c **** *
  85:Generated_Source\PSoC5/WaveDAC8_1.c **** *******************************************************************************/
  86:Generated_Source\PSoC5/WaveDAC8_1.c **** void WaveDAC8_1_Enable(void) 
  87:Generated_Source\PSoC5/WaveDAC8_1.c **** {
 265              		.loc 1 87 0
 266              		.cfi_startproc
 267              		@ args = 0, pretend = 0, frame = 0
 268              		@ frame_needed = 1, uses_anonymous_args = 0
 269 0000 80B5     		push	{r7, lr}
 270              		.cfi_def_cfa_offset 8
 271              		.cfi_offset 7, -8
 272              		.cfi_offset 14, -4
 273 0002 00AF     		add	r7, sp, #0
 274              		.cfi_def_cfa_register 7
  88:Generated_Source\PSoC5/WaveDAC8_1.c **** 	WaveDAC8_1_VDAC8_Enable();
 275              		.loc 1 88 0
 276 0004 FFF7FEFF 		bl	WaveDAC8_1_VDAC8_Enable
  89:Generated_Source\PSoC5/WaveDAC8_1.c **** 
  90:Generated_Source\PSoC5/WaveDAC8_1.c **** 	#if(WaveDAC8_1_OUT_MODE == WaveDAC8_1_BUFFER_MODE)
  91:Generated_Source\PSoC5/WaveDAC8_1.c **** 	   WaveDAC8_1_BuffAmp_Enable();
 277              		.loc 1 91 0
 278 0008 FFF7FEFF 		bl	WaveDAC8_1_BuffAmp_Enable
  92:Generated_Source\PSoC5/WaveDAC8_1.c **** 	#endif /* WaveDAC8_1_OUT_MODE == WaveDAC8_1_BUFFER_MODE */
  93:Generated_Source\PSoC5/WaveDAC8_1.c **** 
  94:Generated_Source\PSoC5/WaveDAC8_1.c **** 	/* 
  95:Generated_Source\PSoC5/WaveDAC8_1.c **** 	* Enable the channel. It is configured to remember the TD value so that
  96:Generated_Source\PSoC5/WaveDAC8_1.c **** 	* it can be restored from the place where it has been stopped.
  97:Generated_Source\PSoC5/WaveDAC8_1.c **** 	*/
  98:Generated_Source\PSoC5/WaveDAC8_1.c **** 	(void)CyDmaChEnable(WaveDAC8_1_Wave1Chan, 1u);
 279              		.loc 1 98 0
 280 000c 084B     		ldr	r3, .L5
 281 000e 1B78     		ldrb	r3, [r3]	@ zero_extendqisi2
 282 0010 0121     		movs	r1, #1
 283 0012 1846     		mov	r0, r3
 284 0014 FFF7FEFF 		bl	CyDmaChEnable
  99:Generated_Source\PSoC5/WaveDAC8_1.c **** 	(void)CyDmaChEnable(WaveDAC8_1_Wave2Chan, 1u);
 285              		.loc 1 99 0
 286 0018 064B     		ldr	r3, .L5+4
 287 001a 1B78     		ldrb	r3, [r3]	@ zero_extendqisi2
 288 001c 0121     		movs	r1, #1
 289 001e 1846     		mov	r0, r3
 290 0020 FFF7FEFF 		bl	CyDmaChEnable
 100:Generated_Source\PSoC5/WaveDAC8_1.c **** 	
 101:Generated_Source\PSoC5/WaveDAC8_1.c **** 	/* set the initial value */
 102:Generated_Source\PSoC5/WaveDAC8_1.c **** 	WaveDAC8_1_SetValue(0u);
 291              		.loc 1 102 0
 292 0024 0020     		movs	r0, #0
 293 0026 FFF7FEFF 		bl	WaveDAC8_1_VDAC8_SetValue
 103:Generated_Source\PSoC5/WaveDAC8_1.c **** 	
 104:Generated_Source\PSoC5/WaveDAC8_1.c **** 	#if(WaveDAC8_1_CLOCK_SRC == WaveDAC8_1_CLOCK_INT)  	
 105:Generated_Source\PSoC5/WaveDAC8_1.c **** 	   WaveDAC8_1_DacClk_Start();
 106:Generated_Source\PSoC5/WaveDAC8_1.c **** 	#endif /* WaveDAC8_1_CLOCK_SRC == WaveDAC8_1_CLOCK_INT */
ARM GAS  C:\Users\Silvan\AppData\Local\Temp\ccXj6f1S.s 			page 8


 107:Generated_Source\PSoC5/WaveDAC8_1.c **** }
 294              		.loc 1 107 0
 295 002a 00BF     		nop
 296 002c 80BD     		pop	{r7, pc}
 297              	.L6:
 298 002e 00BF     		.align	2
 299              	.L5:
 300 0030 01000000 		.word	WaveDAC8_1_Wave1Chan
 301 0034 02000000 		.word	WaveDAC8_1_Wave2Chan
 302              		.cfi_endproc
 303              	.LFE1:
 304              		.size	WaveDAC8_1_Enable, .-WaveDAC8_1_Enable
 305              		.section	.text.WaveDAC8_1_Start,"ax",%progbits
 306              		.align	2
 307              		.global	WaveDAC8_1_Start
 308              		.thumb
 309              		.thumb_func
 310              		.type	WaveDAC8_1_Start, %function
 311              	WaveDAC8_1_Start:
 312              	.LFB2:
 108:Generated_Source\PSoC5/WaveDAC8_1.c **** 
 109:Generated_Source\PSoC5/WaveDAC8_1.c **** 
 110:Generated_Source\PSoC5/WaveDAC8_1.c **** /*******************************************************************************
 111:Generated_Source\PSoC5/WaveDAC8_1.c **** * Function Name: WaveDAC8_1_Start
 112:Generated_Source\PSoC5/WaveDAC8_1.c **** ********************************************************************************
 113:Generated_Source\PSoC5/WaveDAC8_1.c **** *
 114:Generated_Source\PSoC5/WaveDAC8_1.c **** * Summary:
 115:Generated_Source\PSoC5/WaveDAC8_1.c **** *  The start function initializes the voltage DAC with the default values, 
 116:Generated_Source\PSoC5/WaveDAC8_1.c **** *  and sets the power to the given level.  A power level of 0, is the same as 
 117:Generated_Source\PSoC5/WaveDAC8_1.c **** *  executing the stop function.
 118:Generated_Source\PSoC5/WaveDAC8_1.c **** *
 119:Generated_Source\PSoC5/WaveDAC8_1.c **** * Parameters:  
 120:Generated_Source\PSoC5/WaveDAC8_1.c **** *  None
 121:Generated_Source\PSoC5/WaveDAC8_1.c **** *
 122:Generated_Source\PSoC5/WaveDAC8_1.c **** * Return: 
 123:Generated_Source\PSoC5/WaveDAC8_1.c **** *  None
 124:Generated_Source\PSoC5/WaveDAC8_1.c **** *
 125:Generated_Source\PSoC5/WaveDAC8_1.c **** * Reentrant:
 126:Generated_Source\PSoC5/WaveDAC8_1.c **** *  No
 127:Generated_Source\PSoC5/WaveDAC8_1.c **** *
 128:Generated_Source\PSoC5/WaveDAC8_1.c **** *******************************************************************************/
 129:Generated_Source\PSoC5/WaveDAC8_1.c **** void WaveDAC8_1_Start(void) 
 130:Generated_Source\PSoC5/WaveDAC8_1.c **** {
 313              		.loc 1 130 0
 314              		.cfi_startproc
 315              		@ args = 0, pretend = 0, frame = 0
 316              		@ frame_needed = 1, uses_anonymous_args = 0
 317 0000 80B5     		push	{r7, lr}
 318              		.cfi_def_cfa_offset 8
 319              		.cfi_offset 7, -8
 320              		.cfi_offset 14, -4
 321 0002 00AF     		add	r7, sp, #0
 322              		.cfi_def_cfa_register 7
 131:Generated_Source\PSoC5/WaveDAC8_1.c **** 	/* If not Initialized then initialize all required hardware and software */
 132:Generated_Source\PSoC5/WaveDAC8_1.c **** 	if(WaveDAC8_1_initVar == 0u)
 323              		.loc 1 132 0
 324 0004 064B     		ldr	r3, .L9
ARM GAS  C:\Users\Silvan\AppData\Local\Temp\ccXj6f1S.s 			page 9


 325 0006 1B78     		ldrb	r3, [r3]	@ zero_extendqisi2
 326 0008 002B     		cmp	r3, #0
 327 000a 04D1     		bne	.L8
 133:Generated_Source\PSoC5/WaveDAC8_1.c **** 	{
 134:Generated_Source\PSoC5/WaveDAC8_1.c **** 		WaveDAC8_1_Init();
 328              		.loc 1 134 0
 329 000c FFF7FEFF 		bl	WaveDAC8_1_Init
 135:Generated_Source\PSoC5/WaveDAC8_1.c **** 		WaveDAC8_1_initVar = 1u;
 330              		.loc 1 135 0
 331 0010 034B     		ldr	r3, .L9
 332 0012 0122     		movs	r2, #1
 333 0014 1A70     		strb	r2, [r3]
 334              	.L8:
 136:Generated_Source\PSoC5/WaveDAC8_1.c **** 	}
 137:Generated_Source\PSoC5/WaveDAC8_1.c **** 	
 138:Generated_Source\PSoC5/WaveDAC8_1.c **** 	WaveDAC8_1_Enable();
 335              		.loc 1 138 0
 336 0016 FFF7FEFF 		bl	WaveDAC8_1_Enable
 139:Generated_Source\PSoC5/WaveDAC8_1.c **** }
 337              		.loc 1 139 0
 338 001a 00BF     		nop
 339 001c 80BD     		pop	{r7, pc}
 340              	.L10:
 341 001e 00BF     		.align	2
 342              	.L9:
 343 0020 00000000 		.word	WaveDAC8_1_initVar
 344              		.cfi_endproc
 345              	.LFE2:
 346              		.size	WaveDAC8_1_Start, .-WaveDAC8_1_Start
 347              		.section	.text.WaveDAC8_1_StartEx,"ax",%progbits
 348              		.align	2
 349              		.global	WaveDAC8_1_StartEx
 350              		.thumb
 351              		.thumb_func
 352              		.type	WaveDAC8_1_StartEx, %function
 353              	WaveDAC8_1_StartEx:
 354              	.LFB3:
 140:Generated_Source\PSoC5/WaveDAC8_1.c **** 
 141:Generated_Source\PSoC5/WaveDAC8_1.c **** 
 142:Generated_Source\PSoC5/WaveDAC8_1.c **** /*******************************************************************************
 143:Generated_Source\PSoC5/WaveDAC8_1.c **** * Function Name: WaveDAC8_1_StartEx
 144:Generated_Source\PSoC5/WaveDAC8_1.c **** ********************************************************************************
 145:Generated_Source\PSoC5/WaveDAC8_1.c **** *
 146:Generated_Source\PSoC5/WaveDAC8_1.c **** * Summary:
 147:Generated_Source\PSoC5/WaveDAC8_1.c **** *  The StartEx function sets pointers and sizes for both waveforms
 148:Generated_Source\PSoC5/WaveDAC8_1.c **** *  and then starts the component.
 149:Generated_Source\PSoC5/WaveDAC8_1.c **** *
 150:Generated_Source\PSoC5/WaveDAC8_1.c **** * Parameters:  
 151:Generated_Source\PSoC5/WaveDAC8_1.c **** *   uint8 * wavePtr1:     Pointer to the waveform 1 array.
 152:Generated_Source\PSoC5/WaveDAC8_1.c **** *   uint16  sampleSize1:  The amount of samples in the waveform 1.
 153:Generated_Source\PSoC5/WaveDAC8_1.c **** *   uint8 * wavePtr2:     Pointer to the waveform 2 array.
 154:Generated_Source\PSoC5/WaveDAC8_1.c **** *   uint16  sampleSize2:  The amount of samples in the waveform 2.
 155:Generated_Source\PSoC5/WaveDAC8_1.c **** *
 156:Generated_Source\PSoC5/WaveDAC8_1.c **** * Return: 
 157:Generated_Source\PSoC5/WaveDAC8_1.c **** *  None
 158:Generated_Source\PSoC5/WaveDAC8_1.c **** *
 159:Generated_Source\PSoC5/WaveDAC8_1.c **** * Reentrant:
ARM GAS  C:\Users\Silvan\AppData\Local\Temp\ccXj6f1S.s 			page 10


 160:Generated_Source\PSoC5/WaveDAC8_1.c **** *  No
 161:Generated_Source\PSoC5/WaveDAC8_1.c **** *
 162:Generated_Source\PSoC5/WaveDAC8_1.c **** *******************************************************************************/
 163:Generated_Source\PSoC5/WaveDAC8_1.c **** void WaveDAC8_1_StartEx(const uint8 * wavePtr1, uint16 sampleSize1, const uint8 * wavePtr2, uint16 
 164:Generated_Source\PSoC5/WaveDAC8_1.c **** 
 165:Generated_Source\PSoC5/WaveDAC8_1.c **** {
 355              		.loc 1 165 0
 356              		.cfi_startproc
 357              		@ args = 0, pretend = 0, frame = 16
 358              		@ frame_needed = 1, uses_anonymous_args = 0
 359 0000 80B5     		push	{r7, lr}
 360              		.cfi_def_cfa_offset 8
 361              		.cfi_offset 7, -8
 362              		.cfi_offset 14, -4
 363 0002 84B0     		sub	sp, sp, #16
 364              		.cfi_def_cfa_offset 24
 365 0004 00AF     		add	r7, sp, #0
 366              		.cfi_def_cfa_register 7
 367 0006 F860     		str	r0, [r7, #12]
 368 0008 7A60     		str	r2, [r7, #4]
 369 000a 1A46     		mov	r2, r3
 370 000c 0B46     		mov	r3, r1	@ movhi
 371 000e 7B81     		strh	r3, [r7, #10]	@ movhi
 372 0010 1346     		mov	r3, r2	@ movhi
 373 0012 3B81     		strh	r3, [r7, #8]	@ movhi
 166:Generated_Source\PSoC5/WaveDAC8_1.c **** 	WaveDAC8_1_Wave1Setup(wavePtr1, sampleSize1);
 374              		.loc 1 166 0
 375 0014 7B89     		ldrh	r3, [r7, #10]
 376 0016 1946     		mov	r1, r3
 377 0018 F868     		ldr	r0, [r7, #12]
 378 001a FFF7FEFF 		bl	WaveDAC8_1_Wave1Setup
 167:Generated_Source\PSoC5/WaveDAC8_1.c **** 	WaveDAC8_1_Wave2Setup(wavePtr2, sampleSize2);
 379              		.loc 1 167 0
 380 001e 3B89     		ldrh	r3, [r7, #8]
 381 0020 1946     		mov	r1, r3
 382 0022 7868     		ldr	r0, [r7, #4]
 383 0024 FFF7FEFF 		bl	WaveDAC8_1_Wave2Setup
 168:Generated_Source\PSoC5/WaveDAC8_1.c **** 	WaveDAC8_1_Start();
 384              		.loc 1 168 0
 385 0028 FFF7FEFF 		bl	WaveDAC8_1_Start
 169:Generated_Source\PSoC5/WaveDAC8_1.c **** }
 386              		.loc 1 169 0
 387 002c 00BF     		nop
 388 002e 1037     		adds	r7, r7, #16
 389              		.cfi_def_cfa_offset 8
 390 0030 BD46     		mov	sp, r7
 391              		.cfi_def_cfa_register 13
 392              		@ sp needed
 393 0032 80BD     		pop	{r7, pc}
 394              		.cfi_endproc
 395              	.LFE3:
 396              		.size	WaveDAC8_1_StartEx, .-WaveDAC8_1_StartEx
 397              		.section	.text.WaveDAC8_1_Stop,"ax",%progbits
 398              		.align	2
 399              		.global	WaveDAC8_1_Stop
 400              		.thumb
 401              		.thumb_func
ARM GAS  C:\Users\Silvan\AppData\Local\Temp\ccXj6f1S.s 			page 11


 402              		.type	WaveDAC8_1_Stop, %function
 403              	WaveDAC8_1_Stop:
 404              	.LFB4:
 170:Generated_Source\PSoC5/WaveDAC8_1.c **** 
 171:Generated_Source\PSoC5/WaveDAC8_1.c **** 
 172:Generated_Source\PSoC5/WaveDAC8_1.c **** /*******************************************************************************
 173:Generated_Source\PSoC5/WaveDAC8_1.c **** * Function Name: WaveDAC8_1_Stop
 174:Generated_Source\PSoC5/WaveDAC8_1.c **** ********************************************************************************
 175:Generated_Source\PSoC5/WaveDAC8_1.c **** *
 176:Generated_Source\PSoC5/WaveDAC8_1.c **** * Summary:
 177:Generated_Source\PSoC5/WaveDAC8_1.c **** *  Stops the clock (if internal), disables the DMA channels
 178:Generated_Source\PSoC5/WaveDAC8_1.c **** *  and powers down the DAC.
 179:Generated_Source\PSoC5/WaveDAC8_1.c **** *
 180:Generated_Source\PSoC5/WaveDAC8_1.c **** * Parameters:  
 181:Generated_Source\PSoC5/WaveDAC8_1.c **** *  None  
 182:Generated_Source\PSoC5/WaveDAC8_1.c **** *
 183:Generated_Source\PSoC5/WaveDAC8_1.c **** * Return: 
 184:Generated_Source\PSoC5/WaveDAC8_1.c **** *  None
 185:Generated_Source\PSoC5/WaveDAC8_1.c **** *
 186:Generated_Source\PSoC5/WaveDAC8_1.c **** *******************************************************************************/
 187:Generated_Source\PSoC5/WaveDAC8_1.c **** void WaveDAC8_1_Stop(void) 
 188:Generated_Source\PSoC5/WaveDAC8_1.c **** {
 405              		.loc 1 188 0
 406              		.cfi_startproc
 407              		@ args = 0, pretend = 0, frame = 0
 408              		@ frame_needed = 1, uses_anonymous_args = 0
 409 0000 80B5     		push	{r7, lr}
 410              		.cfi_def_cfa_offset 8
 411              		.cfi_offset 7, -8
 412              		.cfi_offset 14, -4
 413 0002 00AF     		add	r7, sp, #0
 414              		.cfi_def_cfa_register 7
 189:Generated_Source\PSoC5/WaveDAC8_1.c **** 	/* Turn off internal clock, if one present */
 190:Generated_Source\PSoC5/WaveDAC8_1.c **** 	#if(WaveDAC8_1_CLOCK_SRC == WaveDAC8_1_CLOCK_INT)  	
 191:Generated_Source\PSoC5/WaveDAC8_1.c **** 	   WaveDAC8_1_DacClk_Stop();
 192:Generated_Source\PSoC5/WaveDAC8_1.c **** 	#endif /* WaveDAC8_1_CLOCK_SRC == WaveDAC8_1_CLOCK_INT */
 193:Generated_Source\PSoC5/WaveDAC8_1.c **** 	
 194:Generated_Source\PSoC5/WaveDAC8_1.c **** 	/* Disble DMA channels */
 195:Generated_Source\PSoC5/WaveDAC8_1.c **** 	(void)CyDmaChDisable(WaveDAC8_1_Wave1Chan);
 415              		.loc 1 195 0
 416 0004 064B     		ldr	r3, .L13
 417 0006 1B78     		ldrb	r3, [r3]	@ zero_extendqisi2
 418 0008 1846     		mov	r0, r3
 419 000a FFF7FEFF 		bl	CyDmaChDisable
 196:Generated_Source\PSoC5/WaveDAC8_1.c **** 	(void)CyDmaChDisable(WaveDAC8_1_Wave2Chan);
 420              		.loc 1 196 0
 421 000e 054B     		ldr	r3, .L13+4
 422 0010 1B78     		ldrb	r3, [r3]	@ zero_extendqisi2
 423 0012 1846     		mov	r0, r3
 424 0014 FFF7FEFF 		bl	CyDmaChDisable
 197:Generated_Source\PSoC5/WaveDAC8_1.c **** 
 198:Generated_Source\PSoC5/WaveDAC8_1.c **** 	/* Disable power to DAC */
 199:Generated_Source\PSoC5/WaveDAC8_1.c **** 	WaveDAC8_1_VDAC8_Stop();
 425              		.loc 1 199 0
 426 0018 FFF7FEFF 		bl	WaveDAC8_1_VDAC8_Stop
 200:Generated_Source\PSoC5/WaveDAC8_1.c **** }
 427              		.loc 1 200 0
ARM GAS  C:\Users\Silvan\AppData\Local\Temp\ccXj6f1S.s 			page 12


 428 001c 00BF     		nop
 429 001e 80BD     		pop	{r7, pc}
 430              	.L14:
 431              		.align	2
 432              	.L13:
 433 0020 01000000 		.word	WaveDAC8_1_Wave1Chan
 434 0024 02000000 		.word	WaveDAC8_1_Wave2Chan
 435              		.cfi_endproc
 436              	.LFE4:
 437              		.size	WaveDAC8_1_Stop, .-WaveDAC8_1_Stop
 438              		.section	.text.WaveDAC8_1_Wave1Setup,"ax",%progbits
 439              		.align	2
 440              		.global	WaveDAC8_1_Wave1Setup
 441              		.thumb
 442              		.thumb_func
 443              		.type	WaveDAC8_1_Wave1Setup, %function
 444              	WaveDAC8_1_Wave1Setup:
 445              	.LFB5:
 201:Generated_Source\PSoC5/WaveDAC8_1.c **** 
 202:Generated_Source\PSoC5/WaveDAC8_1.c **** 
 203:Generated_Source\PSoC5/WaveDAC8_1.c **** /*******************************************************************************
 204:Generated_Source\PSoC5/WaveDAC8_1.c **** * Function Name: WaveDAC8_1_Wave1Setup
 205:Generated_Source\PSoC5/WaveDAC8_1.c **** ********************************************************************************
 206:Generated_Source\PSoC5/WaveDAC8_1.c **** *
 207:Generated_Source\PSoC5/WaveDAC8_1.c **** * Summary:
 208:Generated_Source\PSoC5/WaveDAC8_1.c **** *  Sets pointer and size for waveform 1.                                    
 209:Generated_Source\PSoC5/WaveDAC8_1.c **** *
 210:Generated_Source\PSoC5/WaveDAC8_1.c **** * Parameters:  
 211:Generated_Source\PSoC5/WaveDAC8_1.c **** *  uint8 * WavePtr:     Pointer to the waveform array.
 212:Generated_Source\PSoC5/WaveDAC8_1.c **** *  uint16  SampleSize:  The amount of samples in the waveform.
 213:Generated_Source\PSoC5/WaveDAC8_1.c **** *
 214:Generated_Source\PSoC5/WaveDAC8_1.c **** * Return: 
 215:Generated_Source\PSoC5/WaveDAC8_1.c **** *  None 
 216:Generated_Source\PSoC5/WaveDAC8_1.c **** *
 217:Generated_Source\PSoC5/WaveDAC8_1.c **** *******************************************************************************/
 218:Generated_Source\PSoC5/WaveDAC8_1.c **** void WaveDAC8_1_Wave1Setup(const uint8 * wavePtr, uint16 sampleSize)
 219:Generated_Source\PSoC5/WaveDAC8_1.c **** 
 220:Generated_Source\PSoC5/WaveDAC8_1.c **** {
 446              		.loc 1 220 0
 447              		.cfi_startproc
 448              		@ args = 0, pretend = 0, frame = 8
 449              		@ frame_needed = 1, uses_anonymous_args = 0
 450 0000 80B5     		push	{r7, lr}
 451              		.cfi_def_cfa_offset 8
 452              		.cfi_offset 7, -8
 453              		.cfi_offset 14, -4
 454 0002 82B0     		sub	sp, sp, #8
 455              		.cfi_def_cfa_offset 16
 456 0004 00AF     		add	r7, sp, #0
 457              		.cfi_def_cfa_register 7
 458 0006 7860     		str	r0, [r7, #4]
 459 0008 0B46     		mov	r3, r1
 460 000a 7B80     		strh	r3, [r7, #2]	@ movhi
 221:Generated_Source\PSoC5/WaveDAC8_1.c **** 	#if (CY_PSOC3)
 222:Generated_Source\PSoC5/WaveDAC8_1.c **** 		uint16 memoryType; /* determining the source memory type */
 223:Generated_Source\PSoC5/WaveDAC8_1.c **** 		memoryType = (WaveDAC8_1_HI16FLASHPTR == HI16(wavePtr)) ? HI16(CYDEV_FLS_BASE) : HI16(CYDEV_SRAM_
 224:Generated_Source\PSoC5/WaveDAC8_1.c **** 		
ARM GAS  C:\Users\Silvan\AppData\Local\Temp\ccXj6f1S.s 			page 13


 225:Generated_Source\PSoC5/WaveDAC8_1.c **** 		WaveDAC8_1_Wave1Chan = WaveDAC8_1_Wave1_DMA_DmaInitialize(
 226:Generated_Source\PSoC5/WaveDAC8_1.c **** 		WaveDAC8_1_Wave1_DMA_BYTES_PER_BURST, WaveDAC8_1_Wave1_DMA_REQUEST_PER_BURST,
 227:Generated_Source\PSoC5/WaveDAC8_1.c **** 		memoryType, HI16(CYDEV_PERIPH_BASE));
 228:Generated_Source\PSoC5/WaveDAC8_1.c **** 	#else /* PSoC 5 */
 229:Generated_Source\PSoC5/WaveDAC8_1.c **** 		WaveDAC8_1_Wave1Chan = WaveDAC8_1_Wave1_DMA_DmaInitialize(
 230:Generated_Source\PSoC5/WaveDAC8_1.c **** 		WaveDAC8_1_Wave1_DMA_BYTES_PER_BURST, WaveDAC8_1_Wave1_DMA_REQUEST_PER_BURST,
 231:Generated_Source\PSoC5/WaveDAC8_1.c **** 		HI16(wavePtr), HI16(WaveDAC8_1_DAC8__D));
 461              		.loc 1 231 0
 462 000c 7B68     		ldr	r3, [r7, #4]
 463 000e 1B0C     		lsrs	r3, r3, #16
 229:Generated_Source\PSoC5/WaveDAC8_1.c **** 		WaveDAC8_1_Wave1_DMA_BYTES_PER_BURST, WaveDAC8_1_Wave1_DMA_REQUEST_PER_BURST,
 464              		.loc 1 229 0
 465 0010 9AB2     		uxth	r2, r3
 466 0012 4FF48043 		mov	r3, #16384
 467 0016 0121     		movs	r1, #1
 468 0018 0120     		movs	r0, #1
 469 001a FFF7FEFF 		bl	WaveDAC8_1_Wave1_DMA_DmaInitialize
 470 001e 0346     		mov	r3, r0
 471 0020 1A46     		mov	r2, r3
 472 0022 0F4B     		ldr	r3, .L16
 473 0024 1A70     		strb	r2, [r3]
 232:Generated_Source\PSoC5/WaveDAC8_1.c **** 	#endif /* CY_PSOC3 */
 233:Generated_Source\PSoC5/WaveDAC8_1.c **** 	
 234:Generated_Source\PSoC5/WaveDAC8_1.c **** 	/*
 235:Generated_Source\PSoC5/WaveDAC8_1.c **** 	* TD is looping on itself. 
 236:Generated_Source\PSoC5/WaveDAC8_1.c ****     * Increment the source address, but not the destination address. 
 237:Generated_Source\PSoC5/WaveDAC8_1.c **** 	*/
 238:Generated_Source\PSoC5/WaveDAC8_1.c **** 	(void)CyDmaTdSetConfiguration(WaveDAC8_1_Wave1TD, sampleSize, WaveDAC8_1_Wave1TD, 
 474              		.loc 1 238 0
 475 0026 0F4B     		ldr	r3, .L16+4
 476 0028 1878     		ldrb	r0, [r3]	@ zero_extendqisi2
 477 002a 0E4B     		ldr	r3, .L16+4
 478 002c 1A78     		ldrb	r2, [r3]	@ zero_extendqisi2
 479 002e 7988     		ldrh	r1, [r7, #2]
 480 0030 0123     		movs	r3, #1
 481 0032 FFF7FEFF 		bl	CyDmaTdSetConfiguration
 239:Generated_Source\PSoC5/WaveDAC8_1.c ****                                     (uint8)CY_DMA_TD_INC_SRC_ADR | (uint8)WaveDAC8_1_Wave1_DMA__TD_
 240:Generated_Source\PSoC5/WaveDAC8_1.c **** 	
 241:Generated_Source\PSoC5/WaveDAC8_1.c **** 	/* Set the TD source and destination address */
 242:Generated_Source\PSoC5/WaveDAC8_1.c **** 	(void)CyDmaTdSetAddress(WaveDAC8_1_Wave1TD, LO16((uint32)wavePtr), LO16(WaveDAC8_1_DAC8__D));
 482              		.loc 1 242 0
 483 0036 0B4B     		ldr	r3, .L16+4
 484 0038 1B78     		ldrb	r3, [r3]	@ zero_extendqisi2
 485 003a 7A68     		ldr	r2, [r7, #4]
 486 003c 91B2     		uxth	r1, r2
 487 003e 45F68332 		movw	r2, #23427
 488 0042 1846     		mov	r0, r3
 489 0044 FFF7FEFF 		bl	CyDmaTdSetAddress
 243:Generated_Source\PSoC5/WaveDAC8_1.c **** 	
 244:Generated_Source\PSoC5/WaveDAC8_1.c **** 	/* Associate the TD with the channel */
 245:Generated_Source\PSoC5/WaveDAC8_1.c **** 	(void)CyDmaChSetInitialTd(WaveDAC8_1_Wave1Chan, WaveDAC8_1_Wave1TD);
 490              		.loc 1 245 0
 491 0048 054B     		ldr	r3, .L16
 492 004a 1A78     		ldrb	r2, [r3]	@ zero_extendqisi2
 493 004c 054B     		ldr	r3, .L16+4
 494 004e 1B78     		ldrb	r3, [r3]	@ zero_extendqisi2
 495 0050 1946     		mov	r1, r3
ARM GAS  C:\Users\Silvan\AppData\Local\Temp\ccXj6f1S.s 			page 14


 496 0052 1046     		mov	r0, r2
 497 0054 FFF7FEFF 		bl	CyDmaChSetInitialTd
 246:Generated_Source\PSoC5/WaveDAC8_1.c **** }
 498              		.loc 1 246 0
 499 0058 00BF     		nop
 500 005a 0837     		adds	r7, r7, #8
 501              		.cfi_def_cfa_offset 8
 502 005c BD46     		mov	sp, r7
 503              		.cfi_def_cfa_register 13
 504              		@ sp needed
 505 005e 80BD     		pop	{r7, pc}
 506              	.L17:
 507              		.align	2
 508              	.L16:
 509 0060 01000000 		.word	WaveDAC8_1_Wave1Chan
 510 0064 03000000 		.word	WaveDAC8_1_Wave1TD
 511              		.cfi_endproc
 512              	.LFE5:
 513              		.size	WaveDAC8_1_Wave1Setup, .-WaveDAC8_1_Wave1Setup
 514              		.section	.text.WaveDAC8_1_Wave2Setup,"ax",%progbits
 515              		.align	2
 516              		.global	WaveDAC8_1_Wave2Setup
 517              		.thumb
 518              		.thumb_func
 519              		.type	WaveDAC8_1_Wave2Setup, %function
 520              	WaveDAC8_1_Wave2Setup:
 521              	.LFB6:
 247:Generated_Source\PSoC5/WaveDAC8_1.c **** 
 248:Generated_Source\PSoC5/WaveDAC8_1.c **** 
 249:Generated_Source\PSoC5/WaveDAC8_1.c **** /*******************************************************************************
 250:Generated_Source\PSoC5/WaveDAC8_1.c **** * Function Name: WaveDAC8_1_Wave2Setup
 251:Generated_Source\PSoC5/WaveDAC8_1.c **** ********************************************************************************
 252:Generated_Source\PSoC5/WaveDAC8_1.c **** *
 253:Generated_Source\PSoC5/WaveDAC8_1.c **** * Summary:
 254:Generated_Source\PSoC5/WaveDAC8_1.c **** *  Sets pointer and size for waveform 2.                                    
 255:Generated_Source\PSoC5/WaveDAC8_1.c **** *
 256:Generated_Source\PSoC5/WaveDAC8_1.c **** * Parameters:  
 257:Generated_Source\PSoC5/WaveDAC8_1.c **** *  uint8 * WavePtr:     Pointer to the waveform array.
 258:Generated_Source\PSoC5/WaveDAC8_1.c **** *  uint16  SampleSize:  The amount of samples in the waveform.
 259:Generated_Source\PSoC5/WaveDAC8_1.c **** *
 260:Generated_Source\PSoC5/WaveDAC8_1.c **** * Return: 
 261:Generated_Source\PSoC5/WaveDAC8_1.c **** *  None
 262:Generated_Source\PSoC5/WaveDAC8_1.c **** *
 263:Generated_Source\PSoC5/WaveDAC8_1.c **** *******************************************************************************/
 264:Generated_Source\PSoC5/WaveDAC8_1.c **** void WaveDAC8_1_Wave2Setup(const uint8 * wavePtr, uint16 sampleSize)
 265:Generated_Source\PSoC5/WaveDAC8_1.c ****  
 266:Generated_Source\PSoC5/WaveDAC8_1.c **** {
 522              		.loc 1 266 0
 523              		.cfi_startproc
 524              		@ args = 0, pretend = 0, frame = 8
 525              		@ frame_needed = 1, uses_anonymous_args = 0
 526 0000 80B5     		push	{r7, lr}
 527              		.cfi_def_cfa_offset 8
 528              		.cfi_offset 7, -8
 529              		.cfi_offset 14, -4
 530 0002 82B0     		sub	sp, sp, #8
 531              		.cfi_def_cfa_offset 16
ARM GAS  C:\Users\Silvan\AppData\Local\Temp\ccXj6f1S.s 			page 15


 532 0004 00AF     		add	r7, sp, #0
 533              		.cfi_def_cfa_register 7
 534 0006 7860     		str	r0, [r7, #4]
 535 0008 0B46     		mov	r3, r1
 536 000a 7B80     		strh	r3, [r7, #2]	@ movhi
 267:Generated_Source\PSoC5/WaveDAC8_1.c **** 	#if (CY_PSOC3)
 268:Generated_Source\PSoC5/WaveDAC8_1.c **** 		uint16 memoryType; /* determining the source memory type */
 269:Generated_Source\PSoC5/WaveDAC8_1.c **** 		memoryType = (WaveDAC8_1_HI16FLASHPTR == HI16(wavePtr)) ? HI16(CYDEV_FLS_BASE) : HI16(CYDEV_SRAM_
 270:Generated_Source\PSoC5/WaveDAC8_1.c **** 			
 271:Generated_Source\PSoC5/WaveDAC8_1.c **** 		WaveDAC8_1_Wave2Chan = WaveDAC8_1_Wave2_DMA_DmaInitialize(
 272:Generated_Source\PSoC5/WaveDAC8_1.c **** 		WaveDAC8_1_Wave2_DMA_BYTES_PER_BURST, WaveDAC8_1_Wave2_DMA_REQUEST_PER_BURST,
 273:Generated_Source\PSoC5/WaveDAC8_1.c **** 		memoryType, HI16(CYDEV_PERIPH_BASE));
 274:Generated_Source\PSoC5/WaveDAC8_1.c **** 	#else /* PSoC 5 */
 275:Generated_Source\PSoC5/WaveDAC8_1.c **** 		WaveDAC8_1_Wave2Chan = WaveDAC8_1_Wave2_DMA_DmaInitialize(
 276:Generated_Source\PSoC5/WaveDAC8_1.c **** 		WaveDAC8_1_Wave2_DMA_BYTES_PER_BURST, WaveDAC8_1_Wave2_DMA_REQUEST_PER_BURST,
 277:Generated_Source\PSoC5/WaveDAC8_1.c **** 		HI16(wavePtr), HI16(WaveDAC8_1_DAC8__D));
 537              		.loc 1 277 0
 538 000c 7B68     		ldr	r3, [r7, #4]
 539 000e 1B0C     		lsrs	r3, r3, #16
 275:Generated_Source\PSoC5/WaveDAC8_1.c **** 		WaveDAC8_1_Wave2_DMA_BYTES_PER_BURST, WaveDAC8_1_Wave2_DMA_REQUEST_PER_BURST,
 540              		.loc 1 275 0
 541 0010 9AB2     		uxth	r2, r3
 542 0012 4FF48043 		mov	r3, #16384
 543 0016 0121     		movs	r1, #1
 544 0018 0120     		movs	r0, #1
 545 001a FFF7FEFF 		bl	WaveDAC8_1_Wave2_DMA_DmaInitialize
 546 001e 0346     		mov	r3, r0
 547 0020 1A46     		mov	r2, r3
 548 0022 0F4B     		ldr	r3, .L19
 549 0024 1A70     		strb	r2, [r3]
 278:Generated_Source\PSoC5/WaveDAC8_1.c **** 	#endif /* CY_PSOC3 */
 279:Generated_Source\PSoC5/WaveDAC8_1.c **** 	
 280:Generated_Source\PSoC5/WaveDAC8_1.c **** 	/*
 281:Generated_Source\PSoC5/WaveDAC8_1.c **** 	* TD is looping on itself. 
 282:Generated_Source\PSoC5/WaveDAC8_1.c **** 	* Increment the source address, but not the destination address. 
 283:Generated_Source\PSoC5/WaveDAC8_1.c **** 	*/
 284:Generated_Source\PSoC5/WaveDAC8_1.c **** 	(void)CyDmaTdSetConfiguration(WaveDAC8_1_Wave2TD, sampleSize, WaveDAC8_1_Wave2TD, 
 550              		.loc 1 284 0
 551 0026 0F4B     		ldr	r3, .L19+4
 552 0028 1878     		ldrb	r0, [r3]	@ zero_extendqisi2
 553 002a 0E4B     		ldr	r3, .L19+4
 554 002c 1A78     		ldrb	r2, [r3]	@ zero_extendqisi2
 555 002e 7988     		ldrh	r1, [r7, #2]
 556 0030 0123     		movs	r3, #1
 557 0032 FFF7FEFF 		bl	CyDmaTdSetConfiguration
 285:Generated_Source\PSoC5/WaveDAC8_1.c ****                                     (uint8)CY_DMA_TD_INC_SRC_ADR | (uint8)WaveDAC8_1_Wave2_DMA__TD_
 286:Generated_Source\PSoC5/WaveDAC8_1.c **** 	
 287:Generated_Source\PSoC5/WaveDAC8_1.c **** 	/* Set the TD source and destination address */
 288:Generated_Source\PSoC5/WaveDAC8_1.c **** 	(void)CyDmaTdSetAddress(WaveDAC8_1_Wave2TD, LO16((uint32)wavePtr), LO16(WaveDAC8_1_DAC8__D));
 558              		.loc 1 288 0
 559 0036 0B4B     		ldr	r3, .L19+4
 560 0038 1B78     		ldrb	r3, [r3]	@ zero_extendqisi2
 561 003a 7A68     		ldr	r2, [r7, #4]
 562 003c 91B2     		uxth	r1, r2
 563 003e 45F68332 		movw	r2, #23427
 564 0042 1846     		mov	r0, r3
 565 0044 FFF7FEFF 		bl	CyDmaTdSetAddress
ARM GAS  C:\Users\Silvan\AppData\Local\Temp\ccXj6f1S.s 			page 16


 289:Generated_Source\PSoC5/WaveDAC8_1.c **** 	
 290:Generated_Source\PSoC5/WaveDAC8_1.c **** 	/* Associate the TD with the channel */
 291:Generated_Source\PSoC5/WaveDAC8_1.c **** 	(void)CyDmaChSetInitialTd(WaveDAC8_1_Wave2Chan, WaveDAC8_1_Wave2TD);
 566              		.loc 1 291 0
 567 0048 054B     		ldr	r3, .L19
 568 004a 1A78     		ldrb	r2, [r3]	@ zero_extendqisi2
 569 004c 054B     		ldr	r3, .L19+4
 570 004e 1B78     		ldrb	r3, [r3]	@ zero_extendqisi2
 571 0050 1946     		mov	r1, r3
 572 0052 1046     		mov	r0, r2
 573 0054 FFF7FEFF 		bl	CyDmaChSetInitialTd
 292:Generated_Source\PSoC5/WaveDAC8_1.c **** }
 574              		.loc 1 292 0
 575 0058 00BF     		nop
 576 005a 0837     		adds	r7, r7, #8
 577              		.cfi_def_cfa_offset 8
 578 005c BD46     		mov	sp, r7
 579              		.cfi_def_cfa_register 13
 580              		@ sp needed
 581 005e 80BD     		pop	{r7, pc}
 582              	.L20:
 583              		.align	2
 584              	.L19:
 585 0060 02000000 		.word	WaveDAC8_1_Wave2Chan
 586 0064 04000000 		.word	WaveDAC8_1_Wave2TD
 587              		.cfi_endproc
 588              	.LFE6:
 589              		.size	WaveDAC8_1_Wave2Setup, .-WaveDAC8_1_Wave2Setup
 590              		.text
 591              	.Letext0:
 592              		.file 2 "Generated_Source\\PSoC5\\cytypes.h"
 593              		.section	.debug_info,"",%progbits
 594              	.Ldebug_info0:
 595 0000 54020000 		.4byte	0x254
 596 0004 0400     		.2byte	0x4
 597 0006 00000000 		.4byte	.Ldebug_abbrev0
 598 000a 04       		.byte	0x4
 599 000b 01       		.uleb128 0x1
 600 000c 13000000 		.4byte	.LASF37
 601 0010 0C       		.byte	0xc
 602 0011 CB010000 		.4byte	.LASF38
 603 0015 94020000 		.4byte	.LASF39
 604 0019 00000000 		.4byte	.Ldebug_ranges0+0
 605 001d 00000000 		.4byte	0
 606 0021 00000000 		.4byte	.Ldebug_line0
 607 0025 02       		.uleb128 0x2
 608 0026 01       		.byte	0x1
 609 0027 06       		.byte	0x6
 610 0028 0A030000 		.4byte	.LASF0
 611 002c 02       		.uleb128 0x2
 612 002d 01       		.byte	0x1
 613 002e 08       		.byte	0x8
 614 002f B0010000 		.4byte	.LASF1
 615 0033 02       		.uleb128 0x2
 616 0034 02       		.byte	0x2
 617 0035 05       		.byte	0x5
 618 0036 98010000 		.4byte	.LASF2
ARM GAS  C:\Users\Silvan\AppData\Local\Temp\ccXj6f1S.s 			page 17


 619 003a 02       		.uleb128 0x2
 620 003b 02       		.byte	0x2
 621 003c 07       		.byte	0x7
 622 003d C6000000 		.4byte	.LASF3
 623 0041 02       		.uleb128 0x2
 624 0042 04       		.byte	0x4
 625 0043 05       		.byte	0x5
 626 0044 F5020000 		.4byte	.LASF4
 627 0048 02       		.uleb128 0x2
 628 0049 04       		.byte	0x4
 629 004a 07       		.byte	0x7
 630 004b 33010000 		.4byte	.LASF5
 631 004f 02       		.uleb128 0x2
 632 0050 08       		.byte	0x8
 633 0051 05       		.byte	0x5
 634 0052 22020000 		.4byte	.LASF6
 635 0056 02       		.uleb128 0x2
 636 0057 08       		.byte	0x8
 637 0058 07       		.byte	0x7
 638 0059 EF010000 		.4byte	.LASF7
 639 005d 03       		.uleb128 0x3
 640 005e 04       		.byte	0x4
 641 005f 05       		.byte	0x5
 642 0060 696E7400 		.ascii	"int\000"
 643 0064 02       		.uleb128 0x2
 644 0065 04       		.byte	0x4
 645 0066 07       		.byte	0x7
 646 0067 BE010000 		.4byte	.LASF8
 647 006b 04       		.uleb128 0x4
 648 006c 4D010000 		.4byte	.LASF9
 649 0070 02       		.byte	0x2
 650 0071 9201     		.2byte	0x192
 651 0073 2C000000 		.4byte	0x2c
 652 0077 04       		.uleb128 0x4
 653 0078 A2010000 		.4byte	.LASF10
 654 007c 02       		.byte	0x2
 655 007d 9301     		.2byte	0x193
 656 007f 3A000000 		.4byte	0x3a
 657 0083 04       		.uleb128 0x4
 658 0084 A9010000 		.4byte	.LASF11
 659 0088 02       		.byte	0x2
 660 0089 9401     		.2byte	0x194
 661 008b 48000000 		.4byte	0x48
 662 008f 02       		.uleb128 0x2
 663 0090 04       		.byte	0x4
 664 0091 04       		.byte	0x4
 665 0092 0F010000 		.4byte	.LASF12
 666 0096 02       		.uleb128 0x2
 667 0097 08       		.byte	0x8
 668 0098 04       		.byte	0x4
 669 0099 81010000 		.4byte	.LASF13
 670 009d 02       		.uleb128 0x2
 671 009e 01       		.byte	0x1
 672 009f 08       		.byte	0x8
 673 00a0 30020000 		.4byte	.LASF14
 674 00a4 02       		.uleb128 0x2
 675 00a5 08       		.byte	0x8
ARM GAS  C:\Users\Silvan\AppData\Local\Temp\ccXj6f1S.s 			page 18


 676 00a6 04       		.byte	0x4
 677 00a7 FE020000 		.4byte	.LASF15
 678 00ab 02       		.uleb128 0x2
 679 00ac 04       		.byte	0x4
 680 00ad 07       		.byte	0x7
 681 00ae 19020000 		.4byte	.LASF16
 682 00b2 05       		.uleb128 0x5
 683 00b3 B6000000 		.4byte	.LASF17
 684 00b7 01       		.byte	0x1
 685 00b8 2B       		.byte	0x2b
 686 00b9 00000000 		.4byte	.LFB0
 687 00bd 54000000 		.4byte	.LFE0-.LFB0
 688 00c1 01       		.uleb128 0x1
 689 00c2 9C       		.byte	0x9c
 690 00c3 05       		.uleb128 0x5
 691 00c4 4B020000 		.4byte	.LASF18
 692 00c8 01       		.byte	0x1
 693 00c9 56       		.byte	0x56
 694 00ca 00000000 		.4byte	.LFB1
 695 00ce 38000000 		.4byte	.LFE1-.LFB1
 696 00d2 01       		.uleb128 0x1
 697 00d3 9C       		.byte	0x9c
 698 00d4 05       		.uleb128 0x5
 699 00d5 D9000000 		.4byte	.LASF19
 700 00d9 01       		.byte	0x1
 701 00da 81       		.byte	0x81
 702 00db 00000000 		.4byte	.LFB2
 703 00df 24000000 		.4byte	.LFE2-.LFB2
 704 00e3 01       		.uleb128 0x1
 705 00e4 9C       		.byte	0x9c
 706 00e5 06       		.uleb128 0x6
 707 00e6 FC000000 		.4byte	.LASF25
 708 00ea 01       		.byte	0x1
 709 00eb A3       		.byte	0xa3
 710 00ec 00000000 		.4byte	.LFB3
 711 00f0 34000000 		.4byte	.LFE3-.LFB3
 712 00f4 01       		.uleb128 0x1
 713 00f5 9C       		.byte	0x9c
 714 00f6 33010000 		.4byte	0x133
 715 00fa 07       		.uleb128 0x7
 716 00fb EA000000 		.4byte	.LASF20
 717 00ff 01       		.byte	0x1
 718 0100 A3       		.byte	0xa3
 719 0101 33010000 		.4byte	0x133
 720 0105 02       		.uleb128 0x2
 721 0106 91       		.byte	0x91
 722 0107 74       		.sleb128 -12
 723 0108 07       		.uleb128 0x7
 724 0109 53010000 		.4byte	.LASF21
 725 010d 01       		.byte	0x1
 726 010e A3       		.byte	0xa3
 727 010f 77000000 		.4byte	0x77
 728 0113 02       		.uleb128 0x2
 729 0114 91       		.byte	0x91
 730 0115 72       		.sleb128 -14
 731 0116 07       		.uleb128 0x7
 732 0117 F3000000 		.4byte	.LASF22
ARM GAS  C:\Users\Silvan\AppData\Local\Temp\ccXj6f1S.s 			page 19


 733 011b 01       		.byte	0x1
 734 011c A3       		.byte	0xa3
 735 011d 33010000 		.4byte	0x133
 736 0121 02       		.uleb128 0x2
 737 0122 91       		.byte	0x91
 738 0123 6C       		.sleb128 -20
 739 0124 07       		.uleb128 0x7
 740 0125 5F010000 		.4byte	.LASF23
 741 0129 01       		.byte	0x1
 742 012a A3       		.byte	0xa3
 743 012b 77000000 		.4byte	0x77
 744 012f 02       		.uleb128 0x2
 745 0130 91       		.byte	0x91
 746 0131 70       		.sleb128 -16
 747 0132 00       		.byte	0
 748 0133 08       		.uleb128 0x8
 749 0134 04       		.byte	0x4
 750 0135 39010000 		.4byte	0x139
 751 0139 09       		.uleb128 0x9
 752 013a 6B000000 		.4byte	0x6b
 753 013e 05       		.uleb128 0x5
 754 013f 88010000 		.4byte	.LASF24
 755 0143 01       		.byte	0x1
 756 0144 BB       		.byte	0xbb
 757 0145 00000000 		.4byte	.LFB4
 758 0149 28000000 		.4byte	.LFE4-.LFB4
 759 014d 01       		.uleb128 0x1
 760 014e 9C       		.byte	0x9c
 761 014f 06       		.uleb128 0x6
 762 0150 6B010000 		.4byte	.LASF26
 763 0154 01       		.byte	0x1
 764 0155 DA       		.byte	0xda
 765 0156 00000000 		.4byte	.LFB5
 766 015a 68000000 		.4byte	.LFE5-.LFB5
 767 015e 01       		.uleb128 0x1
 768 015f 9C       		.byte	0x9c
 769 0160 81010000 		.4byte	0x181
 770 0164 07       		.uleb128 0x7
 771 0165 45010000 		.4byte	.LASF27
 772 0169 01       		.byte	0x1
 773 016a DA       		.byte	0xda
 774 016b 33010000 		.4byte	0x133
 775 016f 02       		.uleb128 0x2
 776 0170 91       		.byte	0x91
 777 0171 74       		.sleb128 -12
 778 0172 07       		.uleb128 0x7
 779 0173 28010000 		.4byte	.LASF28
 780 0177 01       		.byte	0x1
 781 0178 DA       		.byte	0xda
 782 0179 77000000 		.4byte	0x77
 783 017d 02       		.uleb128 0x2
 784 017e 91       		.byte	0x91
 785 017f 72       		.sleb128 -14
 786 0180 00       		.byte	0
 787 0181 0A       		.uleb128 0xa
 788 0182 35020000 		.4byte	.LASF29
 789 0186 01       		.byte	0x1
ARM GAS  C:\Users\Silvan\AppData\Local\Temp\ccXj6f1S.s 			page 20


 790 0187 0801     		.2byte	0x108
 791 0189 00000000 		.4byte	.LFB6
 792 018d 68000000 		.4byte	.LFE6-.LFB6
 793 0191 01       		.uleb128 0x1
 794 0192 9C       		.byte	0x9c
 795 0193 B6010000 		.4byte	0x1b6
 796 0197 0B       		.uleb128 0xb
 797 0198 45010000 		.4byte	.LASF27
 798 019c 01       		.byte	0x1
 799 019d 0801     		.2byte	0x108
 800 019f 33010000 		.4byte	0x133
 801 01a3 02       		.uleb128 0x2
 802 01a4 91       		.byte	0x91
 803 01a5 74       		.sleb128 -12
 804 01a6 0B       		.uleb128 0xb
 805 01a7 28010000 		.4byte	.LASF28
 806 01ab 01       		.byte	0x1
 807 01ac 0801     		.2byte	0x108
 808 01ae 77000000 		.4byte	0x77
 809 01b2 02       		.uleb128 0x2
 810 01b3 91       		.byte	0x91
 811 01b4 72       		.sleb128 -14
 812 01b5 00       		.byte	0
 813 01b6 0C       		.uleb128 0xc
 814 01b7 7F020000 		.4byte	.LASF30
 815 01bb 01       		.byte	0x1
 816 01bc 17       		.byte	0x17
 817 01bd 6B000000 		.4byte	0x6b
 818 01c1 05       		.uleb128 0x5
 819 01c2 03       		.byte	0x3
 820 01c3 01000000 		.4byte	WaveDAC8_1_Wave1Chan
 821 01c7 0C       		.uleb128 0xc
 822 01c8 A1000000 		.4byte	.LASF31
 823 01cc 01       		.byte	0x1
 824 01cd 18       		.byte	0x18
 825 01ce 6B000000 		.4byte	0x6b
 826 01d2 05       		.uleb128 0x5
 827 01d3 03       		.byte	0x3
 828 01d4 02000000 		.4byte	WaveDAC8_1_Wave2Chan
 829 01d8 0C       		.uleb128 0xc
 830 01d9 15010000 		.4byte	.LASF32
 831 01dd 01       		.byte	0x1
 832 01de 19       		.byte	0x19
 833 01df 6B000000 		.4byte	0x6b
 834 01e3 05       		.uleb128 0x5
 835 01e4 03       		.byte	0x3
 836 01e5 03000000 		.4byte	WaveDAC8_1_Wave1TD
 837 01e9 0C       		.uleb128 0xc
 838 01ea 06020000 		.4byte	.LASF33
 839 01ee 01       		.byte	0x1
 840 01ef 1A       		.byte	0x1a
 841 01f0 6B000000 		.4byte	0x6b
 842 01f4 05       		.uleb128 0x5
 843 01f5 03       		.byte	0x3
 844 01f6 04000000 		.4byte	WaveDAC8_1_Wave2TD
 845 01fa 0D       		.uleb128 0xd
 846 01fb 00000000 		.4byte	.LASF34
ARM GAS  C:\Users\Silvan\AppData\Local\Temp\ccXj6f1S.s 			page 21


 847 01ff 01       		.byte	0x1
 848 0200 12       		.byte	0x12
 849 0201 6B000000 		.4byte	0x6b
 850 0205 05       		.uleb128 0x5
 851 0206 03       		.byte	0x3
 852 0207 00000000 		.4byte	WaveDAC8_1_initVar
 853 020b 0E       		.uleb128 0xe
 854 020c 39010000 		.4byte	0x139
 855 0210 1B020000 		.4byte	0x21b
 856 0214 0F       		.uleb128 0xf
 857 0215 AB000000 		.4byte	0xab
 858 0219 63       		.byte	0x63
 859 021a 00       		.byte	0
 860 021b 0D       		.uleb128 0xd
 861 021c 5D020000 		.4byte	.LASF35
 862 0220 01       		.byte	0x1
 863 0221 14       		.byte	0x14
 864 0222 2C020000 		.4byte	0x22c
 865 0226 05       		.uleb128 0x5
 866 0227 03       		.byte	0x3
 867 0228 00000000 		.4byte	WaveDAC8_1_wave1
 868 022c 09       		.uleb128 0x9
 869 022d 0B020000 		.4byte	0x20b
 870 0231 0E       		.uleb128 0xe
 871 0232 39010000 		.4byte	0x139
 872 0236 41020000 		.4byte	0x241
 873 023a 0F       		.uleb128 0xf
 874 023b AB000000 		.4byte	0xab
 875 023f 31       		.byte	0x31
 876 0240 00       		.byte	0
 877 0241 0D       		.uleb128 0xd
 878 0242 6E020000 		.4byte	.LASF36
 879 0246 01       		.byte	0x1
 880 0247 15       		.byte	0x15
 881 0248 52020000 		.4byte	0x252
 882 024c 05       		.uleb128 0x5
 883 024d 03       		.byte	0x3
 884 024e 00000000 		.4byte	WaveDAC8_1_wave2
 885 0252 09       		.uleb128 0x9
 886 0253 31020000 		.4byte	0x231
 887 0257 00       		.byte	0
 888              		.section	.debug_abbrev,"",%progbits
 889              	.Ldebug_abbrev0:
 890 0000 01       		.uleb128 0x1
 891 0001 11       		.uleb128 0x11
 892 0002 01       		.byte	0x1
 893 0003 25       		.uleb128 0x25
 894 0004 0E       		.uleb128 0xe
 895 0005 13       		.uleb128 0x13
 896 0006 0B       		.uleb128 0xb
 897 0007 03       		.uleb128 0x3
 898 0008 0E       		.uleb128 0xe
 899 0009 1B       		.uleb128 0x1b
 900 000a 0E       		.uleb128 0xe
 901 000b 55       		.uleb128 0x55
 902 000c 17       		.uleb128 0x17
 903 000d 11       		.uleb128 0x11
ARM GAS  C:\Users\Silvan\AppData\Local\Temp\ccXj6f1S.s 			page 22


 904 000e 01       		.uleb128 0x1
 905 000f 10       		.uleb128 0x10
 906 0010 17       		.uleb128 0x17
 907 0011 00       		.byte	0
 908 0012 00       		.byte	0
 909 0013 02       		.uleb128 0x2
 910 0014 24       		.uleb128 0x24
 911 0015 00       		.byte	0
 912 0016 0B       		.uleb128 0xb
 913 0017 0B       		.uleb128 0xb
 914 0018 3E       		.uleb128 0x3e
 915 0019 0B       		.uleb128 0xb
 916 001a 03       		.uleb128 0x3
 917 001b 0E       		.uleb128 0xe
 918 001c 00       		.byte	0
 919 001d 00       		.byte	0
 920 001e 03       		.uleb128 0x3
 921 001f 24       		.uleb128 0x24
 922 0020 00       		.byte	0
 923 0021 0B       		.uleb128 0xb
 924 0022 0B       		.uleb128 0xb
 925 0023 3E       		.uleb128 0x3e
 926 0024 0B       		.uleb128 0xb
 927 0025 03       		.uleb128 0x3
 928 0026 08       		.uleb128 0x8
 929 0027 00       		.byte	0
 930 0028 00       		.byte	0
 931 0029 04       		.uleb128 0x4
 932 002a 16       		.uleb128 0x16
 933 002b 00       		.byte	0
 934 002c 03       		.uleb128 0x3
 935 002d 0E       		.uleb128 0xe
 936 002e 3A       		.uleb128 0x3a
 937 002f 0B       		.uleb128 0xb
 938 0030 3B       		.uleb128 0x3b
 939 0031 05       		.uleb128 0x5
 940 0032 49       		.uleb128 0x49
 941 0033 13       		.uleb128 0x13
 942 0034 00       		.byte	0
 943 0035 00       		.byte	0
 944 0036 05       		.uleb128 0x5
 945 0037 2E       		.uleb128 0x2e
 946 0038 00       		.byte	0
 947 0039 3F       		.uleb128 0x3f
 948 003a 19       		.uleb128 0x19
 949 003b 03       		.uleb128 0x3
 950 003c 0E       		.uleb128 0xe
 951 003d 3A       		.uleb128 0x3a
 952 003e 0B       		.uleb128 0xb
 953 003f 3B       		.uleb128 0x3b
 954 0040 0B       		.uleb128 0xb
 955 0041 27       		.uleb128 0x27
 956 0042 19       		.uleb128 0x19
 957 0043 11       		.uleb128 0x11
 958 0044 01       		.uleb128 0x1
 959 0045 12       		.uleb128 0x12
 960 0046 06       		.uleb128 0x6
ARM GAS  C:\Users\Silvan\AppData\Local\Temp\ccXj6f1S.s 			page 23


 961 0047 40       		.uleb128 0x40
 962 0048 18       		.uleb128 0x18
 963 0049 9642     		.uleb128 0x2116
 964 004b 19       		.uleb128 0x19
 965 004c 00       		.byte	0
 966 004d 00       		.byte	0
 967 004e 06       		.uleb128 0x6
 968 004f 2E       		.uleb128 0x2e
 969 0050 01       		.byte	0x1
 970 0051 3F       		.uleb128 0x3f
 971 0052 19       		.uleb128 0x19
 972 0053 03       		.uleb128 0x3
 973 0054 0E       		.uleb128 0xe
 974 0055 3A       		.uleb128 0x3a
 975 0056 0B       		.uleb128 0xb
 976 0057 3B       		.uleb128 0x3b
 977 0058 0B       		.uleb128 0xb
 978 0059 27       		.uleb128 0x27
 979 005a 19       		.uleb128 0x19
 980 005b 11       		.uleb128 0x11
 981 005c 01       		.uleb128 0x1
 982 005d 12       		.uleb128 0x12
 983 005e 06       		.uleb128 0x6
 984 005f 40       		.uleb128 0x40
 985 0060 18       		.uleb128 0x18
 986 0061 9642     		.uleb128 0x2116
 987 0063 19       		.uleb128 0x19
 988 0064 01       		.uleb128 0x1
 989 0065 13       		.uleb128 0x13
 990 0066 00       		.byte	0
 991 0067 00       		.byte	0
 992 0068 07       		.uleb128 0x7
 993 0069 05       		.uleb128 0x5
 994 006a 00       		.byte	0
 995 006b 03       		.uleb128 0x3
 996 006c 0E       		.uleb128 0xe
 997 006d 3A       		.uleb128 0x3a
 998 006e 0B       		.uleb128 0xb
 999 006f 3B       		.uleb128 0x3b
 1000 0070 0B       		.uleb128 0xb
 1001 0071 49       		.uleb128 0x49
 1002 0072 13       		.uleb128 0x13
 1003 0073 02       		.uleb128 0x2
 1004 0074 18       		.uleb128 0x18
 1005 0075 00       		.byte	0
 1006 0076 00       		.byte	0
 1007 0077 08       		.uleb128 0x8
 1008 0078 0F       		.uleb128 0xf
 1009 0079 00       		.byte	0
 1010 007a 0B       		.uleb128 0xb
 1011 007b 0B       		.uleb128 0xb
 1012 007c 49       		.uleb128 0x49
 1013 007d 13       		.uleb128 0x13
 1014 007e 00       		.byte	0
 1015 007f 00       		.byte	0
 1016 0080 09       		.uleb128 0x9
 1017 0081 26       		.uleb128 0x26
ARM GAS  C:\Users\Silvan\AppData\Local\Temp\ccXj6f1S.s 			page 24


 1018 0082 00       		.byte	0
 1019 0083 49       		.uleb128 0x49
 1020 0084 13       		.uleb128 0x13
 1021 0085 00       		.byte	0
 1022 0086 00       		.byte	0
 1023 0087 0A       		.uleb128 0xa
 1024 0088 2E       		.uleb128 0x2e
 1025 0089 01       		.byte	0x1
 1026 008a 3F       		.uleb128 0x3f
 1027 008b 19       		.uleb128 0x19
 1028 008c 03       		.uleb128 0x3
 1029 008d 0E       		.uleb128 0xe
 1030 008e 3A       		.uleb128 0x3a
 1031 008f 0B       		.uleb128 0xb
 1032 0090 3B       		.uleb128 0x3b
 1033 0091 05       		.uleb128 0x5
 1034 0092 27       		.uleb128 0x27
 1035 0093 19       		.uleb128 0x19
 1036 0094 11       		.uleb128 0x11
 1037 0095 01       		.uleb128 0x1
 1038 0096 12       		.uleb128 0x12
 1039 0097 06       		.uleb128 0x6
 1040 0098 40       		.uleb128 0x40
 1041 0099 18       		.uleb128 0x18
 1042 009a 9642     		.uleb128 0x2116
 1043 009c 19       		.uleb128 0x19
 1044 009d 01       		.uleb128 0x1
 1045 009e 13       		.uleb128 0x13
 1046 009f 00       		.byte	0
 1047 00a0 00       		.byte	0
 1048 00a1 0B       		.uleb128 0xb
 1049 00a2 05       		.uleb128 0x5
 1050 00a3 00       		.byte	0
 1051 00a4 03       		.uleb128 0x3
 1052 00a5 0E       		.uleb128 0xe
 1053 00a6 3A       		.uleb128 0x3a
 1054 00a7 0B       		.uleb128 0xb
 1055 00a8 3B       		.uleb128 0x3b
 1056 00a9 05       		.uleb128 0x5
 1057 00aa 49       		.uleb128 0x49
 1058 00ab 13       		.uleb128 0x13
 1059 00ac 02       		.uleb128 0x2
 1060 00ad 18       		.uleb128 0x18
 1061 00ae 00       		.byte	0
 1062 00af 00       		.byte	0
 1063 00b0 0C       		.uleb128 0xc
 1064 00b1 34       		.uleb128 0x34
 1065 00b2 00       		.byte	0
 1066 00b3 03       		.uleb128 0x3
 1067 00b4 0E       		.uleb128 0xe
 1068 00b5 3A       		.uleb128 0x3a
 1069 00b6 0B       		.uleb128 0xb
 1070 00b7 3B       		.uleb128 0x3b
 1071 00b8 0B       		.uleb128 0xb
 1072 00b9 49       		.uleb128 0x49
 1073 00ba 13       		.uleb128 0x13
 1074 00bb 02       		.uleb128 0x2
ARM GAS  C:\Users\Silvan\AppData\Local\Temp\ccXj6f1S.s 			page 25


 1075 00bc 18       		.uleb128 0x18
 1076 00bd 00       		.byte	0
 1077 00be 00       		.byte	0
 1078 00bf 0D       		.uleb128 0xd
 1079 00c0 34       		.uleb128 0x34
 1080 00c1 00       		.byte	0
 1081 00c2 03       		.uleb128 0x3
 1082 00c3 0E       		.uleb128 0xe
 1083 00c4 3A       		.uleb128 0x3a
 1084 00c5 0B       		.uleb128 0xb
 1085 00c6 3B       		.uleb128 0x3b
 1086 00c7 0B       		.uleb128 0xb
 1087 00c8 49       		.uleb128 0x49
 1088 00c9 13       		.uleb128 0x13
 1089 00ca 3F       		.uleb128 0x3f
 1090 00cb 19       		.uleb128 0x19
 1091 00cc 02       		.uleb128 0x2
 1092 00cd 18       		.uleb128 0x18
 1093 00ce 00       		.byte	0
 1094 00cf 00       		.byte	0
 1095 00d0 0E       		.uleb128 0xe
 1096 00d1 01       		.uleb128 0x1
 1097 00d2 01       		.byte	0x1
 1098 00d3 49       		.uleb128 0x49
 1099 00d4 13       		.uleb128 0x13
 1100 00d5 01       		.uleb128 0x1
 1101 00d6 13       		.uleb128 0x13
 1102 00d7 00       		.byte	0
 1103 00d8 00       		.byte	0
 1104 00d9 0F       		.uleb128 0xf
 1105 00da 21       		.uleb128 0x21
 1106 00db 00       		.byte	0
 1107 00dc 49       		.uleb128 0x49
 1108 00dd 13       		.uleb128 0x13
 1109 00de 2F       		.uleb128 0x2f
 1110 00df 0B       		.uleb128 0xb
 1111 00e0 00       		.byte	0
 1112 00e1 00       		.byte	0
 1113 00e2 00       		.byte	0
 1114              		.section	.debug_aranges,"",%progbits
 1115 0000 4C000000 		.4byte	0x4c
 1116 0004 0200     		.2byte	0x2
 1117 0006 00000000 		.4byte	.Ldebug_info0
 1118 000a 04       		.byte	0x4
 1119 000b 00       		.byte	0
 1120 000c 0000     		.2byte	0
 1121 000e 0000     		.2byte	0
 1122 0010 00000000 		.4byte	.LFB0
 1123 0014 54000000 		.4byte	.LFE0-.LFB0
 1124 0018 00000000 		.4byte	.LFB1
 1125 001c 38000000 		.4byte	.LFE1-.LFB1
 1126 0020 00000000 		.4byte	.LFB2
 1127 0024 24000000 		.4byte	.LFE2-.LFB2
 1128 0028 00000000 		.4byte	.LFB3
 1129 002c 34000000 		.4byte	.LFE3-.LFB3
 1130 0030 00000000 		.4byte	.LFB4
 1131 0034 28000000 		.4byte	.LFE4-.LFB4
ARM GAS  C:\Users\Silvan\AppData\Local\Temp\ccXj6f1S.s 			page 26


 1132 0038 00000000 		.4byte	.LFB5
 1133 003c 68000000 		.4byte	.LFE5-.LFB5
 1134 0040 00000000 		.4byte	.LFB6
 1135 0044 68000000 		.4byte	.LFE6-.LFB6
 1136 0048 00000000 		.4byte	0
 1137 004c 00000000 		.4byte	0
 1138              		.section	.debug_ranges,"",%progbits
 1139              	.Ldebug_ranges0:
 1140 0000 00000000 		.4byte	.LFB0
 1141 0004 54000000 		.4byte	.LFE0
 1142 0008 00000000 		.4byte	.LFB1
 1143 000c 38000000 		.4byte	.LFE1
 1144 0010 00000000 		.4byte	.LFB2
 1145 0014 24000000 		.4byte	.LFE2
 1146 0018 00000000 		.4byte	.LFB3
 1147 001c 34000000 		.4byte	.LFE3
 1148 0020 00000000 		.4byte	.LFB4
 1149 0024 28000000 		.4byte	.LFE4
 1150 0028 00000000 		.4byte	.LFB5
 1151 002c 68000000 		.4byte	.LFE5
 1152 0030 00000000 		.4byte	.LFB6
 1153 0034 68000000 		.4byte	.LFE6
 1154 0038 00000000 		.4byte	0
 1155 003c 00000000 		.4byte	0
 1156              		.section	.debug_line,"",%progbits
 1157              	.Ldebug_line0:
 1158 0000 EC000000 		.section	.debug_str,"MS",%progbits,1
 1158      02004700 
 1158      00000201 
 1158      FB0E0D00 
 1158      01010101 
 1159              	.LASF34:
 1160 0000 57617665 		.ascii	"WaveDAC8_1_initVar\000"
 1160      44414338 
 1160      5F315F69 
 1160      6E697456 
 1160      617200
 1161              	.LASF37:
 1162 0013 474E5520 		.ascii	"GNU C11 5.4.1 20160609 (release) [ARM/embedded-5-br"
 1162      43313120 
 1162      352E342E 
 1162      31203230 
 1162      31363036 
 1163 0046 616E6368 		.ascii	"anch revision 237715] -mcpu=cortex-m3 -mthumb -g -O"
 1163      20726576 
 1163      6973696F 
 1163      6E203233 
 1163      37373135 
 1164 0079 30202D66 		.ascii	"0 -ffunction-sections -ffat-lto-objects\000"
 1164      66756E63 
 1164      74696F6E 
 1164      2D736563 
 1164      74696F6E 
 1165              	.LASF31:
 1166 00a1 57617665 		.ascii	"WaveDAC8_1_Wave2Chan\000"
 1166      44414338 
 1166      5F315F57 
ARM GAS  C:\Users\Silvan\AppData\Local\Temp\ccXj6f1S.s 			page 27


 1166      61766532 
 1166      4368616E 
 1167              	.LASF17:
 1168 00b6 57617665 		.ascii	"WaveDAC8_1_Init\000"
 1168      44414338 
 1168      5F315F49 
 1168      6E697400 
 1169              	.LASF3:
 1170 00c6 73686F72 		.ascii	"short unsigned int\000"
 1170      7420756E 
 1170      7369676E 
 1170      65642069 
 1170      6E7400
 1171              	.LASF19:
 1172 00d9 57617665 		.ascii	"WaveDAC8_1_Start\000"
 1172      44414338 
 1172      5F315F53 
 1172      74617274 
 1172      00
 1173              	.LASF20:
 1174 00ea 77617665 		.ascii	"wavePtr1\000"
 1174      50747231 
 1174      00
 1175              	.LASF22:
 1176 00f3 77617665 		.ascii	"wavePtr2\000"
 1176      50747232 
 1176      00
 1177              	.LASF25:
 1178 00fc 57617665 		.ascii	"WaveDAC8_1_StartEx\000"
 1178      44414338 
 1178      5F315F53 
 1178      74617274 
 1178      457800
 1179              	.LASF12:
 1180 010f 666C6F61 		.ascii	"float\000"
 1180      7400
 1181              	.LASF32:
 1182 0115 57617665 		.ascii	"WaveDAC8_1_Wave1TD\000"
 1182      44414338 
 1182      5F315F57 
 1182      61766531 
 1182      544400
 1183              	.LASF28:
 1184 0128 73616D70 		.ascii	"sampleSize\000"
 1184      6C655369 
 1184      7A6500
 1185              	.LASF5:
 1186 0133 6C6F6E67 		.ascii	"long unsigned int\000"
 1186      20756E73 
 1186      69676E65 
 1186      6420696E 
 1186      7400
 1187              	.LASF27:
 1188 0145 77617665 		.ascii	"wavePtr\000"
 1188      50747200 
 1189              	.LASF9:
 1190 014d 75696E74 		.ascii	"uint8\000"
ARM GAS  C:\Users\Silvan\AppData\Local\Temp\ccXj6f1S.s 			page 28


 1190      3800
 1191              	.LASF21:
 1192 0153 73616D70 		.ascii	"sampleSize1\000"
 1192      6C655369 
 1192      7A653100 
 1193              	.LASF23:
 1194 015f 73616D70 		.ascii	"sampleSize2\000"
 1194      6C655369 
 1194      7A653200 
 1195              	.LASF26:
 1196 016b 57617665 		.ascii	"WaveDAC8_1_Wave1Setup\000"
 1196      44414338 
 1196      5F315F57 
 1196      61766531 
 1196      53657475 
 1197              	.LASF13:
 1198 0181 646F7562 		.ascii	"double\000"
 1198      6C6500
 1199              	.LASF24:
 1200 0188 57617665 		.ascii	"WaveDAC8_1_Stop\000"
 1200      44414338 
 1200      5F315F53 
 1200      746F7000 
 1201              	.LASF2:
 1202 0198 73686F72 		.ascii	"short int\000"
 1202      7420696E 
 1202      7400
 1203              	.LASF10:
 1204 01a2 75696E74 		.ascii	"uint16\000"
 1204      313600
 1205              	.LASF11:
 1206 01a9 75696E74 		.ascii	"uint32\000"
 1206      333200
 1207              	.LASF1:
 1208 01b0 756E7369 		.ascii	"unsigned char\000"
 1208      676E6564 
 1208      20636861 
 1208      7200
 1209              	.LASF8:
 1210 01be 756E7369 		.ascii	"unsigned int\000"
 1210      676E6564 
 1210      20696E74 
 1210      00
 1211              	.LASF38:
 1212 01cb 47656E65 		.ascii	"Generated_Source\\PSoC5\\WaveDAC8_1.c\000"
 1212      72617465 
 1212      645F536F 
 1212      75726365 
 1212      5C50536F 
 1213              	.LASF7:
 1214 01ef 6C6F6E67 		.ascii	"long long unsigned int\000"
 1214      206C6F6E 
 1214      6720756E 
 1214      7369676E 
 1214      65642069 
 1215              	.LASF33:
 1216 0206 57617665 		.ascii	"WaveDAC8_1_Wave2TD\000"
ARM GAS  C:\Users\Silvan\AppData\Local\Temp\ccXj6f1S.s 			page 29


 1216      44414338 
 1216      5F315F57 
 1216      61766532 
 1216      544400
 1217              	.LASF16:
 1218 0219 73697A65 		.ascii	"sizetype\000"
 1218      74797065 
 1218      00
 1219              	.LASF6:
 1220 0222 6C6F6E67 		.ascii	"long long int\000"
 1220      206C6F6E 
 1220      6720696E 
 1220      7400
 1221              	.LASF14:
 1222 0230 63686172 		.ascii	"char\000"
 1222      00
 1223              	.LASF29:
 1224 0235 57617665 		.ascii	"WaveDAC8_1_Wave2Setup\000"
 1224      44414338 
 1224      5F315F57 
 1224      61766532 
 1224      53657475 
 1225              	.LASF18:
 1226 024b 57617665 		.ascii	"WaveDAC8_1_Enable\000"
 1226      44414338 
 1226      5F315F45 
 1226      6E61626C 
 1226      6500
 1227              	.LASF35:
 1228 025d 57617665 		.ascii	"WaveDAC8_1_wave1\000"
 1228      44414338 
 1228      5F315F77 
 1228      61766531 
 1228      00
 1229              	.LASF36:
 1230 026e 57617665 		.ascii	"WaveDAC8_1_wave2\000"
 1230      44414338 
 1230      5F315F77 
 1230      61766532 
 1230      00
 1231              	.LASF30:
 1232 027f 57617665 		.ascii	"WaveDAC8_1_Wave1Chan\000"
 1232      44414338 
 1232      5F315F57 
 1232      61766531 
 1232      4368616E 
 1233              	.LASF39:
 1234 0294 433A5C55 		.ascii	"C:\\Users\\Silvan\\OneDrive\\GitHubRepos\\PSoC_Audi"
 1234      73657273 
 1234      5C53696C 
 1234      76616E5C 
 1234      4F6E6544 
 1235 02c2 6F5F4D49 		.ascii	"o_MIDI\\WaveDAC8_Example01\\WaveDAC8_Example01.cyds"
 1235      44495C57 
 1235      61766544 
 1235      4143385F 
 1235      4578616D 
ARM GAS  C:\Users\Silvan\AppData\Local\Temp\ccXj6f1S.s 			page 30


 1236 02f3 6E00     		.ascii	"n\000"
 1237              	.LASF4:
 1238 02f5 6C6F6E67 		.ascii	"long int\000"
 1238      20696E74 
 1238      00
 1239              	.LASF15:
 1240 02fe 6C6F6E67 		.ascii	"long double\000"
 1240      20646F75 
 1240      626C6500 
 1241              	.LASF0:
 1242 030a 7369676E 		.ascii	"signed char\000"
 1242      65642063 
 1242      68617200 
 1243              		.ident	"GCC: (GNU Tools for ARM Embedded Processors) 5.4.1 20160609 (release) [ARM/embedded-5-bran
