ARM GAS  C:\Users\mariu\AppData\Local\Temp\ccb5GVG2.s 			page 1


   1              		.syntax unified
   2              		.cpu cortex-m3
   3              		.fpu softvfp
   4              		.eabi_attribute 20, 1
   5              		.eabi_attribute 21, 1
   6              		.eabi_attribute 23, 3
   7              		.eabi_attribute 24, 1
   8              		.eabi_attribute 25, 1
   9              		.eabi_attribute 26, 1
  10              		.eabi_attribute 30, 6
  11              		.eabi_attribute 34, 1
  12              		.eabi_attribute 18, 4
  13              		.thumb
  14              		.syntax unified
  15              		.file	"cymetadata.c"
  16              		.text
  17              	.Ltext0:
  18              		.cfi_sections	.debug_frame
  19              		.global	cy_meta_configecc
  20              		.section	.cyconfigecc,"a",%progbits
  21              		.align	2
  22              		.type	cy_meta_configecc, %object
  23              		.size	cy_meta_configecc, 1536
  24              	cy_meta_configecc:
  25 0000 02       		.byte	2
  26 0001 4F       		.byte	79
  27 0002 00       		.byte	0
  28 0003 40       		.byte	64
  29 0004 02       		.byte	2
  30 0005 52       		.byte	82
  31 0006 00       		.byte	0
  32 0007 40       		.byte	64
  33 0008 01       		.byte	1
  34 0009 5A       		.byte	90
  35 000a 00       		.byte	0
  36 000b 40       		.byte	64
  37 000c 01       		.byte	1
  38 000d 64       		.byte	100
  39 000e 00       		.byte	0
  40 000f 40       		.byte	64
  41 0010 02       		.byte	2
  42 0011 65       		.byte	101
  43 0012 00       		.byte	0
  44 0013 40       		.byte	64
  45 0014 01       		.byte	1
  46 0015 01       		.byte	1
  47 0016 01       		.byte	1
  48 0017 40       		.byte	64
  49 0018 02       		.byte	2
  50 0019 03       		.byte	3
  51 001a 01       		.byte	1
  52 001b 40       		.byte	64
  53 001c 03       		.byte	3
  54 001d 05       		.byte	5
  55 001e 01       		.byte	1
  56 001f 40       		.byte	64
  57 0020 04       		.byte	4
ARM GAS  C:\Users\mariu\AppData\Local\Temp\ccb5GVG2.s 			page 2


  58 0021 07       		.byte	7
  59 0022 01       		.byte	1
  60 0023 40       		.byte	64
  61 0024 46       		.byte	70
  62 0025 08       		.byte	8
  63 0026 01       		.byte	1
  64 0027 40       		.byte	64
  65 0028 3B       		.byte	59
  66 0029 09       		.byte	9
  67 002a 01       		.byte	1
  68 002b 40       		.byte	64
  69 002c 42       		.byte	66
  70 002d 0A       		.byte	10
  71 002e 01       		.byte	1
  72 002f 40       		.byte	64
  73 0030 31       		.byte	49
  74 0031 0B       		.byte	11
  75 0032 01       		.byte	1
  76 0033 40       		.byte	64
  77 0034 04       		.byte	4
  78 0035 0D       		.byte	13
  79 0036 01       		.byte	1
  80 0037 40       		.byte	64
  81 0038 04       		.byte	4
  82 0039 0E       		.byte	14
  83 003a 01       		.byte	1
  84 003b 40       		.byte	64
  85 003c 04       		.byte	4
  86 003d 0F       		.byte	15
  87 003e 01       		.byte	1
  88 003f 40       		.byte	64
  89 0040 41       		.byte	65
  90 0041 18       		.byte	24
  91 0042 01       		.byte	1
  92 0043 40       		.byte	64
  93 0044 45       		.byte	69
  94 0045 19       		.byte	25
  95 0046 01       		.byte	1
  96 0047 40       		.byte	64
  97 0048 61       		.byte	97
  98 0049 1A       		.byte	26
  99 004a 01       		.byte	1
 100 004b 40       		.byte	64
 101 004c 46       		.byte	70
 102 004d 1B       		.byte	27
 103 004e 01       		.byte	1
 104 004f 40       		.byte	64
 105 0050 0A       		.byte	10
 106 0051 40       		.byte	64
 107 0052 01       		.byte	1
 108 0053 40       		.byte	64
 109 0054 0D       		.byte	13
 110 0055 41       		.byte	65
 111 0056 01       		.byte	1
 112 0057 40       		.byte	64
 113 0058 13       		.byte	19
 114 0059 42       		.byte	66
ARM GAS  C:\Users\mariu\AppData\Local\Temp\ccb5GVG2.s 			page 3


 115 005a 01       		.byte	1
 116 005b 40       		.byte	64
 117 005c 0D       		.byte	13
 118 005d 43       		.byte	67
 119 005e 01       		.byte	1
 120 005f 40       		.byte	64
 121 0060 04       		.byte	4
 122 0061 44       		.byte	68
 123 0062 01       		.byte	1
 124 0063 40       		.byte	64
 125 0064 04       		.byte	4
 126 0065 45       		.byte	69
 127 0066 01       		.byte	1
 128 0067 40       		.byte	64
 129 0068 05       		.byte	5
 130 0069 46       		.byte	70
 131 006a 01       		.byte	1
 132 006b 40       		.byte	64
 133 006c 04       		.byte	4
 134 006d 47       		.byte	71
 135 006e 01       		.byte	1
 136 006f 40       		.byte	64
 137 0070 05       		.byte	5
 138 0071 48       		.byte	72
 139 0072 01       		.byte	1
 140 0073 40       		.byte	64
 141 0074 03       		.byte	3
 142 0075 4C       		.byte	76
 143 0076 01       		.byte	1
 144 0077 40       		.byte	64
 145 0078 0B       		.byte	11
 146 0079 4D       		.byte	77
 147 007a 01       		.byte	1
 148 007b 40       		.byte	64
 149 007c 04       		.byte	4
 150 007d 50       		.byte	80
 151 007e 01       		.byte	1
 152 007f 40       		.byte	64
 153 0080 04       		.byte	4
 154 0081 51       		.byte	81
 155 0082 01       		.byte	1
 156 0083 40       		.byte	64
 157 0084 01       		.byte	1
 158 0085 40       		.byte	64
 159 0086 0A       		.byte	10
 160 0087 4B       		.byte	75
 161 0088 61       		.byte	97
 162 0089 80       		.byte	-128
 163 008a 64       		.byte	100
 164 008b 40       		.byte	64
 165 008c 9F       		.byte	-97
 166 008d 01       		.byte	1
 167 008e 89       		.byte	-119
 168 008f 38       		.byte	56
 169 0090 89       		.byte	-119
 170 0091 72       		.byte	114
 171 0092 8B       		.byte	-117
ARM GAS  C:\Users\mariu\AppData\Local\Temp\ccb5GVG2.s 			page 4


 172 0093 0F       		.byte	15
 173 0094 E2       		.byte	-30
 174 0095 02       		.byte	2
 175 0096 E2       		.byte	-30
 176 0097 01       		.byte	1
 177 0098 EE       		.byte	-18
 178 0099 08       		.byte	8
 179 009a E2       		.byte	-30
 180 009b 08       		.byte	8
 181 009c E6       		.byte	-26
 182 009d 02       		.byte	2
 183 009e EE       		.byte	-18
 184 009f 01       		.byte	1
 185 00a0 E2       		.byte	-30
 186 00a1 08       		.byte	8
 187 00a2 E4       		.byte	-28
 188 00a3 01       		.byte	1
 189 00a4 E8       		.byte	-24
 190 00a5 04       		.byte	4
 191 00a6 EA       		.byte	-22
 192 00a7 08       		.byte	8
 193 00a8 03       		.byte	3
 194 00a9 08       		.byte	8
 195 00aa 07       		.byte	7
 196 00ab 0C       		.byte	12
 197 00ac 0A       		.byte	10
 198 00ad 01       		.byte	1
 199 00ae 0B       		.byte	11
 200 00af 03       		.byte	3
 201 00b0 0C       		.byte	12
 202 00b1 01       		.byte	1
 203 00b2 11       		.byte	17
 204 00b3 01       		.byte	1
 205 00b4 13       		.byte	19
 206 00b5 06       		.byte	6
 207 00b6 14       		.byte	20
 208 00b7 02       		.byte	2
 209 00b8 15       		.byte	21
 210 00b9 0C       		.byte	12
 211 00ba 17       		.byte	23
 212 00bb 03       		.byte	3
 213 00bc 19       		.byte	25
 214 00bd 10       		.byte	16
 215 00be 24       		.byte	36
 216 00bf 01       		.byte	1
 217 00c0 25       		.byte	37
 218 00c1 01       		.byte	1
 219 00c2 27       		.byte	39
 220 00c3 0E       		.byte	14
 221 00c4 29       		.byte	41
 222 00c5 10       		.byte	16
 223 00c6 2D       		.byte	45
 224 00c7 10       		.byte	16
 225 00c8 31       		.byte	49
 226 00c9 10       		.byte	16
 227 00ca 34       		.byte	52
 228 00cb 03       		.byte	3
ARM GAS  C:\Users\mariu\AppData\Local\Temp\ccb5GVG2.s 			page 5


 229 00cc 35       		.byte	53
 230 00cd 0F       		.byte	15
 231 00ce 38       		.byte	56
 232 00cf 20       		.byte	32
 233 00d0 3B       		.byte	59
 234 00d1 20       		.byte	32
 235 00d2 58       		.byte	88
 236 00d3 04       		.byte	4
 237 00d4 59       		.byte	89
 238 00d5 04       		.byte	4
 239 00d6 5C       		.byte	92
 240 00d7 11       		.byte	17
 241 00d8 5F       		.byte	95
 242 00d9 01       		.byte	1
 243 00da 82       		.byte	-126
 244 00db 01       		.byte	1
 245 00dc 83       		.byte	-125
 246 00dd 02       		.byte	2
 247 00de 84       		.byte	-124
 248 00df 06       		.byte	6
 249 00e0 85       		.byte	-123
 250 00e1 18       		.byte	24
 251 00e2 86       		.byte	-122
 252 00e3 01       		.byte	1
 253 00e4 87       		.byte	-121
 254 00e5 05       		.byte	5
 255 00e6 88       		.byte	-120
 256 00e7 18       		.byte	24
 257 00e8 8C       		.byte	-116
 258 00e9 08       		.byte	8
 259 00ea 8E       		.byte	-114
 260 00eb 10       		.byte	16
 261 00ec 8F       		.byte	-113
 262 00ed 04       		.byte	4
 263 00ee 90       		.byte	-112
 264 00ef 10       		.byte	16
 265 00f0 92       		.byte	-110
 266 00f1 08       		.byte	8
 267 00f2 93       		.byte	-109
 268 00f3 02       		.byte	2
 269 00f4 94       		.byte	-108
 270 00f5 06       		.byte	6
 271 00f6 95       		.byte	-107
 272 00f7 18       		.byte	24
 273 00f8 98       		.byte	-104
 274 00f9 02       		.byte	2
 275 00fa 99       		.byte	-103
 276 00fb 1C       		.byte	28
 277 00fc 9B       		.byte	-101
 278 00fd 01       		.byte	1
 279 00fe 9C       		.byte	-100
 280 00ff 04       		.byte	4
 281 0100 9D       		.byte	-99
 282 0101 10       		.byte	16
 283 0102 A0       		.byte	-96
 284 0103 06       		.byte	6
 285 0104 A1       		.byte	-95
ARM GAS  C:\Users\mariu\AppData\Local\Temp\ccb5GVG2.s 			page 6


 286 0105 05       		.byte	5
 287 0106 A2       		.byte	-94
 288 0107 01       		.byte	1
 289 0108 A3       		.byte	-93
 290 0109 18       		.byte	24
 291 010a A4       		.byte	-92
 292 010b 07       		.byte	7
 293 010c A5       		.byte	-91
 294 010d 08       		.byte	8
 295 010e A8       		.byte	-88
 296 010f 18       		.byte	24
 297 0110 A9       		.byte	-87
 298 0111 1D       		.byte	29
 299 0112 AC       		.byte	-84
 300 0113 01       		.byte	1
 301 0114 AE       		.byte	-82
 302 0115 06       		.byte	6
 303 0116 B0       		.byte	-80
 304 0117 18       		.byte	24
 305 0118 B1       		.byte	-79
 306 0119 01       		.byte	1
 307 011a B3       		.byte	-77
 308 011b 1C       		.byte	28
 309 011c B4       		.byte	-76
 310 011d 07       		.byte	7
 311 011e B5       		.byte	-75
 312 011f 02       		.byte	2
 313 0120 B9       		.byte	-71
 314 0121 02       		.byte	2
 315 0122 BA       		.byte	-70
 316 0123 20       		.byte	32
 317 0124 BF       		.byte	-65
 318 0125 10       		.byte	16
 319 0126 D4       		.byte	-44
 320 0127 18       		.byte	24
 321 0128 D8       		.byte	-40
 322 0129 04       		.byte	4
 323 012a D9       		.byte	-39
 324 012b 04       		.byte	4
 325 012c DB       		.byte	-37
 326 012d 04       		.byte	4
 327 012e DC       		.byte	-36
 328 012f 11       		.byte	17
 329 0130 DD       		.byte	-35
 330 0131 10       		.byte	16
 331 0132 DF       		.byte	-33
 332 0133 01       		.byte	1
 333 0134 00       		.byte	0
 334 0135 20       		.byte	32
 335 0136 01       		.byte	1
 336 0137 60       		.byte	96
 337 0138 03       		.byte	3
 338 0139 60       		.byte	96
 339 013a 07       		.byte	7
 340 013b 05       		.byte	5
 341 013c 08       		.byte	8
 342 013d 60       		.byte	96
ARM GAS  C:\Users\mariu\AppData\Local\Temp\ccb5GVG2.s 			page 7


 343 013e 09       		.byte	9
 344 013f 08       		.byte	8
 345 0140 0A       		.byte	10
 346 0141 80       		.byte	-128
 347 0142 0E       		.byte	14
 348 0143 20       		.byte	32
 349 0144 11       		.byte	17
 350 0145 10       		.byte	16
 351 0146 12       		.byte	18
 352 0147 91       		.byte	-111
 353 0148 14       		.byte	20
 354 0149 10       		.byte	16
 355 014a 17       		.byte	23
 356 014b 08       		.byte	8
 357 014c 18       		.byte	24
 358 014d 88       		.byte	-120
 359 014e 1A       		.byte	26
 360 014f 80       		.byte	-128
 361 0150 1B       		.byte	27
 362 0151 20       		.byte	32
 363 0152 1E       		.byte	30
 364 0153 04       		.byte	4
 365 0154 1F       		.byte	31
 366 0155 10       		.byte	16
 367 0156 20       		.byte	32
 368 0157 04       		.byte	4
 369 0158 21       		.byte	33
 370 0159 02       		.byte	2
 371 015a 23       		.byte	35
 372 015b 10       		.byte	16
 373 015c 24       		.byte	36
 374 015d 40       		.byte	64
 375 015e 26       		.byte	38
 376 015f 01       		.byte	1
 377 0160 27       		.byte	39
 378 0161 44       		.byte	68
 379 0162 28       		.byte	40
 380 0163 28       		.byte	40
 381 0164 29       		.byte	41
 382 0165 01       		.byte	1
 383 0166 2A       		.byte	42
 384 0167 19       		.byte	25
 385 0168 2C       		.byte	44
 386 0169 10       		.byte	16
 387 016a 2D       		.byte	45
 388 016b 10       		.byte	16
 389 016c 2E       		.byte	46
 390 016d 40       		.byte	64
 391 016e 30       		.byte	48
 392 016f C0       		.byte	-64
 393 0170 31       		.byte	49
 394 0171 1A       		.byte	26
 395 0172 35       		.byte	53
 396 0173 20       		.byte	32
 397 0174 37       		.byte	55
 398 0175 05       		.byte	5
 399 0176 38       		.byte	56
ARM GAS  C:\Users\mariu\AppData\Local\Temp\ccb5GVG2.s 			page 8


 400 0177 48       		.byte	72
 401 0178 3B       		.byte	59
 402 0179 02       		.byte	2
 403 017a 3E       		.byte	62
 404 017b 04       		.byte	4
 405 017c 3F       		.byte	63
 406 017d 22       		.byte	34
 407 017e 5A       		.byte	90
 408 017f 02       		.byte	2
 409 0180 60       		.byte	96
 410 0181 04       		.byte	4
 411 0182 62       		.byte	98
 412 0183 40       		.byte	64
 413 0184 85       		.byte	-123
 414 0185 20       		.byte	32
 415 0186 97       		.byte	-105
 416 0187 20       		.byte	32
 417 0188 9B       		.byte	-101
 418 0189 08       		.byte	8
 419 018a 9F       		.byte	-97
 420 018b 05       		.byte	5
 421 018c A2       		.byte	-94
 422 018d 18       		.byte	24
 423 018e A3       		.byte	-93
 424 018f 11       		.byte	17
 425 0190 A4       		.byte	-92
 426 0191 04       		.byte	4
 427 0192 A6       		.byte	-90
 428 0193 04       		.byte	4
 429 0194 AF       		.byte	-81
 430 0195 02       		.byte	2
 431 0196 C0       		.byte	-64
 432 0197 CF       		.byte	-49
 433 0198 C2       		.byte	-62
 434 0199 2F       		.byte	47
 435 019a C4       		.byte	-60
 436 019b 2F       		.byte	47
 437 019c CA       		.byte	-54
 438 019d 77       		.byte	119
 439 019e CC       		.byte	-52
 440 019f EF       		.byte	-17
 441 01a0 CE       		.byte	-50
 442 01a1 EB       		.byte	-21
 443 01a2 D6       		.byte	-42
 444 01a3 01       		.byte	1
 445 01a4 D8       		.byte	-40
 446 01a5 0C       		.byte	12
 447 01a6 E4       		.byte	-28
 448 01a7 01       		.byte	1
 449 01a8 E8       		.byte	-24
 450 01a9 04       		.byte	4
 451 01aa 06       		.byte	6
 452 01ab 02       		.byte	2
 453 01ac 0B       		.byte	11
 454 01ad 04       		.byte	4
 455 01ae 0E       		.byte	14
 456 01af 09       		.byte	9
ARM GAS  C:\Users\mariu\AppData\Local\Temp\ccb5GVG2.s 			page 9


 457 01b0 11       		.byte	17
 458 01b1 08       		.byte	8
 459 01b2 14       		.byte	20
 460 01b3 01       		.byte	1
 461 01b4 1B       		.byte	27
 462 01b5 08       		.byte	8
 463 01b6 1F       		.byte	31
 464 01b7 01       		.byte	1
 465 01b8 24       		.byte	36
 466 01b9 02       		.byte	2
 467 01ba 2A       		.byte	42
 468 01bb 04       		.byte	4
 469 01bc 2B       		.byte	43
 470 01bd 02       		.byte	2
 471 01be 30       		.byte	48
 472 01bf 02       		.byte	2
 473 01c0 31       		.byte	49
 474 01c1 04       		.byte	4
 475 01c2 32       		.byte	50
 476 01c3 08       		.byte	8
 477 01c4 33       		.byte	51
 478 01c5 01       		.byte	1
 479 01c6 34       		.byte	52
 480 01c7 04       		.byte	4
 481 01c8 35       		.byte	53
 482 01c9 02       		.byte	2
 483 01ca 36       		.byte	54
 484 01cb 01       		.byte	1
 485 01cc 37       		.byte	55
 486 01cd 08       		.byte	8
 487 01ce 58       		.byte	88
 488 01cf 04       		.byte	4
 489 01d0 59       		.byte	89
 490 01d1 04       		.byte	4
 491 01d2 5C       		.byte	92
 492 01d3 33       		.byte	51
 493 01d4 5F       		.byte	95
 494 01d5 01       		.byte	1
 495 01d6 83       		.byte	-125
 496 01d7 02       		.byte	2
 497 01d8 84       		.byte	-124
 498 01d9 10       		.byte	16
 499 01da 88       		.byte	-120
 500 01db 08       		.byte	8
 501 01dc 8B       		.byte	-117
 502 01dd 01       		.byte	1
 503 01de 92       		.byte	-110
 504 01df 01       		.byte	1
 505 01e0 93       		.byte	-109
 506 01e1 05       		.byte	5
 507 01e2 95       		.byte	-107
 508 01e3 06       		.byte	6
 509 01e4 96       		.byte	-106
 510 01e5 04       		.byte	4
 511 01e6 97       		.byte	-105
 512 01e7 01       		.byte	1
 513 01e8 98       		.byte	-104
ARM GAS  C:\Users\mariu\AppData\Local\Temp\ccb5GVG2.s 			page 10


 514 01e9 01       		.byte	1
 515 01ea 9A       		.byte	-102
 516 01eb 02       		.byte	2
 517 01ec 9B       		.byte	-101
 518 01ed 03       		.byte	3
 519 01ee A0       		.byte	-96
 520 01ef 0C       		.byte	12
 521 01f0 A4       		.byte	-92
 522 01f1 0C       		.byte	12
 523 01f2 A7       		.byte	-89
 524 01f3 06       		.byte	6
 525 01f4 AA       		.byte	-86
 526 01f5 10       		.byte	16
 527 01f6 B0       		.byte	-80
 528 01f7 02       		.byte	2
 529 01f8 B2       		.byte	-78
 530 01f9 10       		.byte	16
 531 01fa B4       		.byte	-76
 532 01fb 01       		.byte	1
 533 01fc B5       		.byte	-75
 534 01fd 07       		.byte	7
 535 01fe B6       		.byte	-74
 536 01ff 0C       		.byte	12
 537 0200 B8       		.byte	-72
 538 0201 80       		.byte	-128
 539 0202 BB       		.byte	-69
 540 0203 20       		.byte	32
 541 0204 BE       		.byte	-66
 542 0205 40       		.byte	64
 543 0206 C0       		.byte	-64
 544 0207 01       		.byte	1
 545 0208 C5       		.byte	-59
 546 0209 40       		.byte	64
 547 020a C9       		.byte	-55
 548 020b FF       		.byte	-1
 549 020c CA       		.byte	-54
 550 020d 07       		.byte	7
 551 020e CB       		.byte	-53
 552 020f FF       		.byte	-1
 553 0210 CC       		.byte	-52
 554 0211 40       		.byte	64
 555 0212 CD       		.byte	-51
 556 0213 20       		.byte	32
 557 0214 CE       		.byte	-50
 558 0215 F0       		.byte	-16
 559 0216 CF       		.byte	-49
 560 0217 05       		.byte	5
 561 0218 D0       		.byte	-48
 562 0219 08       		.byte	8
 563 021a D8       		.byte	-40
 564 021b 04       		.byte	4
 565 021c D9       		.byte	-39
 566 021d 04       		.byte	4
 567 021e DA       		.byte	-38
 568 021f 04       		.byte	4
 569 0220 DC       		.byte	-36
 570 0221 13       		.byte	19
ARM GAS  C:\Users\mariu\AppData\Local\Temp\ccb5GVG2.s 			page 11


 571 0222 DD       		.byte	-35
 572 0223 01       		.byte	1
 573 0224 DF       		.byte	-33
 574 0225 01       		.byte	1
 575 0226 E0       		.byte	-32
 576 0227 40       		.byte	64
 577 0228 E1       		.byte	-31
 578 0229 A8       		.byte	-88
 579 022a E2       		.byte	-30
 580 022b 40       		.byte	64
 581 022c E3       		.byte	-29
 582 022d 20       		.byte	32
 583 022e 00       		.byte	0
 584 022f 04       		.byte	4
 585 0230 02       		.byte	2
 586 0231 02       		.byte	2
 587 0232 04       		.byte	4
 588 0233 04       		.byte	4
 589 0234 07       		.byte	7
 590 0235 04       		.byte	4
 591 0236 0A       		.byte	10
 592 0237 20       		.byte	32
 593 0238 0E       		.byte	14
 594 0239 A8       		.byte	-88
 595 023a 0F       		.byte	15
 596 023b 20       		.byte	32
 597 023c 10       		.byte	16
 598 023d 04       		.byte	4
 599 023e 13       		.byte	19
 600 023f 04       		.byte	4
 601 0240 15       		.byte	21
 602 0241 20       		.byte	32
 603 0242 17       		.byte	23
 604 0243 09       		.byte	9
 605 0244 18       		.byte	24
 606 0245 04       		.byte	4
 607 0246 19       		.byte	25
 608 0247 20       		.byte	32
 609 0248 1A       		.byte	26
 610 0249 21       		.byte	33
 611 024a 1B       		.byte	27
 612 024b 02       		.byte	2
 613 024c 1D       		.byte	29
 614 024d 80       		.byte	-128
 615 024e 1E       		.byte	30
 616 024f 94       		.byte	-108
 617 0250 21       		.byte	33
 618 0251 10       		.byte	16
 619 0252 22       		.byte	34
 620 0253 4A       		.byte	74
 621 0254 23       		.byte	35
 622 0255 04       		.byte	4
 623 0256 26       		.byte	38
 624 0257 20       		.byte	32
 625 0258 27       		.byte	39
 626 0259 08       		.byte	8
 627 025a 29       		.byte	41
ARM GAS  C:\Users\mariu\AppData\Local\Temp\ccb5GVG2.s 			page 12


 628 025b 20       		.byte	32
 629 025c 2F       		.byte	47
 630 025d 10       		.byte	16
 631 025e 32       		.byte	50
 632 025f 92       		.byte	-110
 633 0260 36       		.byte	54
 634 0261 20       		.byte	32
 635 0262 37       		.byte	55
 636 0263 05       		.byte	5
 637 0264 3A       		.byte	58
 638 0265 20       		.byte	32
 639 0266 3F       		.byte	63
 640 0267 22       		.byte	34
 641 0268 45       		.byte	69
 642 0269 80       		.byte	-128
 643 026a 4F       		.byte	79
 644 026b 02       		.byte	2
 645 026c 57       		.byte	87
 646 026d 10       		.byte	16
 647 026e 84       		.byte	-124
 648 026f 04       		.byte	4
 649 0270 86       		.byte	-122
 650 0271 01       		.byte	1
 651 0272 96       		.byte	-106
 652 0273 94       		.byte	-108
 653 0274 98       		.byte	-104
 654 0275 04       		.byte	4
 655 0276 9A       		.byte	-102
 656 0277 20       		.byte	32
 657 0278 A2       		.byte	-94
 658 0279 80       		.byte	-128
 659 027a AA       		.byte	-86
 660 027b 40       		.byte	64
 661 027c AE       		.byte	-82
 662 027d 20       		.byte	32
 663 027e B0       		.byte	-80
 664 027f 04       		.byte	4
 665 0280 C0       		.byte	-64
 666 0281 65       		.byte	101
 667 0282 C2       		.byte	-62
 668 0283 74       		.byte	116
 669 0284 C4       		.byte	-60
 670 0285 76       		.byte	118
 671 0286 CA       		.byte	-54
 672 0287 44       		.byte	68
 673 0288 CC       		.byte	-52
 674 0289 ED       		.byte	-19
 675 028a CE       		.byte	-50
 676 028b A4       		.byte	-92
 677 028c D0       		.byte	-48
 678 028d 10       		.byte	16
 679 028e EA       		.byte	-22
 680 028f 08       		.byte	8
 681 0290 82       		.byte	-126
 682 0291 90       		.byte	-112
 683 0292 96       		.byte	-106
 684 0293 04       		.byte	4
ARM GAS  C:\Users\mariu\AppData\Local\Temp\ccb5GVG2.s 			page 13


 685 0294 AF       		.byte	-81
 686 0295 20       		.byte	32
 687 0296 E6       		.byte	-26
 688 0297 04       		.byte	4
 689 0298 B8       		.byte	-72
 690 0299 20       		.byte	32
 691 029a BE       		.byte	-66
 692 029b 10       		.byte	16
 693 029c D8       		.byte	-40
 694 029d 04       		.byte	4
 695 029e DF       		.byte	-33
 696 029f 01       		.byte	1
 697 02a0 1D       		.byte	29
 698 02a1 10       		.byte	16
 699 02a2 1F       		.byte	31
 700 02a3 20       		.byte	32
 701 02a4 86       		.byte	-122
 702 02a5 04       		.byte	4
 703 02a6 8D       		.byte	-115
 704 02a7 10       		.byte	16
 705 02a8 04       		.byte	4
 706 02a9 14       		.byte	20
 707 02aa 08       		.byte	8
 708 02ab 1C       		.byte	28
 709 02ac 0A       		.byte	10
 710 02ad 02       		.byte	2
 711 02ae 0C       		.byte	12
 712 02af 10       		.byte	16
 713 02b0 0E       		.byte	14
 714 02b1 0C       		.byte	12
 715 02b2 14       		.byte	20
 716 02b3 20       		.byte	32
 717 02b4 16       		.byte	22
 718 02b5 03       		.byte	3
 719 02b6 17       		.byte	23
 720 02b7 05       		.byte	5
 721 02b8 1C       		.byte	28
 722 02b9 10       		.byte	16
 723 02ba 1D       		.byte	29
 724 02bb 01       		.byte	1
 725 02bc 24       		.byte	36
 726 02bd 0C       		.byte	12
 727 02be 26       		.byte	38
 728 02bf 11       		.byte	17
 729 02c0 28       		.byte	40
 730 02c1 09       		.byte	9
 731 02c2 2A       		.byte	42
 732 02c3 10       		.byte	16
 733 02c4 2F       		.byte	47
 734 02c5 02       		.byte	2
 735 02c6 32       		.byte	50
 736 02c7 1F       		.byte	31
 737 02c8 33       		.byte	51
 738 02c9 02       		.byte	2
 739 02ca 35       		.byte	53
 740 02cb 01       		.byte	1
 741 02cc 36       		.byte	54
ARM GAS  C:\Users\mariu\AppData\Local\Temp\ccb5GVG2.s 			page 14


 742 02cd 20       		.byte	32
 743 02ce 37       		.byte	55
 744 02cf 04       		.byte	4
 745 02d0 3E       		.byte	62
 746 02d1 40       		.byte	64
 747 02d2 58       		.byte	88
 748 02d3 04       		.byte	4
 749 02d4 59       		.byte	89
 750 02d5 04       		.byte	4
 751 02d6 5C       		.byte	92
 752 02d7 31       		.byte	49
 753 02d8 5F       		.byte	95
 754 02d9 01       		.byte	1
 755 02da 82       		.byte	-126
 756 02db 63       		.byte	99
 757 02dc 84       		.byte	-124
 758 02dd 1F       		.byte	31
 759 02de 86       		.byte	-122
 760 02df 20       		.byte	32
 761 02e0 87       		.byte	-121
 762 02e1 04       		.byte	4
 763 02e2 88       		.byte	-120
 764 02e3 11       		.byte	17
 765 02e4 8A       		.byte	-118
 766 02e5 80       		.byte	-128
 767 02e6 8B       		.byte	-117
 768 02e7 04       		.byte	4
 769 02e8 8C       		.byte	-116
 770 02e9 02       		.byte	2
 771 02ea 90       		.byte	-112
 772 02eb 73       		.byte	115
 773 02ec 92       		.byte	-110
 774 02ed 0C       		.byte	12
 775 02ee 94       		.byte	-108
 776 02ef 7F       		.byte	127
 777 02f0 95       		.byte	-107
 778 02f1 01       		.byte	1
 779 02f2 98       		.byte	-104
 780 02f3 1C       		.byte	28
 781 02f4 99       		.byte	-103
 782 02f5 02       		.byte	2
 783 02f6 9A       		.byte	-102
 784 02f7 43       		.byte	67
 785 02f8 9E       		.byte	-98
 786 02f9 10       		.byte	16
 787 02fa 9F       		.byte	-97
 788 02fb 01       		.byte	1
 789 02fc A0       		.byte	-96
 790 02fd 08       		.byte	8
 791 02fe A1       		.byte	-95
 792 02ff 02       		.byte	2
 793 0300 A4       		.byte	-92
 794 0301 04       		.byte	4
 795 0302 A5       		.byte	-91
 796 0303 02       		.byte	2
 797 0304 A8       		.byte	-88
 798 0305 0C       		.byte	12
ARM GAS  C:\Users\mariu\AppData\Local\Temp\ccb5GVG2.s 			page 15


 799 0306 A9       		.byte	-87
 800 0307 02       		.byte	2
 801 0308 AC       		.byte	-84
 802 0309 03       		.byte	3
 803 030a B0       		.byte	-80
 804 030b 0F       		.byte	15
 805 030c B1       		.byte	-79
 806 030d 04       		.byte	4
 807 030e B3       		.byte	-77
 808 030f 02       		.byte	2
 809 0310 B4       		.byte	-76
 810 0311 7C       		.byte	124
 811 0312 B5       		.byte	-75
 812 0313 01       		.byte	1
 813 0314 B6       		.byte	-74
 814 0315 80       		.byte	-128
 815 0316 BA       		.byte	-70
 816 0317 22       		.byte	34
 817 0318 BF       		.byte	-65
 818 0319 05       		.byte	5
 819 031a D6       		.byte	-42
 820 031b 02       		.byte	2
 821 031c D7       		.byte	-41
 822 031d 12       		.byte	18
 823 031e D8       		.byte	-40
 824 031f 04       		.byte	4
 825 0320 D9       		.byte	-39
 826 0321 04       		.byte	4
 827 0322 DB       		.byte	-37
 828 0323 04       		.byte	4
 829 0324 DC       		.byte	-36
 830 0325 31       		.byte	49
 831 0326 DD       		.byte	-35
 832 0327 10       		.byte	16
 833 0328 DF       		.byte	-33
 834 0329 01       		.byte	1
 835 032a 00       		.byte	0
 836 032b 40       		.byte	64
 837 032c 03       		.byte	3
 838 032d 68       		.byte	104
 839 032e 06       		.byte	6
 840 032f 10       		.byte	16
 841 0330 07       		.byte	7
 842 0331 05       		.byte	5
 843 0332 08       		.byte	8
 844 0333 08       		.byte	8
 845 0334 0A       		.byte	10
 846 0335 85       		.byte	-123
 847 0336 0E       		.byte	14
 848 0337 10       		.byte	16
 849 0338 0F       		.byte	15
 850 0339 02       		.byte	2
 851 033a 10       		.byte	16
 852 033b 80       		.byte	-128
 853 033c 12       		.byte	18
 854 033d 01       		.byte	1
 855 033e 13       		.byte	19
ARM GAS  C:\Users\mariu\AppData\Local\Temp\ccb5GVG2.s 			page 16


 856 033f 24       		.byte	36
 857 0340 16       		.byte	22
 858 0341 04       		.byte	4
 859 0342 17       		.byte	23
 860 0343 08       		.byte	8
 861 0344 19       		.byte	25
 862 0345 11       		.byte	17
 863 0346 1A       		.byte	26
 864 0347 85       		.byte	-123
 865 0348 1B       		.byte	27
 866 0349 02       		.byte	2
 867 034a 1E       		.byte	30
 868 034b 10       		.byte	16
 869 034c 1F       		.byte	31
 870 034d 40       		.byte	64
 871 034e 20       		.byte	32
 872 034f 08       		.byte	8
 873 0350 22       		.byte	34
 874 0351 04       		.byte	4
 875 0352 23       		.byte	35
 876 0353 40       		.byte	64
 877 0354 25       		.byte	37
 878 0355 20       		.byte	32
 879 0356 26       		.byte	38
 880 0357 84       		.byte	-124
 881 0358 28       		.byte	40
 882 0359 08       		.byte	8
 883 035a 29       		.byte	41
 884 035b 21       		.byte	33
 885 035c 2B       		.byte	43
 886 035d 20       		.byte	32
 887 035e 2D       		.byte	45
 888 035f 80       		.byte	-128
 889 0360 31       		.byte	49
 890 0361 10       		.byte	16
 891 0362 32       		.byte	50
 892 0363 88       		.byte	-120
 893 0364 36       		.byte	54
 894 0365 88       		.byte	-120
 895 0366 38       		.byte	56
 896 0367 08       		.byte	8
 897 0368 3A       		.byte	58
 898 0369 40       		.byte	64
 899 036a 3B       		.byte	59
 900 036b 50       		.byte	80
 901 036c 5A       		.byte	90
 902 036d 08       		.byte	8
 903 036e 66       		.byte	102
 904 036f 04       		.byte	4
 905 0370 67       		.byte	103
 906 0371 20       		.byte	32
 907 0372 68       		.byte	104
 908 0373 10       		.byte	16
 909 0374 69       		.byte	105
 910 0375 10       		.byte	16
 911 0376 6A       		.byte	106
 912 0377 40       		.byte	64
ARM GAS  C:\Users\mariu\AppData\Local\Temp\ccb5GVG2.s 			page 17


 913 0378 70       		.byte	112
 914 0379 80       		.byte	-128
 915 037a 71       		.byte	113
 916 037b 08       		.byte	8
 917 037c 72       		.byte	114
 918 037d 08       		.byte	8
 919 037e 73       		.byte	115
 920 037f 24       		.byte	36
 921 0380 87       		.byte	-121
 922 0381 40       		.byte	64
 923 0382 90       		.byte	-112
 924 0383 80       		.byte	-128
 925 0384 93       		.byte	-109
 926 0385 30       		.byte	48
 927 0386 95       		.byte	-107
 928 0387 50       		.byte	80
 929 0388 96       		.byte	-106
 930 0389 42       		.byte	66
 931 038a 97       		.byte	-105
 932 038b 02       		.byte	2
 933 038c 9B       		.byte	-101
 934 038d 4C       		.byte	76
 935 038e 9C       		.byte	-100
 936 038f 08       		.byte	8
 937 0390 9D       		.byte	-99
 938 0391 11       		.byte	17
 939 0392 9E       		.byte	-98
 940 0393 48       		.byte	72
 941 0394 9F       		.byte	-97
 942 0395 01       		.byte	1
 943 0396 A2       		.byte	-94
 944 0397 19       		.byte	25
 945 0398 A3       		.byte	-93
 946 0399 21       		.byte	33
 947 039a A4       		.byte	-92
 948 039b 94       		.byte	-108
 949 039c A5       		.byte	-91
 950 039d 28       		.byte	40
 951 039e A6       		.byte	-90
 952 039f 04       		.byte	4
 953 03a0 B5       		.byte	-75
 954 03a1 10       		.byte	16
 955 03a2 B6       		.byte	-74
 956 03a3 80       		.byte	-128
 957 03a4 C0       		.byte	-64
 958 03a5 EF       		.byte	-17
 959 03a6 C2       		.byte	-62
 960 03a7 AF       		.byte	-81
 961 03a8 C4       		.byte	-60
 962 03a9 6F       		.byte	111
 963 03aa CA       		.byte	-54
 964 03ab 17       		.byte	23
 965 03ac CC       		.byte	-52
 966 03ad 5E       		.byte	94
 967 03ae CE       		.byte	-50
 968 03af 06       		.byte	6
 969 03b0 D6       		.byte	-42
ARM GAS  C:\Users\mariu\AppData\Local\Temp\ccb5GVG2.s 			page 18


 970 03b1 02       		.byte	2
 971 03b2 E0       		.byte	-32
 972 03b3 08       		.byte	8
 973 03b4 00       		.byte	0
 974 03b5 02       		.byte	2
 975 03b6 01       		.byte	1
 976 03b7 04       		.byte	4
 977 03b8 02       		.byte	2
 978 03b9 05       		.byte	5
 979 03ba 03       		.byte	3
 980 03bb 01       		.byte	1
 981 03bc 08       		.byte	8
 982 03bd 07       		.byte	7
 983 03be 0C       		.byte	12
 984 03bf 04       		.byte	4
 985 03c0 0D       		.byte	13
 986 03c1 08       		.byte	8
 987 03c2 0E       		.byte	14
 988 03c3 02       		.byte	2
 989 03c4 0F       		.byte	15
 990 03c5 01       		.byte	1
 991 03c6 11       		.byte	17
 992 03c7 0C       		.byte	12
 993 03c8 1B       		.byte	27
 994 03c9 0C       		.byte	12
 995 03ca 1F       		.byte	31
 996 03cb 0C       		.byte	12
 997 03cc 21       		.byte	33
 998 03cd 0C       		.byte	12
 999 03ce 23       		.byte	35
 1000 03cf 02       		.byte	2
 1001 03d0 27       		.byte	39
 1002 03d1 0C       		.byte	12
 1003 03d2 28       		.byte	40
 1004 03d3 07       		.byte	7
 1005 03d4 29       		.byte	41
 1006 03d5 0C       		.byte	12
 1007 03d6 2C       		.byte	44
 1008 03d7 01       		.byte	1
 1009 03d8 2E       		.byte	46
 1010 03d9 02       		.byte	2
 1011 03da 30       		.byte	48
 1012 03db 07       		.byte	7
 1013 03dc 31       		.byte	49
 1014 03dd 0C       		.byte	12
 1015 03de 37       		.byte	55
 1016 03df 03       		.byte	3
 1017 03e0 3A       		.byte	58
 1018 03e1 20       		.byte	32
 1019 03e2 3F       		.byte	63
 1020 03e3 40       		.byte	64
 1021 03e4 40       		.byte	64
 1022 03e5 45       		.byte	69
 1023 03e6 41       		.byte	65
 1024 03e7 02       		.byte	2
 1025 03e8 42       		.byte	66
 1026 03e9 06       		.byte	6
ARM GAS  C:\Users\mariu\AppData\Local\Temp\ccb5GVG2.s 			page 19


 1027 03ea 44       		.byte	68
 1028 03eb 01       		.byte	1
 1029 03ec 45       		.byte	69
 1030 03ed E0       		.byte	-32
 1031 03ee 47       		.byte	71
 1032 03ef 0C       		.byte	12
 1033 03f0 48       		.byte	72
 1034 03f1 12       		.byte	18
 1035 03f2 49       		.byte	73
 1036 03f3 FF       		.byte	-1
 1037 03f4 4A       		.byte	74
 1038 03f5 FF       		.byte	-1
 1039 03f6 4B       		.byte	75
 1040 03f7 FF       		.byte	-1
 1041 03f8 4C       		.byte	76
 1042 03f9 62       		.byte	98
 1043 03fa 4D       		.byte	77
 1044 03fb A0       		.byte	-96
 1045 03fc 4E       		.byte	78
 1046 03fd F0       		.byte	-16
 1047 03fe 4F       		.byte	79
 1048 03ff 41       		.byte	65
 1049 0400 50       		.byte	80
 1050 0401 0C       		.byte	12
 1051 0402 58       		.byte	88
 1052 0403 04       		.byte	4
 1053 0404 59       		.byte	89
 1054 0405 04       		.byte	4
 1055 0406 5A       		.byte	90
 1056 0407 04       		.byte	4
 1057 0408 5C       		.byte	92
 1058 0409 11       		.byte	17
 1059 040a 5D       		.byte	93
 1060 040b 01       		.byte	1
 1061 040c 5F       		.byte	95
 1062 040d 01       		.byte	1
 1063 040e 66       		.byte	102
 1064 040f 40       		.byte	64
 1065 0410 67       		.byte	103
 1066 0411 02       		.byte	2
 1067 0412 69       		.byte	105
 1068 0413 10       		.byte	16
 1069 0414 6A       		.byte	106
 1070 0415 30       		.byte	48
 1071 0416 6B       		.byte	107
 1072 0417 10       		.byte	16
 1073 0418 6D       		.byte	109
 1074 0419 10       		.byte	16
 1075 041a 6E       		.byte	110
 1076 041b 10       		.byte	16
 1077 041c 6F       		.byte	111
 1078 041d 12       		.byte	18
 1079 041e 85       		.byte	-123
 1080 041f 03       		.byte	3
 1081 0420 87       		.byte	-121
 1082 0421 04       		.byte	4
 1083 0422 8A       		.byte	-118
ARM GAS  C:\Users\mariu\AppData\Local\Temp\ccb5GVG2.s 			page 20


 1084 0423 01       		.byte	1
 1085 0424 95       		.byte	-107
 1086 0425 0A       		.byte	10
 1087 0426 96       		.byte	-106
 1088 0427 01       		.byte	1
 1089 0428 97       		.byte	-105
 1090 0429 04       		.byte	4
 1091 042a 9B       		.byte	-101
 1092 042b 05       		.byte	5
 1093 042c 9C       		.byte	-100
 1094 042d 02       		.byte	2
 1095 042e 9D       		.byte	-99
 1096 042f 03       		.byte	3
 1097 0430 9F       		.byte	-97
 1098 0431 0C       		.byte	12
 1099 0432 A0       		.byte	-96
 1100 0433 01       		.byte	1
 1101 0434 A4       		.byte	-92
 1102 0435 01       		.byte	1
 1103 0436 A7       		.byte	-89
 1104 0437 08       		.byte	8
 1105 0438 A9       		.byte	-87
 1106 0439 03       		.byte	3
 1107 043a AA       		.byte	-86
 1108 043b 01       		.byte	1
 1109 043c AB       		.byte	-85
 1110 043d 04       		.byte	4
 1111 043e B0       		.byte	-80
 1112 043f 01       		.byte	1
 1113 0440 B4       		.byte	-76
 1114 0441 02       		.byte	2
 1115 0442 B7       		.byte	-73
 1116 0443 0F       		.byte	15
 1117 0444 BB       		.byte	-69
 1118 0445 80       		.byte	-128
 1119 0446 BE       		.byte	-66
 1120 0447 11       		.byte	17
 1121 0448 C0       		.byte	-64
 1122 0449 42       		.byte	66
 1123 044a C1       		.byte	-63
 1124 044b 03       		.byte	3
 1125 044c C5       		.byte	-59
 1126 044d E0       		.byte	-32
 1127 044e C6       		.byte	-58
 1128 044f B0       		.byte	-80
 1129 0450 C7       		.byte	-57
 1130 0451 0C       		.byte	12
 1131 0452 C8       		.byte	-56
 1132 0453 1A       		.byte	26
 1133 0454 C9       		.byte	-55
 1134 0455 FF       		.byte	-1
 1135 0456 CA       		.byte	-54
 1136 0457 FF       		.byte	-1
 1137 0458 CB       		.byte	-53
 1138 0459 FF       		.byte	-1
 1139 045a CE       		.byte	-50
 1140 045b F0       		.byte	-16
ARM GAS  C:\Users\mariu\AppData\Local\Temp\ccb5GVG2.s 			page 21


 1141 045c CF       		.byte	-49
 1142 045d 44       		.byte	68
 1143 045e D0       		.byte	-48
 1144 045f 0C       		.byte	12
 1145 0460 D4       		.byte	-44
 1146 0461 01       		.byte	1
 1147 0462 D8       		.byte	-40
 1148 0463 04       		.byte	4
 1149 0464 D9       		.byte	-39
 1150 0465 04       		.byte	4
 1151 0466 DA       		.byte	-38
 1152 0467 04       		.byte	4
 1153 0468 DB       		.byte	-37
 1154 0469 04       		.byte	4
 1155 046a DC       		.byte	-36
 1156 046b 10       		.byte	16
 1157 046c DD       		.byte	-35
 1158 046d 11       		.byte	17
 1159 046e DF       		.byte	-33
 1160 046f 01       		.byte	1
 1161 0470 E6       		.byte	-26
 1162 0471 C0       		.byte	-64
 1163 0472 EA       		.byte	-22
 1164 0473 40       		.byte	64
 1165 0474 EB       		.byte	-21
 1166 0475 02       		.byte	2
 1167 0476 00       		.byte	0
 1168 0477 60       		.byte	96
 1169 0478 01       		.byte	1
 1170 0479 02       		.byte	2
 1171 047a 07       		.byte	7
 1172 047b 04       		.byte	4
 1173 047c 0C       		.byte	12
 1174 047d 84       		.byte	-124
 1175 047e 0E       		.byte	14
 1176 047f 20       		.byte	32
 1177 0480 11       		.byte	17
 1178 0481 50       		.byte	80
 1179 0482 16       		.byte	22
 1180 0483 24       		.byte	36
 1181 0484 17       		.byte	23
 1182 0485 29       		.byte	41
 1183 0486 18       		.byte	24
 1184 0487 04       		.byte	4
 1185 0488 19       		.byte	25
 1186 0489 23       		.byte	35
 1187 048a 1E       		.byte	30
 1188 048b 84       		.byte	-124
 1189 048c 20       		.byte	32
 1190 048d 01       		.byte	1
 1191 048e 22       		.byte	34
 1192 048f 01       		.byte	1
 1193 0490 26       		.byte	38
 1194 0491 80       		.byte	-128
 1195 0492 27       		.byte	39
 1196 0493 01       		.byte	1
 1197 0494 29       		.byte	41
ARM GAS  C:\Users\mariu\AppData\Local\Temp\ccb5GVG2.s 			page 22


 1198 0495 21       		.byte	33
 1199 0496 2A       		.byte	42
 1200 0497 01       		.byte	1
 1201 0498 2B       		.byte	43
 1202 0499 20       		.byte	32
 1203 049a 2E       		.byte	46
 1204 049b 20       		.byte	32
 1205 049c 2F       		.byte	47
 1206 049d 10       		.byte	16
 1207 049e 31       		.byte	49
 1208 049f 50       		.byte	80
 1209 04a0 33       		.byte	51
 1210 04a1 02       		.byte	2
 1211 04a2 36       		.byte	54
 1212 04a3 90       		.byte	-112
 1213 04a4 37       		.byte	55
 1214 04a5 04       		.byte	4
 1215 04a6 38       		.byte	56
 1216 04a7 C2       		.byte	-62
 1217 04a8 3E       		.byte	62
 1218 04a9 08       		.byte	8
 1219 04aa 40       		.byte	64
 1220 04ab 05       		.byte	5
 1221 04ac 43       		.byte	67
 1222 04ad 02       		.byte	2
 1223 04ae 44       		.byte	68
 1224 04af 04       		.byte	4
 1225 04b0 47       		.byte	71
 1226 04b1 09       		.byte	9
 1227 04b2 49       		.byte	73
 1228 04b3 40       		.byte	64
 1229 04b4 4A       		.byte	74
 1230 04b5 01       		.byte	1
 1231 04b6 4B       		.byte	75
 1232 04b7 12       		.byte	18
 1233 04b8 4C       		.byte	76
 1234 04b9 80       		.byte	-128
 1235 04ba 4D       		.byte	77
 1236 04bb 01       		.byte	1
 1237 04bc 50       		.byte	80
 1238 04bd 04       		.byte	4
 1239 04be 56       		.byte	86
 1240 04bf 1C       		.byte	28
 1241 04c0 5D       		.byte	93
 1242 04c1 01       		.byte	1
 1243 04c2 5E       		.byte	94
 1244 04c3 84       		.byte	-124
 1245 04c4 5F       		.byte	95
 1246 04c5 20       		.byte	32
 1247 04c6 87       		.byte	-121
 1248 04c7 08       		.byte	8
 1249 04c8 8C       		.byte	-116
 1250 04c9 01       		.byte	1
 1251 04ca 8D       		.byte	-115
 1252 04cb 40       		.byte	64
 1253 04cc 90       		.byte	-112
 1254 04cd 80       		.byte	-128
ARM GAS  C:\Users\mariu\AppData\Local\Temp\ccb5GVG2.s 			page 23


 1255 04ce 91       		.byte	-111
 1256 04cf 10       		.byte	16
 1257 04d0 93       		.byte	-109
 1258 04d1 30       		.byte	48
 1259 04d2 94       		.byte	-108
 1260 04d3 48       		.byte	72
 1261 04d4 95       		.byte	-107
 1262 04d5 40       		.byte	64
 1263 04d6 96       		.byte	-106
 1264 04d7 02       		.byte	2
 1265 04d8 97       		.byte	-105
 1266 04d9 02       		.byte	2
 1267 04da 99       		.byte	-103
 1268 04db 10       		.byte	16
 1269 04dc 9B       		.byte	-101
 1270 04dd 0C       		.byte	12
 1271 04de 9D       		.byte	-99
 1272 04df 20       		.byte	32
 1273 04e0 9E       		.byte	-98
 1274 04e1 11       		.byte	17
 1275 04e2 9F       		.byte	-97
 1276 04e3 01       		.byte	1
 1277 04e4 A0       		.byte	-96
 1278 04e5 10       		.byte	16
 1279 04e6 A2       		.byte	-94
 1280 04e7 11       		.byte	17
 1281 04e8 A3       		.byte	-93
 1282 04e9 22       		.byte	34
 1283 04ea A7       		.byte	-89
 1284 04eb 08       		.byte	8
 1285 04ec B1       		.byte	-79
 1286 04ed 80       		.byte	-128
 1287 04ee C0       		.byte	-64
 1288 04ef 4B       		.byte	75
 1289 04f0 C2       		.byte	-62
 1290 04f1 A0       		.byte	-96
 1291 04f2 C4       		.byte	-60
 1292 04f3 73       		.byte	115
 1293 04f4 CA       		.byte	-54
 1294 04f5 67       		.byte	103
 1295 04f6 CC       		.byte	-52
 1296 04f7 7D       		.byte	125
 1297 04f8 CE       		.byte	-50
 1298 04f9 49       		.byte	73
 1299 04fa D0       		.byte	-48
 1300 04fb ED       		.byte	-19
 1301 04fc D2       		.byte	-46
 1302 04fd 0C       		.byte	12
 1303 04fe D6       		.byte	-42
 1304 04ff F0       		.byte	-16
 1305 0500 E6       		.byte	-26
 1306 0501 02       		.byte	2
 1307 0502 32       		.byte	50
 1308 0503 02       		.byte	2
 1309 0504 33       		.byte	51
 1310 0505 80       		.byte	-128
 1311 0506 36       		.byte	54
ARM GAS  C:\Users\mariu\AppData\Local\Temp\ccb5GVG2.s 			page 24


 1312 0507 08       		.byte	8
 1313 0508 37       		.byte	55
 1314 0509 20       		.byte	32
 1315 050a 3B       		.byte	59
 1316 050b 20       		.byte	32
 1317 050c 3C       		.byte	60
 1318 050d 10       		.byte	16
 1319 050e 87       		.byte	-121
 1320 050f 20       		.byte	32
 1321 0510 CC       		.byte	-52
 1322 0511 F0       		.byte	-16
 1323 0512 CE       		.byte	-50
 1324 0513 30       		.byte	48
 1325 0514 E2       		.byte	-30
 1326 0515 40       		.byte	64
 1327 0516 30       		.byte	48
 1328 0517 02       		.byte	2
 1329 0518 31       		.byte	49
 1330 0519 20       		.byte	32
 1331 051a 34       		.byte	52
 1332 051b 80       		.byte	-128
 1333 051c 82       		.byte	-126
 1334 051d 02       		.byte	2
 1335 051e 94       		.byte	-108
 1336 051f 10       		.byte	16
 1337 0520 97       		.byte	-105
 1338 0521 20       		.byte	32
 1339 0522 A3       		.byte	-93
 1340 0523 01       		.byte	1
 1341 0524 A6       		.byte	-90
 1342 0525 0A       		.byte	10
 1343 0526 A7       		.byte	-89
 1344 0527 80       		.byte	-128
 1345 0528 AF       		.byte	-81
 1346 0529 01       		.byte	1
 1347 052a CC       		.byte	-52
 1348 052b 70       		.byte	112
 1349 052c E2       		.byte	-30
 1350 052d 80       		.byte	-128
 1351 052e EE       		.byte	-18
 1352 052f 10       		.byte	16
 1353 0530 1B       		.byte	27
 1354 0531 04       		.byte	4
 1355 0532 3F       		.byte	63
 1356 0533 08       		.byte	8
 1357 0534 63       		.byte	99
 1358 0535 02       		.byte	2
 1359 0536 84       		.byte	-124
 1360 0537 02       		.byte	2
 1361 0538 87       		.byte	-121
 1362 0539 10       		.byte	16
 1363 053a 94       		.byte	-108
 1364 053b 10       		.byte	16
 1365 053c 97       		.byte	-105
 1366 053d 20       		.byte	32
 1367 053e A3       		.byte	-93
 1368 053f 01       		.byte	1
ARM GAS  C:\Users\mariu\AppData\Local\Temp\ccb5GVG2.s 			page 25


 1369 0540 A4       		.byte	-92
 1370 0541 02       		.byte	2
 1371 0542 A5       		.byte	-91
 1372 0543 20       		.byte	32
 1373 0544 A6       		.byte	-90
 1374 0545 08       		.byte	8
 1375 0546 A7       		.byte	-89
 1376 0547 80       		.byte	-128
 1377 0548 A8       		.byte	-88
 1378 0549 80       		.byte	-128
 1379 054a C6       		.byte	-58
 1380 054b 10       		.byte	16
 1381 054c CE       		.byte	-50
 1382 054d 80       		.byte	-128
 1383 054e D6       		.byte	-42
 1384 054f 40       		.byte	64
 1385 0550 E2       		.byte	-30
 1386 0551 10       		.byte	16
 1387 0552 E6       		.byte	-26
 1388 0553 40       		.byte	64
 1389 0554 EE       		.byte	-18
 1390 0555 80       		.byte	-128
 1391 0556 11       		.byte	17
 1392 0557 40       		.byte	64
 1393 0558 80       		.byte	-128
 1394 0559 10       		.byte	16
 1395 055a 85       		.byte	-123
 1396 055b 20       		.byte	32
 1397 055c 94       		.byte	-108
 1398 055d 14       		.byte	20
 1399 055e A5       		.byte	-91
 1400 055f 20       		.byte	32
 1401 0560 A7       		.byte	-89
 1402 0561 80       		.byte	-128
 1403 0562 A8       		.byte	-88
 1404 0563 04       		.byte	4
 1405 0564 AE       		.byte	-82
 1406 0565 08       		.byte	8
 1407 0566 C4       		.byte	-60
 1408 0567 40       		.byte	64
 1409 0568 E2       		.byte	-30
 1410 0569 10       		.byte	16
 1411 056a E4       		.byte	-28
 1412 056b 80       		.byte	-128
 1413 056c E8       		.byte	-24
 1414 056d 20       		.byte	32
 1415 056e EA       		.byte	-22
 1416 056f 10       		.byte	16
 1417 0570 7C       		.byte	124
 1418 0571 20       		.byte	32
 1419 0572 8C       		.byte	-116
 1420 0573 20       		.byte	32
 1421 0574 DE       		.byte	-34
 1422 0575 01       		.byte	1
 1423 0576 E0       		.byte	-32
 1424 0577 02       		.byte	2
 1425 0578 08       		.byte	8
ARM GAS  C:\Users\mariu\AppData\Local\Temp\ccb5GVG2.s 			page 26


 1426 0579 20       		.byte	32
 1427 057a 0C       		.byte	12
 1428 057b 82       		.byte	-126
 1429 057c 80       		.byte	-128
 1430 057d 20       		.byte	32
 1431 057e C2       		.byte	-62
 1432 057f 07       		.byte	7
 1433 0580 47       		.byte	71
 1434 0581 08       		.byte	8
 1435 0582 AC       		.byte	-84
 1436 0583 80       		.byte	-128
 1437 0584 B0       		.byte	-80
 1438 0585 02       		.byte	2
 1439 0586 D0       		.byte	-48
 1440 0587 01       		.byte	1
 1441 0588 EE       		.byte	-18
 1442 0589 01       		.byte	1
 1443 058a 32       		.byte	50
 1444 058b 40       		.byte	64
 1445 058c 82       		.byte	-126
 1446 058d 40       		.byte	64
 1447 058e AB       		.byte	-85
 1448 058f 08       		.byte	8
 1449 0590 CC       		.byte	-52
 1450 0591 08       		.byte	8
 1451 0592 24       		.byte	36
 1452 0593 14       		.byte	20
 1453 0594 94       		.byte	-108
 1454 0595 14       		.byte	20
 1455 0596 A9       		.byte	-87
 1456 0597 40       		.byte	64
 1457 0598 AB       		.byte	-85
 1458 0599 80       		.byte	-128
 1459 059a C8       		.byte	-56
 1460 059b A0       		.byte	-96
 1461 059c 0C       		.byte	12
 1462 059d 04       		.byte	4
 1463 059e 87       		.byte	-121
 1464 059f 10       		.byte	16
 1465 05a0 C2       		.byte	-62
 1466 05a1 04       		.byte	4
 1467 05a2 12       		.byte	18
 1468 05a3 80       		.byte	-128
 1469 05a4 13       		.byte	19
 1470 05a5 02       		.byte	2
 1471 05a6 73       		.byte	115
 1472 05a7 10       		.byte	16
 1473 05a8 87       		.byte	-121
 1474 05a9 02       		.byte	2
 1475 05aa 8E       		.byte	-114
 1476 05ab 80       		.byte	-128
 1477 05ac 93       		.byte	-109
 1478 05ad 10       		.byte	16
 1479 05ae B0       		.byte	-80
 1480 05af 04       		.byte	4
 1481 05b0 C4       		.byte	-60
 1482 05b1 08       		.byte	8
ARM GAS  C:\Users\mariu\AppData\Local\Temp\ccb5GVG2.s 			page 27


 1483 05b2 DC       		.byte	-36
 1484 05b3 01       		.byte	1
 1485 05b4 E2       		.byte	-30
 1486 05b5 02       		.byte	2
 1487 05b6 EE       		.byte	-18
 1488 05b7 01       		.byte	1
 1489 05b8 00       		.byte	0
 1490 05b9 0A       		.byte	10
 1491 05ba 0C       		.byte	12
 1492 05bb 0A       		.byte	10
 1493 05bc 10       		.byte	16
 1494 05bd 0A       		.byte	10
 1495 05be 1C       		.byte	28
 1496 05bf 0A       		.byte	10
 1497 05c0 00       		.byte	0
 1498 05c1 FE       		.byte	-2
 1499 05c2 01       		.byte	1
 1500 05c3 FF       		.byte	-1
 1501 05c4 04       		.byte	4
 1502 05c5 0C       		.byte	12
 1503 05c6 10       		.byte	16
 1504 05c7 02       		.byte	2
 1505 05c8 03       		.byte	3
 1506 05c9 00       		.byte	0
 1507 05ca 0C       		.byte	12
 1508 05cb 0F       		.byte	15
 1509 05cc 00       		.byte	0
 1510 05cd 00       		.byte	0
 1511 05ce 00       		.byte	0
 1512 05cf 00       		.byte	0
 1513 05d0 00       		.byte	0
 1514 05d1 00       		.byte	0
 1515 05d2 00       		.byte	0
 1516 05d3 00       		.byte	0
 1517 05d4 80       		.byte	-128
 1518 05d5 00       		.byte	0
 1519 05d6 40       		.byte	64
 1520 05d7 80       		.byte	-128
 1521 05d8 80       		.byte	-128
 1522 05d9 00       		.byte	0
 1523 05da 80       		.byte	-128
 1524 05db 00       		.byte	0
 1525 05dc 00       		.byte	0
 1526 05dd 00       		.byte	0
 1527 05de 00       		.byte	0
 1528 05df 00       		.byte	0
 1529 05e0 20       		.byte	32
 1530 05e1 00       		.byte	0
 1531 05e2 00       		.byte	0
 1532 05e3 EB       		.byte	-21
 1533 05e4 CB       		.byte	-53
 1534 05e5 00       		.byte	0
 1535 05e6 00       		.byte	0
 1536 05e7 00       		.byte	0
 1537 05e8 C0       		.byte	-64
 1538 05e9 00       		.byte	0
 1539 05ea 00       		.byte	0
ARM GAS  C:\Users\mariu\AppData\Local\Temp\ccb5GVG2.s 			page 28


 1540 05eb 00       		.byte	0
 1541 05ec E0       		.byte	-32
 1542 05ed E0       		.byte	-32
 1543 05ee 00       		.byte	0
 1544 05ef 00       		.byte	0
 1545 05f0 00       		.byte	0
 1546 05f1 00       		.byte	0
 1547 05f2 00       		.byte	0
 1548 05f3 00       		.byte	0
 1549 05f4 00       		.byte	0
 1550 05f5 00       		.byte	0
 1551 05f6 00       		.byte	0
 1552 05f7 00       		.byte	0
 1553 05f8 00       		.byte	0
 1554 05f9 00       		.byte	0
 1555 05fa 40       		.byte	64
 1556 05fb 00       		.byte	0
 1557 05fc BB       		.byte	-69
 1558 05fd 00       		.byte	0
 1559 05fe 18       		.byte	24
 1560 05ff 01       		.byte	1
 1561              		.global	cy_meta_custnvl
 1562              		.section	.cycustnvl,"a",%progbits
 1563              		.align	2
 1564              		.type	cy_meta_custnvl, %object
 1565              		.size	cy_meta_custnvl, 4
 1566              	cy_meta_custnvl:
 1567 0000 00       		.byte	0
 1568 0001 00       		.byte	0
 1569 0002 40       		.byte	64
 1570 0003 05       		.byte	5
 1571              		.global	cy_meta_wonvl
 1572              		.section	.cywolatch,"a",%progbits
 1573              		.align	2
 1574              		.type	cy_meta_wonvl, %object
 1575              		.size	cy_meta_wonvl, 4
 1576              	cy_meta_wonvl:
 1577 0000 BC       		.byte	-68
 1578 0001 90       		.byte	-112
 1579 0002 AC       		.byte	-84
 1580 0003 AF       		.byte	-81
 1581              		.global	cy_meta_flashprotect
 1582              		.section	.cyflashprotect,"a",%progbits
 1583              		.align	2
 1584              		.type	cy_meta_flashprotect, %object
 1585              		.size	cy_meta_flashprotect, 256
 1586              	cy_meta_flashprotect:
 1587 0000 00000000 		.space	256
 1587      00000000 
 1587      00000000 
 1587      00000000 
 1587      00000000 
 1588              		.global	cy_metadata
 1589              		.section	.cymeta,"a",%progbits
 1590              		.align	2
 1591              		.type	cy_metadata, %object
 1592              		.size	cy_metadata, 12
ARM GAS  C:\Users\mariu\AppData\Local\Temp\ccb5GVG2.s 			page 29


 1593              	cy_metadata:
 1594 0000 00       		.byte	0
 1595 0001 01       		.byte	1
 1596 0002 2E       		.byte	46
 1597 0003 16       		.byte	22
 1598 0004 10       		.byte	16
 1599 0005 69       		.byte	105
 1600 0006 00       		.byte	0
 1601 0007 01       		.byte	1
 1602 0008 00       		.byte	0
 1603 0009 00       		.byte	0
 1604 000a 00       		.byte	0
 1605 000b 00       		.byte	0
 1606              		.text
 1607              	.Letext0:
 1608              		.file 1 "c:\\program files (x86)\\cypress\\psoc creator\\4.4\\psoc creator\\import\\gnu\\arm\\5.4.
 1609              		.file 2 "c:\\program files (x86)\\cypress\\psoc creator\\4.4\\psoc creator\\import\\gnu\\arm\\5.4.
 1610              		.file 3 "Generated_Source\\PSoC5\\cymetadata.c"
 1611              		.section	.debug_info,"",%progbits
 1612              	.Ldebug_info0:
 1613 0000 33010000 		.4byte	0x133
 1614 0004 0400     		.2byte	0x4
 1615 0006 00000000 		.4byte	.Ldebug_abbrev0
 1616 000a 04       		.byte	0x4
 1617 000b 01       		.uleb128 0x1
 1618 000c 0A000000 		.4byte	.LASF17
 1619 0010 0C       		.byte	0xc
 1620 0011 DA010000 		.4byte	.LASF18
 1621 0015 5F010000 		.4byte	.LASF19
 1622 0019 00000000 		.4byte	.Ldebug_line0
 1623 001d 02       		.uleb128 0x2
 1624 001e 01       		.byte	0x1
 1625 001f 06       		.byte	0x6
 1626 0020 CE010000 		.4byte	.LASF0
 1627 0024 03       		.uleb128 0x3
 1628 0025 00000000 		.4byte	.LASF9
 1629 0029 01       		.byte	0x1
 1630 002a 1D       		.byte	0x1d
 1631 002b 2F000000 		.4byte	0x2f
 1632 002f 02       		.uleb128 0x2
 1633 0030 01       		.byte	0x1
 1634 0031 08       		.byte	0x8
 1635 0032 A4000000 		.4byte	.LASF1
 1636 0036 02       		.uleb128 0x2
 1637 0037 02       		.byte	0x2
 1638 0038 05       		.byte	0x5
 1639 0039 BB010000 		.4byte	.LASF2
 1640 003d 02       		.uleb128 0x2
 1641 003e 02       		.byte	0x2
 1642 003f 07       		.byte	0x7
 1643 0040 C4000000 		.4byte	.LASF3
 1644 0044 02       		.uleb128 0x2
 1645 0045 04       		.byte	0x4
 1646 0046 05       		.byte	0x5
 1647 0047 C5010000 		.4byte	.LASF4
 1648 004b 02       		.uleb128 0x2
 1649 004c 04       		.byte	0x4
ARM GAS  C:\Users\mariu\AppData\Local\Temp\ccb5GVG2.s 			page 30


 1650 004d 07       		.byte	0x7
 1651 004e B2000000 		.4byte	.LASF5
 1652 0052 02       		.uleb128 0x2
 1653 0053 08       		.byte	0x8
 1654 0054 05       		.byte	0x5
 1655 0055 51010000 		.4byte	.LASF6
 1656 0059 02       		.uleb128 0x2
 1657 005a 08       		.byte	0x8
 1658 005b 07       		.byte	0x7
 1659 005c 06010000 		.4byte	.LASF7
 1660 0060 04       		.uleb128 0x4
 1661 0061 04       		.byte	0x4
 1662 0062 05       		.byte	0x5
 1663 0063 696E7400 		.ascii	"int\000"
 1664 0067 02       		.uleb128 0x2
 1665 0068 04       		.byte	0x4
 1666 0069 07       		.byte	0x7
 1667 006a F9000000 		.4byte	.LASF8
 1668 006e 03       		.uleb128 0x3
 1669 006f 1D010000 		.4byte	.LASF10
 1670 0073 02       		.byte	0x2
 1671 0074 18       		.byte	0x18
 1672 0075 24000000 		.4byte	0x24
 1673 0079 05       		.uleb128 0x5
 1674 007a 91000000 		.4byte	0x91
 1675 007e 8A000000 		.4byte	0x8a
 1676 0082 06       		.uleb128 0x6
 1677 0083 8A000000 		.4byte	0x8a
 1678 0087 FF05     		.2byte	0x5ff
 1679 0089 00       		.byte	0
 1680 008a 02       		.uleb128 0x2
 1681 008b 04       		.byte	0x4
 1682 008c 07       		.byte	0x7
 1683 008d 48010000 		.4byte	.LASF11
 1684 0091 07       		.uleb128 0x7
 1685 0092 6E000000 		.4byte	0x6e
 1686 0096 08       		.uleb128 0x8
 1687 0097 E7000000 		.4byte	.LASF12
 1688 009b 03       		.byte	0x3
 1689 009c 1F       		.byte	0x1f
 1690 009d A7000000 		.4byte	0xa7
 1691 00a1 05       		.uleb128 0x5
 1692 00a2 03       		.byte	0x3
 1693 00a3 00000000 		.4byte	cy_meta_configecc
 1694 00a7 07       		.uleb128 0x7
 1695 00a8 79000000 		.4byte	0x79
 1696 00ac 05       		.uleb128 0x5
 1697 00ad 91000000 		.4byte	0x91
 1698 00b1 BC000000 		.4byte	0xbc
 1699 00b5 09       		.uleb128 0x9
 1700 00b6 8A000000 		.4byte	0x8a
 1701 00ba 03       		.byte	0x3
 1702 00bb 00       		.byte	0
 1703 00bc 08       		.uleb128 0x8
 1704 00bd D7000000 		.4byte	.LASF13
 1705 00c1 03       		.byte	0x3
 1706 00c2 EC       		.byte	0xec
ARM GAS  C:\Users\mariu\AppData\Local\Temp\ccb5GVG2.s 			page 31


 1707 00c3 CD000000 		.4byte	0xcd
 1708 00c7 05       		.uleb128 0x5
 1709 00c8 03       		.byte	0x3
 1710 00c9 00000000 		.4byte	cy_meta_custnvl
 1711 00cd 07       		.uleb128 0x7
 1712 00ce AC000000 		.4byte	0xac
 1713 00d2 08       		.uleb128 0x8
 1714 00d3 3A010000 		.4byte	.LASF14
 1715 00d7 03       		.byte	0x3
 1716 00d8 FA       		.byte	0xfa
 1717 00d9 E3000000 		.4byte	0xe3
 1718 00dd 05       		.uleb128 0x5
 1719 00de 03       		.byte	0x3
 1720 00df 00000000 		.4byte	cy_meta_wonvl
 1721 00e3 07       		.uleb128 0x7
 1722 00e4 AC000000 		.4byte	0xac
 1723 00e8 05       		.uleb128 0x5
 1724 00e9 91000000 		.4byte	0x91
 1725 00ed F8000000 		.4byte	0xf8
 1726 00f1 09       		.uleb128 0x9
 1727 00f2 8A000000 		.4byte	0x8a
 1728 00f6 FF       		.byte	0xff
 1729 00f7 00       		.byte	0
 1730 00f8 0A       		.uleb128 0xa
 1731 00f9 25010000 		.4byte	.LASF15
 1732 00fd 03       		.byte	0x3
 1733 00fe 0801     		.2byte	0x108
 1734 0100 0A010000 		.4byte	0x10a
 1735 0104 05       		.uleb128 0x5
 1736 0105 03       		.byte	0x3
 1737 0106 00000000 		.4byte	cy_meta_flashprotect
 1738 010a 07       		.uleb128 0x7
 1739 010b E8000000 		.4byte	0xe8
 1740 010f 05       		.uleb128 0x5
 1741 0110 91000000 		.4byte	0x91
 1742 0114 1F010000 		.4byte	0x11f
 1743 0118 09       		.uleb128 0x9
 1744 0119 8A000000 		.4byte	0x8a
 1745 011d 0B       		.byte	0xb
 1746 011e 00       		.byte	0
 1747 011f 0A       		.uleb128 0xa
 1748 0120 98000000 		.4byte	.LASF16
 1749 0124 03       		.byte	0x3
 1750 0125 3501     		.2byte	0x135
 1751 0127 31010000 		.4byte	0x131
 1752 012b 05       		.uleb128 0x5
 1753 012c 03       		.byte	0x3
 1754 012d 00000000 		.4byte	cy_metadata
 1755 0131 07       		.uleb128 0x7
 1756 0132 0F010000 		.4byte	0x10f
 1757 0136 00       		.byte	0
 1758              		.section	.debug_abbrev,"",%progbits
 1759              	.Ldebug_abbrev0:
 1760 0000 01       		.uleb128 0x1
 1761 0001 11       		.uleb128 0x11
 1762 0002 01       		.byte	0x1
 1763 0003 25       		.uleb128 0x25
ARM GAS  C:\Users\mariu\AppData\Local\Temp\ccb5GVG2.s 			page 32


 1764 0004 0E       		.uleb128 0xe
 1765 0005 13       		.uleb128 0x13
 1766 0006 0B       		.uleb128 0xb
 1767 0007 03       		.uleb128 0x3
 1768 0008 0E       		.uleb128 0xe
 1769 0009 1B       		.uleb128 0x1b
 1770 000a 0E       		.uleb128 0xe
 1771 000b 10       		.uleb128 0x10
 1772 000c 17       		.uleb128 0x17
 1773 000d 00       		.byte	0
 1774 000e 00       		.byte	0
 1775 000f 02       		.uleb128 0x2
 1776 0010 24       		.uleb128 0x24
 1777 0011 00       		.byte	0
 1778 0012 0B       		.uleb128 0xb
 1779 0013 0B       		.uleb128 0xb
 1780 0014 3E       		.uleb128 0x3e
 1781 0015 0B       		.uleb128 0xb
 1782 0016 03       		.uleb128 0x3
 1783 0017 0E       		.uleb128 0xe
 1784 0018 00       		.byte	0
 1785 0019 00       		.byte	0
 1786 001a 03       		.uleb128 0x3
 1787 001b 16       		.uleb128 0x16
 1788 001c 00       		.byte	0
 1789 001d 03       		.uleb128 0x3
 1790 001e 0E       		.uleb128 0xe
 1791 001f 3A       		.uleb128 0x3a
 1792 0020 0B       		.uleb128 0xb
 1793 0021 3B       		.uleb128 0x3b
 1794 0022 0B       		.uleb128 0xb
 1795 0023 49       		.uleb128 0x49
 1796 0024 13       		.uleb128 0x13
 1797 0025 00       		.byte	0
 1798 0026 00       		.byte	0
 1799 0027 04       		.uleb128 0x4
 1800 0028 24       		.uleb128 0x24
 1801 0029 00       		.byte	0
 1802 002a 0B       		.uleb128 0xb
 1803 002b 0B       		.uleb128 0xb
 1804 002c 3E       		.uleb128 0x3e
 1805 002d 0B       		.uleb128 0xb
 1806 002e 03       		.uleb128 0x3
 1807 002f 08       		.uleb128 0x8
 1808 0030 00       		.byte	0
 1809 0031 00       		.byte	0
 1810 0032 05       		.uleb128 0x5
 1811 0033 01       		.uleb128 0x1
 1812 0034 01       		.byte	0x1
 1813 0035 49       		.uleb128 0x49
 1814 0036 13       		.uleb128 0x13
 1815 0037 01       		.uleb128 0x1
 1816 0038 13       		.uleb128 0x13
 1817 0039 00       		.byte	0
 1818 003a 00       		.byte	0
 1819 003b 06       		.uleb128 0x6
 1820 003c 21       		.uleb128 0x21
ARM GAS  C:\Users\mariu\AppData\Local\Temp\ccb5GVG2.s 			page 33


 1821 003d 00       		.byte	0
 1822 003e 49       		.uleb128 0x49
 1823 003f 13       		.uleb128 0x13
 1824 0040 2F       		.uleb128 0x2f
 1825 0041 05       		.uleb128 0x5
 1826 0042 00       		.byte	0
 1827 0043 00       		.byte	0
 1828 0044 07       		.uleb128 0x7
 1829 0045 26       		.uleb128 0x26
 1830 0046 00       		.byte	0
 1831 0047 49       		.uleb128 0x49
 1832 0048 13       		.uleb128 0x13
 1833 0049 00       		.byte	0
 1834 004a 00       		.byte	0
 1835 004b 08       		.uleb128 0x8
 1836 004c 34       		.uleb128 0x34
 1837 004d 00       		.byte	0
 1838 004e 03       		.uleb128 0x3
 1839 004f 0E       		.uleb128 0xe
 1840 0050 3A       		.uleb128 0x3a
 1841 0051 0B       		.uleb128 0xb
 1842 0052 3B       		.uleb128 0x3b
 1843 0053 0B       		.uleb128 0xb
 1844 0054 49       		.uleb128 0x49
 1845 0055 13       		.uleb128 0x13
 1846 0056 3F       		.uleb128 0x3f
 1847 0057 19       		.uleb128 0x19
 1848 0058 02       		.uleb128 0x2
 1849 0059 18       		.uleb128 0x18
 1850 005a 00       		.byte	0
 1851 005b 00       		.byte	0
 1852 005c 09       		.uleb128 0x9
 1853 005d 21       		.uleb128 0x21
 1854 005e 00       		.byte	0
 1855 005f 49       		.uleb128 0x49
 1856 0060 13       		.uleb128 0x13
 1857 0061 2F       		.uleb128 0x2f
 1858 0062 0B       		.uleb128 0xb
 1859 0063 00       		.byte	0
 1860 0064 00       		.byte	0
 1861 0065 0A       		.uleb128 0xa
 1862 0066 34       		.uleb128 0x34
 1863 0067 00       		.byte	0
 1864 0068 03       		.uleb128 0x3
 1865 0069 0E       		.uleb128 0xe
 1866 006a 3A       		.uleb128 0x3a
 1867 006b 0B       		.uleb128 0xb
 1868 006c 3B       		.uleb128 0x3b
 1869 006d 05       		.uleb128 0x5
 1870 006e 49       		.uleb128 0x49
 1871 006f 13       		.uleb128 0x13
 1872 0070 3F       		.uleb128 0x3f
 1873 0071 19       		.uleb128 0x19
 1874 0072 02       		.uleb128 0x2
 1875 0073 18       		.uleb128 0x18
 1876 0074 00       		.byte	0
 1877 0075 00       		.byte	0
ARM GAS  C:\Users\mariu\AppData\Local\Temp\ccb5GVG2.s 			page 34


 1878 0076 00       		.byte	0
 1879              		.section	.debug_aranges,"",%progbits
 1880 0000 14000000 		.4byte	0x14
 1881 0004 0200     		.2byte	0x2
 1882 0006 00000000 		.4byte	.Ldebug_info0
 1883 000a 04       		.byte	0x4
 1884 000b 00       		.byte	0
 1885 000c 0000     		.2byte	0
 1886 000e 0000     		.2byte	0
 1887 0010 00000000 		.4byte	0
 1888 0014 00000000 		.4byte	0
 1889              		.section	.debug_line,"",%progbits
 1890              	.Ldebug_line0:
 1891 0000 3D010000 		.section	.debug_str,"MS",%progbits,1
 1891      02003701 
 1891      00000201 
 1891      FB0E0D00 
 1891      01010101 
 1892              	.LASF9:
 1893 0000 5F5F7569 		.ascii	"__uint8_t\000"
 1893      6E74385F 
 1893      7400
 1894              	.LASF17:
 1895 000a 474E5520 		.ascii	"GNU C11 5.4.1 20160609 (release) [ARM/embedded-5-br"
 1895      43313120 
 1895      352E342E 
 1895      31203230 
 1895      31363036 
 1896 003d 616E6368 		.ascii	"anch revision 237715] -mcpu=cortex-m3 -mthumb -g -O"
 1896      20726576 
 1896      6973696F 
 1896      6E203233 
 1896      37373135 
 1897 0070 30202D66 		.ascii	"0 -ffunction-sections -ffat-lto-objects\000"
 1897      66756E63 
 1897      74696F6E 
 1897      2D736563 
 1897      74696F6E 
 1898              	.LASF16:
 1899 0098 63795F6D 		.ascii	"cy_metadata\000"
 1899      65746164 
 1899      61746100 
 1900              	.LASF1:
 1901 00a4 756E7369 		.ascii	"unsigned char\000"
 1901      676E6564 
 1901      20636861 
 1901      7200
 1902              	.LASF5:
 1903 00b2 6C6F6E67 		.ascii	"long unsigned int\000"
 1903      20756E73 
 1903      69676E65 
 1903      6420696E 
 1903      7400
 1904              	.LASF3:
 1905 00c4 73686F72 		.ascii	"short unsigned int\000"
 1905      7420756E 
 1905      7369676E 
ARM GAS  C:\Users\mariu\AppData\Local\Temp\ccb5GVG2.s 			page 35


 1905      65642069 
 1905      6E7400
 1906              	.LASF13:
 1907 00d7 63795F6D 		.ascii	"cy_meta_custnvl\000"
 1907      6574615F 
 1907      63757374 
 1907      6E766C00 
 1908              	.LASF12:
 1909 00e7 63795F6D 		.ascii	"cy_meta_configecc\000"
 1909      6574615F 
 1909      636F6E66 
 1909      69676563 
 1909      6300
 1910              	.LASF8:
 1911 00f9 756E7369 		.ascii	"unsigned int\000"
 1911      676E6564 
 1911      20696E74 
 1911      00
 1912              	.LASF7:
 1913 0106 6C6F6E67 		.ascii	"long long unsigned int\000"
 1913      206C6F6E 
 1913      6720756E 
 1913      7369676E 
 1913      65642069 
 1914              	.LASF10:
 1915 011d 75696E74 		.ascii	"uint8_t\000"
 1915      385F7400 
 1916              	.LASF15:
 1917 0125 63795F6D 		.ascii	"cy_meta_flashprotect\000"
 1917      6574615F 
 1917      666C6173 
 1917      6870726F 
 1917      74656374 
 1918              	.LASF14:
 1919 013a 63795F6D 		.ascii	"cy_meta_wonvl\000"
 1919      6574615F 
 1919      776F6E76 
 1919      6C00
 1920              	.LASF11:
 1921 0148 73697A65 		.ascii	"sizetype\000"
 1921      74797065 
 1921      00
 1922              	.LASF6:
 1923 0151 6C6F6E67 		.ascii	"long long int\000"
 1923      206C6F6E 
 1923      6720696E 
 1923      7400
 1924              	.LASF19:
 1925 015f 433A5C55 		.ascii	"C:\\Users\\mariu\\Documents\\PSoC Creator\\PSoC_Aud"
 1925      73657273 
 1925      5C6D6172 
 1925      69755C44 
 1925      6F63756D 
 1926 018d 696F5F4D 		.ascii	"io_MIDI\\PSoC_Audio_MIDI\\PSoC_Audio_MIDI.cydsn\000"
 1926      4944495C 
 1926      50536F43 
 1926      5F417564 
ARM GAS  C:\Users\mariu\AppData\Local\Temp\ccb5GVG2.s 			page 36


 1926      696F5F4D 
 1927              	.LASF2:
 1928 01bb 73686F72 		.ascii	"short int\000"
 1928      7420696E 
 1928      7400
 1929              	.LASF4:
 1930 01c5 6C6F6E67 		.ascii	"long int\000"
 1930      20696E74 
 1930      00
 1931              	.LASF0:
 1932 01ce 7369676E 		.ascii	"signed char\000"
 1932      65642063 
 1932      68617200 
 1933              	.LASF18:
 1934 01da 47656E65 		.ascii	"Generated_Source\\PSoC5\\cymetadata.c\000"
 1934      72617465 
 1934      645F536F 
 1934      75726365 
 1934      5C50536F 
 1935              		.ident	"GCC: (GNU Tools for ARM Embedded Processors) 5.4.1 20160609 (release) [ARM/embedded-5-bran
