--------------- Build Started: 05/19/2023 13:34:06 Project: PSoC_Audio_MIDI, Configuration: ARM GCC 5.4-2016-q2-update Debug ---------------
cydsfit.exe -.appdatapath "C:\Users\silvan\AppData\Local\Cypress Semiconductor\PSoC Creator\4.4" -.fdsnotice -.fdswarpdepfile=warp_dependencies.txt -.fdselabdepfile=elab_dependencies.txt -.fdsbldfile=generated_files.txt -.fdsreffile=referenced_files.txt -p "C:\Users\silvan\OneDrive\Dokumente\PSoC Creator\PSoC_Audio_MIDI\PSoC_Audio_MIDI\PSoC_Audio_MIDI.cydsn\PSoC_Audio_MIDI.cyprj" -d CY8C5888LTI-LP097 -s "C:\Users\silvan\OneDrive\Dokumente\PSoC Creator\PSoC_Audio_MIDI\PSoC_Audio_MIDI\PSoC_Audio_MIDI.cydsn\Generated_Source\PSoC5" -- -yv2 -q10 -ygs -o2 -v3 -.fftcfgtype=LE
Elaborating Design...
HDL Generation...
Synthesis...
Tech Mapping...
Info: plm.M0038: The pin named SDA_1(0) at location P0[1] prevents usage of special purposes: OpAmp:out. (App=cydsfit)
Info: plm.M0038: The pin named SCL_1(0) at location P0[0] prevents usage of special purposes: OpAmp:out. (App=cydsfit)
Analog Placement...
Info: apr.M0002: Analog signal "\analogADC:Net_35\" is connected to one terminal only. (App=cydsfit)
Log: apr.M0058: The analog placement iterative improvement is 56% done. (App=cydsfit)
Analog Routing...
Analog Code Generation...
Digital Placement...
Digital Routing...
Bitstream Generation...
Bitstream Verification...
Static timing analysis...
API Generation...
Dependency Generation...
Cleanup...
--------------- Build Succeeded: 05/19/2023 13:34:24 ---------------
