ARM GAS  C:\Users\mariu\AppData\Local\Temp\ccc4yKBr.s 			page 1


   1              		.syntax unified
   2              		.cpu cortex-m3
   3              		.fpu softvfp
   4              		.eabi_attribute 20, 1
   5              		.eabi_attribute 21, 1
   6              		.eabi_attribute 23, 3
   7              		.eabi_attribute 24, 1
   8              		.eabi_attribute 25, 1
   9              		.eabi_attribute 26, 1
  10              		.eabi_attribute 30, 6
  11              		.eabi_attribute 34, 1
  12              		.eabi_attribute 18, 4
  13              		.thumb
  14              		.syntax unified
  15              		.file	"Timer_Echo_PM.c"
  16              		.text
  17              	.Ltext0:
  18              		.cfi_sections	.debug_frame
  19              		.bss
  20              		.align	2
  21              	Timer_Echo_backup:
  22 0000 00000000 		.space	6
  22      0000
  23              		.section	.text.Timer_Echo_SaveConfig,"ax",%progbits
  24              		.align	2
  25              		.global	Timer_Echo_SaveConfig
  26              		.thumb
  27              		.thumb_func
  28              		.type	Timer_Echo_SaveConfig, %function
  29              	Timer_Echo_SaveConfig:
  30              	.LFB0:
  31              		.file 1 "Generated_Source\\PSoC5\\Timer_Echo_PM.c"
   1:Generated_Source\PSoC5/Timer_Echo_PM.c **** /*******************************************************************************
   2:Generated_Source\PSoC5/Timer_Echo_PM.c **** * File Name: Timer_Echo_PM.c
   3:Generated_Source\PSoC5/Timer_Echo_PM.c **** * Version 2.80
   4:Generated_Source\PSoC5/Timer_Echo_PM.c **** *
   5:Generated_Source\PSoC5/Timer_Echo_PM.c **** *  Description:
   6:Generated_Source\PSoC5/Timer_Echo_PM.c **** *     This file provides the power management source code to API for the
   7:Generated_Source\PSoC5/Timer_Echo_PM.c **** *     Timer.
   8:Generated_Source\PSoC5/Timer_Echo_PM.c **** *
   9:Generated_Source\PSoC5/Timer_Echo_PM.c **** *   Note:
  10:Generated_Source\PSoC5/Timer_Echo_PM.c **** *     None
  11:Generated_Source\PSoC5/Timer_Echo_PM.c **** *
  12:Generated_Source\PSoC5/Timer_Echo_PM.c **** *******************************************************************************
  13:Generated_Source\PSoC5/Timer_Echo_PM.c **** * Copyright 2008-2017, Cypress Semiconductor Corporation.  All rights reserved.
  14:Generated_Source\PSoC5/Timer_Echo_PM.c **** * You may use this file only in accordance with the license, terms, conditions,
  15:Generated_Source\PSoC5/Timer_Echo_PM.c **** * disclaimers, and limitations in the end user license agreement accompanying
  16:Generated_Source\PSoC5/Timer_Echo_PM.c **** * the software package with which this file was provided.
  17:Generated_Source\PSoC5/Timer_Echo_PM.c **** ********************************************************************************/
  18:Generated_Source\PSoC5/Timer_Echo_PM.c **** 
  19:Generated_Source\PSoC5/Timer_Echo_PM.c **** #include "Timer_Echo.h"
  20:Generated_Source\PSoC5/Timer_Echo_PM.c **** 
  21:Generated_Source\PSoC5/Timer_Echo_PM.c **** static Timer_Echo_backupStruct Timer_Echo_backup;
  22:Generated_Source\PSoC5/Timer_Echo_PM.c **** 
  23:Generated_Source\PSoC5/Timer_Echo_PM.c **** 
  24:Generated_Source\PSoC5/Timer_Echo_PM.c **** /*******************************************************************************
  25:Generated_Source\PSoC5/Timer_Echo_PM.c **** * Function Name: Timer_Echo_SaveConfig
ARM GAS  C:\Users\mariu\AppData\Local\Temp\ccc4yKBr.s 			page 2


  26:Generated_Source\PSoC5/Timer_Echo_PM.c **** ********************************************************************************
  27:Generated_Source\PSoC5/Timer_Echo_PM.c **** *
  28:Generated_Source\PSoC5/Timer_Echo_PM.c **** * Summary:
  29:Generated_Source\PSoC5/Timer_Echo_PM.c **** *     Save the current user configuration
  30:Generated_Source\PSoC5/Timer_Echo_PM.c **** *
  31:Generated_Source\PSoC5/Timer_Echo_PM.c **** * Parameters:
  32:Generated_Source\PSoC5/Timer_Echo_PM.c **** *  void
  33:Generated_Source\PSoC5/Timer_Echo_PM.c **** *
  34:Generated_Source\PSoC5/Timer_Echo_PM.c **** * Return:
  35:Generated_Source\PSoC5/Timer_Echo_PM.c **** *  void
  36:Generated_Source\PSoC5/Timer_Echo_PM.c **** *
  37:Generated_Source\PSoC5/Timer_Echo_PM.c **** * Global variables:
  38:Generated_Source\PSoC5/Timer_Echo_PM.c **** *  Timer_Echo_backup:  Variables of this global structure are modified to
  39:Generated_Source\PSoC5/Timer_Echo_PM.c **** *  store the values of non retention configuration registers when Sleep() API is
  40:Generated_Source\PSoC5/Timer_Echo_PM.c **** *  called.
  41:Generated_Source\PSoC5/Timer_Echo_PM.c **** *
  42:Generated_Source\PSoC5/Timer_Echo_PM.c **** *******************************************************************************/
  43:Generated_Source\PSoC5/Timer_Echo_PM.c **** void Timer_Echo_SaveConfig(void) 
  44:Generated_Source\PSoC5/Timer_Echo_PM.c **** {
  32              		.loc 1 44 0
  33              		.cfi_startproc
  34              		@ args = 0, pretend = 0, frame = 0
  35              		@ frame_needed = 1, uses_anonymous_args = 0
  36 0000 80B5     		push	{r7, lr}
  37              		.cfi_def_cfa_offset 8
  38              		.cfi_offset 7, -8
  39              		.cfi_offset 14, -4
  40 0002 00AF     		add	r7, sp, #0
  41              		.cfi_def_cfa_register 7
  45:Generated_Source\PSoC5/Timer_Echo_PM.c ****     #if (!Timer_Echo_UsingFixedFunction)
  46:Generated_Source\PSoC5/Timer_Echo_PM.c ****         Timer_Echo_backup.TimerUdb = Timer_Echo_ReadCounter();
  42              		.loc 1 46 0
  43 0004 FFF7FEFF 		bl	Timer_Echo_ReadCounter
  44 0008 0346     		mov	r3, r0
  45 000a 1A46     		mov	r2, r3
  46 000c 044B     		ldr	r3, .L2
  47 000e 5A80     		strh	r2, [r3, #2]	@ movhi
  47:Generated_Source\PSoC5/Timer_Echo_PM.c ****         Timer_Echo_backup.InterruptMaskValue = Timer_Echo_STATUS_MASK;
  48              		.loc 1 47 0
  49 0010 044B     		ldr	r3, .L2+4
  50 0012 1B78     		ldrb	r3, [r3]
  51 0014 DAB2     		uxtb	r2, r3
  52 0016 024B     		ldr	r3, .L2
  53 0018 1A71     		strb	r2, [r3, #4]
  48:Generated_Source\PSoC5/Timer_Echo_PM.c ****         #if (Timer_Echo_UsingHWCaptureCounter)
  49:Generated_Source\PSoC5/Timer_Echo_PM.c ****             Timer_Echo_backup.TimerCaptureCounter = Timer_Echo_ReadCaptureCount();
  50:Generated_Source\PSoC5/Timer_Echo_PM.c ****         #endif /* Back Up capture counter register  */
  51:Generated_Source\PSoC5/Timer_Echo_PM.c **** 
  52:Generated_Source\PSoC5/Timer_Echo_PM.c ****         #if(!Timer_Echo_UDB_CONTROL_REG_REMOVED)
  53:Generated_Source\PSoC5/Timer_Echo_PM.c ****             Timer_Echo_backup.TimerControlRegister = Timer_Echo_ReadControlRegister();
  54:Generated_Source\PSoC5/Timer_Echo_PM.c ****         #endif /* Backup the enable state of the Timer component */
  55:Generated_Source\PSoC5/Timer_Echo_PM.c ****     #endif /* Backup non retention registers in UDB implementation. All fixed function registers ar
  56:Generated_Source\PSoC5/Timer_Echo_PM.c **** }
  54              		.loc 1 56 0
  55 001a 00BF     		nop
  56 001c 80BD     		pop	{r7, pc}
  57              	.L3:
ARM GAS  C:\Users\mariu\AppData\Local\Temp\ccc4yKBr.s 			page 3


  58 001e 00BF     		.align	2
  59              	.L2:
  60 0020 00000000 		.word	Timer_Echo_backup
  61 0024 85650040 		.word	1073767813
  62              		.cfi_endproc
  63              	.LFE0:
  64              		.size	Timer_Echo_SaveConfig, .-Timer_Echo_SaveConfig
  65              		.section	.text.Timer_Echo_RestoreConfig,"ax",%progbits
  66              		.align	2
  67              		.global	Timer_Echo_RestoreConfig
  68              		.thumb
  69              		.thumb_func
  70              		.type	Timer_Echo_RestoreConfig, %function
  71              	Timer_Echo_RestoreConfig:
  72              	.LFB1:
  57:Generated_Source\PSoC5/Timer_Echo_PM.c **** 
  58:Generated_Source\PSoC5/Timer_Echo_PM.c **** 
  59:Generated_Source\PSoC5/Timer_Echo_PM.c **** /*******************************************************************************
  60:Generated_Source\PSoC5/Timer_Echo_PM.c **** * Function Name: Timer_Echo_RestoreConfig
  61:Generated_Source\PSoC5/Timer_Echo_PM.c **** ********************************************************************************
  62:Generated_Source\PSoC5/Timer_Echo_PM.c **** *
  63:Generated_Source\PSoC5/Timer_Echo_PM.c **** * Summary:
  64:Generated_Source\PSoC5/Timer_Echo_PM.c **** *  Restores the current user configuration.
  65:Generated_Source\PSoC5/Timer_Echo_PM.c **** *
  66:Generated_Source\PSoC5/Timer_Echo_PM.c **** * Parameters:
  67:Generated_Source\PSoC5/Timer_Echo_PM.c **** *  void
  68:Generated_Source\PSoC5/Timer_Echo_PM.c **** *
  69:Generated_Source\PSoC5/Timer_Echo_PM.c **** * Return:
  70:Generated_Source\PSoC5/Timer_Echo_PM.c **** *  void
  71:Generated_Source\PSoC5/Timer_Echo_PM.c **** *
  72:Generated_Source\PSoC5/Timer_Echo_PM.c **** * Global variables:
  73:Generated_Source\PSoC5/Timer_Echo_PM.c **** *  Timer_Echo_backup:  Variables of this global structure are used to
  74:Generated_Source\PSoC5/Timer_Echo_PM.c **** *  restore the values of non retention registers on wakeup from sleep mode.
  75:Generated_Source\PSoC5/Timer_Echo_PM.c **** *
  76:Generated_Source\PSoC5/Timer_Echo_PM.c **** *******************************************************************************/
  77:Generated_Source\PSoC5/Timer_Echo_PM.c **** void Timer_Echo_RestoreConfig(void) 
  78:Generated_Source\PSoC5/Timer_Echo_PM.c **** {   
  73              		.loc 1 78 0
  74              		.cfi_startproc
  75              		@ args = 0, pretend = 0, frame = 0
  76              		@ frame_needed = 1, uses_anonymous_args = 0
  77 0000 80B5     		push	{r7, lr}
  78              		.cfi_def_cfa_offset 8
  79              		.cfi_offset 7, -8
  80              		.cfi_offset 14, -4
  81 0002 00AF     		add	r7, sp, #0
  82              		.cfi_def_cfa_register 7
  79:Generated_Source\PSoC5/Timer_Echo_PM.c ****     #if (!Timer_Echo_UsingFixedFunction)
  80:Generated_Source\PSoC5/Timer_Echo_PM.c **** 
  81:Generated_Source\PSoC5/Timer_Echo_PM.c ****         Timer_Echo_WriteCounter(Timer_Echo_backup.TimerUdb);
  83              		.loc 1 81 0
  84 0004 054B     		ldr	r3, .L5
  85 0006 5B88     		ldrh	r3, [r3, #2]
  86 0008 1846     		mov	r0, r3
  87 000a FFF7FEFF 		bl	Timer_Echo_WriteCounter
  82:Generated_Source\PSoC5/Timer_Echo_PM.c ****         Timer_Echo_STATUS_MASK =Timer_Echo_backup.InterruptMaskValue;
  88              		.loc 1 82 0
ARM GAS  C:\Users\mariu\AppData\Local\Temp\ccc4yKBr.s 			page 4


  89 000e 044B     		ldr	r3, .L5+4
  90 0010 024A     		ldr	r2, .L5
  91 0012 1279     		ldrb	r2, [r2, #4]	@ zero_extendqisi2
  92 0014 1A70     		strb	r2, [r3]
  83:Generated_Source\PSoC5/Timer_Echo_PM.c ****         #if (Timer_Echo_UsingHWCaptureCounter)
  84:Generated_Source\PSoC5/Timer_Echo_PM.c ****             Timer_Echo_SetCaptureCount(Timer_Echo_backup.TimerCaptureCounter);
  85:Generated_Source\PSoC5/Timer_Echo_PM.c ****         #endif /* Restore Capture counter register*/
  86:Generated_Source\PSoC5/Timer_Echo_PM.c **** 
  87:Generated_Source\PSoC5/Timer_Echo_PM.c ****         #if(!Timer_Echo_UDB_CONTROL_REG_REMOVED)
  88:Generated_Source\PSoC5/Timer_Echo_PM.c ****             Timer_Echo_WriteControlRegister(Timer_Echo_backup.TimerControlRegister);
  89:Generated_Source\PSoC5/Timer_Echo_PM.c ****         #endif /* Restore the enable state of the Timer component */
  90:Generated_Source\PSoC5/Timer_Echo_PM.c ****     #endif /* Restore non retention registers in the UDB implementation only */
  91:Generated_Source\PSoC5/Timer_Echo_PM.c **** }
  93              		.loc 1 91 0
  94 0016 00BF     		nop
  95 0018 80BD     		pop	{r7, pc}
  96              	.L6:
  97 001a 00BF     		.align	2
  98              	.L5:
  99 001c 00000000 		.word	Timer_Echo_backup
 100 0020 85650040 		.word	1073767813
 101              		.cfi_endproc
 102              	.LFE1:
 103              		.size	Timer_Echo_RestoreConfig, .-Timer_Echo_RestoreConfig
 104              		.section	.text.Timer_Echo_Sleep,"ax",%progbits
 105              		.align	2
 106              		.global	Timer_Echo_Sleep
 107              		.thumb
 108              		.thumb_func
 109              		.type	Timer_Echo_Sleep, %function
 110              	Timer_Echo_Sleep:
 111              	.LFB2:
  92:Generated_Source\PSoC5/Timer_Echo_PM.c **** 
  93:Generated_Source\PSoC5/Timer_Echo_PM.c **** 
  94:Generated_Source\PSoC5/Timer_Echo_PM.c **** /*******************************************************************************
  95:Generated_Source\PSoC5/Timer_Echo_PM.c **** * Function Name: Timer_Echo_Sleep
  96:Generated_Source\PSoC5/Timer_Echo_PM.c **** ********************************************************************************
  97:Generated_Source\PSoC5/Timer_Echo_PM.c **** *
  98:Generated_Source\PSoC5/Timer_Echo_PM.c **** * Summary:
  99:Generated_Source\PSoC5/Timer_Echo_PM.c **** *     Stop and Save the user configuration
 100:Generated_Source\PSoC5/Timer_Echo_PM.c **** *
 101:Generated_Source\PSoC5/Timer_Echo_PM.c **** * Parameters:
 102:Generated_Source\PSoC5/Timer_Echo_PM.c **** *  void
 103:Generated_Source\PSoC5/Timer_Echo_PM.c **** *
 104:Generated_Source\PSoC5/Timer_Echo_PM.c **** * Return:
 105:Generated_Source\PSoC5/Timer_Echo_PM.c **** *  void
 106:Generated_Source\PSoC5/Timer_Echo_PM.c **** *
 107:Generated_Source\PSoC5/Timer_Echo_PM.c **** * Global variables:
 108:Generated_Source\PSoC5/Timer_Echo_PM.c **** *  Timer_Echo_backup.TimerEnableState:  Is modified depending on the
 109:Generated_Source\PSoC5/Timer_Echo_PM.c **** *  enable state of the block before entering sleep mode.
 110:Generated_Source\PSoC5/Timer_Echo_PM.c **** *
 111:Generated_Source\PSoC5/Timer_Echo_PM.c **** *******************************************************************************/
 112:Generated_Source\PSoC5/Timer_Echo_PM.c **** void Timer_Echo_Sleep(void) 
 113:Generated_Source\PSoC5/Timer_Echo_PM.c **** {
 112              		.loc 1 113 0
 113              		.cfi_startproc
 114              		@ args = 0, pretend = 0, frame = 0
ARM GAS  C:\Users\mariu\AppData\Local\Temp\ccc4yKBr.s 			page 5


 115              		@ frame_needed = 1, uses_anonymous_args = 0
 116 0000 80B5     		push	{r7, lr}
 117              		.cfi_def_cfa_offset 8
 118              		.cfi_offset 7, -8
 119              		.cfi_offset 14, -4
 120 0002 00AF     		add	r7, sp, #0
 121              		.cfi_def_cfa_register 7
 114:Generated_Source\PSoC5/Timer_Echo_PM.c ****     #if(!Timer_Echo_UDB_CONTROL_REG_REMOVED)
 115:Generated_Source\PSoC5/Timer_Echo_PM.c ****         /* Save Counter's enable state */
 116:Generated_Source\PSoC5/Timer_Echo_PM.c ****         if(Timer_Echo_CTRL_ENABLE == (Timer_Echo_CONTROL & Timer_Echo_CTRL_ENABLE))
 117:Generated_Source\PSoC5/Timer_Echo_PM.c ****         {
 118:Generated_Source\PSoC5/Timer_Echo_PM.c ****             /* Timer is enabled */
 119:Generated_Source\PSoC5/Timer_Echo_PM.c ****             Timer_Echo_backup.TimerEnableState = 1u;
 120:Generated_Source\PSoC5/Timer_Echo_PM.c ****         }
 121:Generated_Source\PSoC5/Timer_Echo_PM.c ****         else
 122:Generated_Source\PSoC5/Timer_Echo_PM.c ****         {
 123:Generated_Source\PSoC5/Timer_Echo_PM.c ****             /* Timer is disabled */
 124:Generated_Source\PSoC5/Timer_Echo_PM.c ****             Timer_Echo_backup.TimerEnableState = 0u;
 125:Generated_Source\PSoC5/Timer_Echo_PM.c ****         }
 126:Generated_Source\PSoC5/Timer_Echo_PM.c ****     #endif /* Back up enable state from the Timer control register */
 127:Generated_Source\PSoC5/Timer_Echo_PM.c ****     Timer_Echo_Stop();
 122              		.loc 1 127 0
 123 0004 FFF7FEFF 		bl	Timer_Echo_Stop
 128:Generated_Source\PSoC5/Timer_Echo_PM.c ****     Timer_Echo_SaveConfig();
 124              		.loc 1 128 0
 125 0008 FFF7FEFF 		bl	Timer_Echo_SaveConfig
 129:Generated_Source\PSoC5/Timer_Echo_PM.c **** }
 126              		.loc 1 129 0
 127 000c 00BF     		nop
 128 000e 80BD     		pop	{r7, pc}
 129              		.cfi_endproc
 130              	.LFE2:
 131              		.size	Timer_Echo_Sleep, .-Timer_Echo_Sleep
 132              		.section	.text.Timer_Echo_Wakeup,"ax",%progbits
 133              		.align	2
 134              		.global	Timer_Echo_Wakeup
 135              		.thumb
 136              		.thumb_func
 137              		.type	Timer_Echo_Wakeup, %function
 138              	Timer_Echo_Wakeup:
 139              	.LFB3:
 130:Generated_Source\PSoC5/Timer_Echo_PM.c **** 
 131:Generated_Source\PSoC5/Timer_Echo_PM.c **** 
 132:Generated_Source\PSoC5/Timer_Echo_PM.c **** /*******************************************************************************
 133:Generated_Source\PSoC5/Timer_Echo_PM.c **** * Function Name: Timer_Echo_Wakeup
 134:Generated_Source\PSoC5/Timer_Echo_PM.c **** ********************************************************************************
 135:Generated_Source\PSoC5/Timer_Echo_PM.c **** *
 136:Generated_Source\PSoC5/Timer_Echo_PM.c **** * Summary:
 137:Generated_Source\PSoC5/Timer_Echo_PM.c **** *  Restores and enables the user configuration
 138:Generated_Source\PSoC5/Timer_Echo_PM.c **** *
 139:Generated_Source\PSoC5/Timer_Echo_PM.c **** * Parameters:
 140:Generated_Source\PSoC5/Timer_Echo_PM.c **** *  void
 141:Generated_Source\PSoC5/Timer_Echo_PM.c **** *
 142:Generated_Source\PSoC5/Timer_Echo_PM.c **** * Return:
 143:Generated_Source\PSoC5/Timer_Echo_PM.c **** *  void
 144:Generated_Source\PSoC5/Timer_Echo_PM.c **** *
 145:Generated_Source\PSoC5/Timer_Echo_PM.c **** * Global variables:
ARM GAS  C:\Users\mariu\AppData\Local\Temp\ccc4yKBr.s 			page 6


 146:Generated_Source\PSoC5/Timer_Echo_PM.c **** *  Timer_Echo_backup.enableState:  Is used to restore the enable state of
 147:Generated_Source\PSoC5/Timer_Echo_PM.c **** *  block on wakeup from sleep mode.
 148:Generated_Source\PSoC5/Timer_Echo_PM.c **** *
 149:Generated_Source\PSoC5/Timer_Echo_PM.c **** *******************************************************************************/
 150:Generated_Source\PSoC5/Timer_Echo_PM.c **** void Timer_Echo_Wakeup(void) 
 151:Generated_Source\PSoC5/Timer_Echo_PM.c **** {
 140              		.loc 1 151 0
 141              		.cfi_startproc
 142              		@ args = 0, pretend = 0, frame = 0
 143              		@ frame_needed = 1, uses_anonymous_args = 0
 144 0000 80B5     		push	{r7, lr}
 145              		.cfi_def_cfa_offset 8
 146              		.cfi_offset 7, -8
 147              		.cfi_offset 14, -4
 148 0002 00AF     		add	r7, sp, #0
 149              		.cfi_def_cfa_register 7
 152:Generated_Source\PSoC5/Timer_Echo_PM.c ****     Timer_Echo_RestoreConfig();
 150              		.loc 1 152 0
 151 0004 FFF7FEFF 		bl	Timer_Echo_RestoreConfig
 153:Generated_Source\PSoC5/Timer_Echo_PM.c ****     #if(!Timer_Echo_UDB_CONTROL_REG_REMOVED)
 154:Generated_Source\PSoC5/Timer_Echo_PM.c ****         if(Timer_Echo_backup.TimerEnableState == 1u)
 155:Generated_Source\PSoC5/Timer_Echo_PM.c ****         {     /* Enable Timer's operation */
 156:Generated_Source\PSoC5/Timer_Echo_PM.c ****                 Timer_Echo_Enable();
 157:Generated_Source\PSoC5/Timer_Echo_PM.c ****         } /* Do nothing if Timer was disabled before */
 158:Generated_Source\PSoC5/Timer_Echo_PM.c ****     #endif /* Remove this code section if Control register is removed */
 159:Generated_Source\PSoC5/Timer_Echo_PM.c **** }
 152              		.loc 1 159 0
 153 0008 00BF     		nop
 154 000a 80BD     		pop	{r7, pc}
 155              		.cfi_endproc
 156              	.LFE3:
 157              		.size	Timer_Echo_Wakeup, .-Timer_Echo_Wakeup
 158              		.text
 159              	.Letext0:
 160              		.file 2 "Generated_Source\\PSoC5\\cytypes.h"
 161              		.file 3 "Generated_Source\\PSoC5\\Timer_Echo.h"
 162              		.section	.debug_info,"",%progbits
 163              	.Ldebug_info0:
 164 0000 41010000 		.4byte	0x141
 165 0004 0400     		.2byte	0x4
 166 0006 00000000 		.4byte	.Ldebug_abbrev0
 167 000a 04       		.byte	0x4
 168 000b 01       		.uleb128 0x1
 169 000c BC000000 		.4byte	.LASF25
 170 0010 0C       		.byte	0xc
 171 0011 1B000000 		.4byte	.LASF26
 172 0015 66010000 		.4byte	.LASF27
 173 0019 00000000 		.4byte	.Ldebug_ranges0+0
 174 001d 00000000 		.4byte	0
 175 0021 00000000 		.4byte	.Ldebug_line0
 176 0025 02       		.uleb128 0x2
 177 0026 01       		.byte	0x1
 178 0027 06       		.byte	0x6
 179 0028 06020000 		.4byte	.LASF0
 180 002c 02       		.uleb128 0x2
 181 002d 01       		.byte	0x1
 182 002e 08       		.byte	0x8
ARM GAS  C:\Users\mariu\AppData\Local\Temp\ccc4yKBr.s 			page 7


 183 002f 4A010000 		.4byte	.LASF1
 184 0033 02       		.uleb128 0x2
 185 0034 02       		.byte	0x2
 186 0035 05       		.byte	0x5
 187 0036 72000000 		.4byte	.LASF2
 188 003a 02       		.uleb128 0x2
 189 003b 02       		.byte	0x2
 190 003c 07       		.byte	0x7
 191 003d F3010000 		.4byte	.LASF3
 192 0041 02       		.uleb128 0x2
 193 0042 04       		.byte	0x4
 194 0043 05       		.byte	0x5
 195 0044 5D010000 		.4byte	.LASF4
 196 0048 02       		.uleb128 0x2
 197 0049 04       		.byte	0x4
 198 004a 07       		.byte	0x7
 199 004b 60000000 		.4byte	.LASF5
 200 004f 02       		.uleb128 0x2
 201 0050 08       		.byte	0x8
 202 0051 05       		.byte	0x5
 203 0052 00000000 		.4byte	.LASF6
 204 0056 02       		.uleb128 0x2
 205 0057 08       		.byte	0x8
 206 0058 07       		.byte	0x7
 207 0059 7C000000 		.4byte	.LASF7
 208 005d 03       		.uleb128 0x3
 209 005e 04       		.byte	0x4
 210 005f 05       		.byte	0x5
 211 0060 696E7400 		.ascii	"int\000"
 212 0064 02       		.uleb128 0x2
 213 0065 04       		.byte	0x4
 214 0066 07       		.byte	0x7
 215 0067 0E000000 		.4byte	.LASF8
 216 006b 04       		.uleb128 0x4
 217 006c 5A000000 		.4byte	.LASF9
 218 0070 02       		.byte	0x2
 219 0071 9201     		.2byte	0x192
 220 0073 2C000000 		.4byte	0x2c
 221 0077 04       		.uleb128 0x4
 222 0078 4F020000 		.4byte	.LASF10
 223 007c 02       		.byte	0x2
 224 007d 9301     		.2byte	0x193
 225 007f 3A000000 		.4byte	0x3a
 226 0083 02       		.uleb128 0x2
 227 0084 04       		.byte	0x4
 228 0085 04       		.byte	0x4
 229 0086 A5000000 		.4byte	.LASF11
 230 008a 02       		.uleb128 0x2
 231 008b 08       		.byte	0x8
 232 008c 04       		.byte	0x4
 233 008d C2010000 		.4byte	.LASF12
 234 0091 02       		.uleb128 0x2
 235 0092 01       		.byte	0x1
 236 0093 08       		.byte	0x8
 237 0094 58010000 		.4byte	.LASF13
 238 0098 04       		.uleb128 0x4
 239 0099 69020000 		.4byte	.LASF14
ARM GAS  C:\Users\mariu\AppData\Local\Temp\ccc4yKBr.s 			page 8


 240 009d 02       		.byte	0x2
 241 009e 3C02     		.2byte	0x23c
 242 00a0 A4000000 		.4byte	0xa4
 243 00a4 05       		.uleb128 0x5
 244 00a5 6B000000 		.4byte	0x6b
 245 00a9 02       		.uleb128 0x2
 246 00aa 08       		.byte	0x8
 247 00ab 04       		.byte	0x4
 248 00ac 24020000 		.4byte	.LASF15
 249 00b0 02       		.uleb128 0x2
 250 00b1 04       		.byte	0x4
 251 00b2 07       		.byte	0x7
 252 00b3 6E020000 		.4byte	.LASF16
 253 00b7 06       		.uleb128 0x6
 254 00b8 06       		.byte	0x6
 255 00b9 03       		.byte	0x3
 256 00ba 43       		.byte	0x43
 257 00bb E4000000 		.4byte	0xe4
 258 00bf 07       		.uleb128 0x7
 259 00c0 AB000000 		.4byte	.LASF17
 260 00c4 03       		.byte	0x3
 261 00c5 45       		.byte	0x45
 262 00c6 6B000000 		.4byte	0x6b
 263 00ca 00       		.byte	0
 264 00cb 07       		.uleb128 0x7
 265 00cc 46020000 		.4byte	.LASF18
 266 00d0 03       		.byte	0x3
 267 00d1 48       		.byte	0x48
 268 00d2 77000000 		.4byte	0x77
 269 00d6 02       		.byte	0x2
 270 00d7 07       		.uleb128 0x7
 271 00d8 56020000 		.4byte	.LASF19
 272 00dc 03       		.byte	0x3
 273 00dd 49       		.byte	0x49
 274 00de 6B000000 		.4byte	0x6b
 275 00e2 04       		.byte	0x4
 276 00e3 00       		.byte	0
 277 00e4 08       		.uleb128 0x8
 278 00e5 42000000 		.4byte	.LASF20
 279 00e9 03       		.byte	0x3
 280 00ea 53       		.byte	0x53
 281 00eb B7000000 		.4byte	0xb7
 282 00ef 09       		.uleb128 0x9
 283 00f0 30020000 		.4byte	.LASF21
 284 00f4 01       		.byte	0x1
 285 00f5 2B       		.byte	0x2b
 286 00f6 00000000 		.4byte	.LFB0
 287 00fa 28000000 		.4byte	.LFE0-.LFB0
 288 00fe 01       		.uleb128 0x1
 289 00ff 9C       		.byte	0x9c
 290 0100 09       		.uleb128 0x9
 291 0101 C9010000 		.4byte	.LASF22
 292 0105 01       		.byte	0x1
 293 0106 4D       		.byte	0x4d
 294 0107 00000000 		.4byte	.LFB1
 295 010b 24000000 		.4byte	.LFE1-.LFB1
 296 010f 01       		.uleb128 0x1
ARM GAS  C:\Users\mariu\AppData\Local\Temp\ccc4yKBr.s 			page 9


 297 0110 9C       		.byte	0x9c
 298 0111 09       		.uleb128 0x9
 299 0112 E2010000 		.4byte	.LASF23
 300 0116 01       		.byte	0x1
 301 0117 70       		.byte	0x70
 302 0118 00000000 		.4byte	.LFB2
 303 011c 10000000 		.4byte	.LFE2-.LFB2
 304 0120 01       		.uleb128 0x1
 305 0121 9C       		.byte	0x9c
 306 0122 09       		.uleb128 0x9
 307 0123 93000000 		.4byte	.LASF24
 308 0127 01       		.byte	0x1
 309 0128 96       		.byte	0x96
 310 0129 00000000 		.4byte	.LFB3
 311 012d 0C000000 		.4byte	.LFE3-.LFB3
 312 0131 01       		.uleb128 0x1
 313 0132 9C       		.byte	0x9c
 314 0133 0A       		.uleb128 0xa
 315 0134 12020000 		.4byte	.LASF28
 316 0138 01       		.byte	0x1
 317 0139 15       		.byte	0x15
 318 013a E4000000 		.4byte	0xe4
 319 013e 05       		.uleb128 0x5
 320 013f 03       		.byte	0x3
 321 0140 00000000 		.4byte	Timer_Echo_backup
 322 0144 00       		.byte	0
 323              		.section	.debug_abbrev,"",%progbits
 324              	.Ldebug_abbrev0:
 325 0000 01       		.uleb128 0x1
 326 0001 11       		.uleb128 0x11
 327 0002 01       		.byte	0x1
 328 0003 25       		.uleb128 0x25
 329 0004 0E       		.uleb128 0xe
 330 0005 13       		.uleb128 0x13
 331 0006 0B       		.uleb128 0xb
 332 0007 03       		.uleb128 0x3
 333 0008 0E       		.uleb128 0xe
 334 0009 1B       		.uleb128 0x1b
 335 000a 0E       		.uleb128 0xe
 336 000b 55       		.uleb128 0x55
 337 000c 17       		.uleb128 0x17
 338 000d 11       		.uleb128 0x11
 339 000e 01       		.uleb128 0x1
 340 000f 10       		.uleb128 0x10
 341 0010 17       		.uleb128 0x17
 342 0011 00       		.byte	0
 343 0012 00       		.byte	0
 344 0013 02       		.uleb128 0x2
 345 0014 24       		.uleb128 0x24
 346 0015 00       		.byte	0
 347 0016 0B       		.uleb128 0xb
 348 0017 0B       		.uleb128 0xb
 349 0018 3E       		.uleb128 0x3e
 350 0019 0B       		.uleb128 0xb
 351 001a 03       		.uleb128 0x3
 352 001b 0E       		.uleb128 0xe
 353 001c 00       		.byte	0
ARM GAS  C:\Users\mariu\AppData\Local\Temp\ccc4yKBr.s 			page 10


 354 001d 00       		.byte	0
 355 001e 03       		.uleb128 0x3
 356 001f 24       		.uleb128 0x24
 357 0020 00       		.byte	0
 358 0021 0B       		.uleb128 0xb
 359 0022 0B       		.uleb128 0xb
 360 0023 3E       		.uleb128 0x3e
 361 0024 0B       		.uleb128 0xb
 362 0025 03       		.uleb128 0x3
 363 0026 08       		.uleb128 0x8
 364 0027 00       		.byte	0
 365 0028 00       		.byte	0
 366 0029 04       		.uleb128 0x4
 367 002a 16       		.uleb128 0x16
 368 002b 00       		.byte	0
 369 002c 03       		.uleb128 0x3
 370 002d 0E       		.uleb128 0xe
 371 002e 3A       		.uleb128 0x3a
 372 002f 0B       		.uleb128 0xb
 373 0030 3B       		.uleb128 0x3b
 374 0031 05       		.uleb128 0x5
 375 0032 49       		.uleb128 0x49
 376 0033 13       		.uleb128 0x13
 377 0034 00       		.byte	0
 378 0035 00       		.byte	0
 379 0036 05       		.uleb128 0x5
 380 0037 35       		.uleb128 0x35
 381 0038 00       		.byte	0
 382 0039 49       		.uleb128 0x49
 383 003a 13       		.uleb128 0x13
 384 003b 00       		.byte	0
 385 003c 00       		.byte	0
 386 003d 06       		.uleb128 0x6
 387 003e 13       		.uleb128 0x13
 388 003f 01       		.byte	0x1
 389 0040 0B       		.uleb128 0xb
 390 0041 0B       		.uleb128 0xb
 391 0042 3A       		.uleb128 0x3a
 392 0043 0B       		.uleb128 0xb
 393 0044 3B       		.uleb128 0x3b
 394 0045 0B       		.uleb128 0xb
 395 0046 01       		.uleb128 0x1
 396 0047 13       		.uleb128 0x13
 397 0048 00       		.byte	0
 398 0049 00       		.byte	0
 399 004a 07       		.uleb128 0x7
 400 004b 0D       		.uleb128 0xd
 401 004c 00       		.byte	0
 402 004d 03       		.uleb128 0x3
 403 004e 0E       		.uleb128 0xe
 404 004f 3A       		.uleb128 0x3a
 405 0050 0B       		.uleb128 0xb
 406 0051 3B       		.uleb128 0x3b
 407 0052 0B       		.uleb128 0xb
 408 0053 49       		.uleb128 0x49
 409 0054 13       		.uleb128 0x13
 410 0055 38       		.uleb128 0x38
ARM GAS  C:\Users\mariu\AppData\Local\Temp\ccc4yKBr.s 			page 11


 411 0056 0B       		.uleb128 0xb
 412 0057 00       		.byte	0
 413 0058 00       		.byte	0
 414 0059 08       		.uleb128 0x8
 415 005a 16       		.uleb128 0x16
 416 005b 00       		.byte	0
 417 005c 03       		.uleb128 0x3
 418 005d 0E       		.uleb128 0xe
 419 005e 3A       		.uleb128 0x3a
 420 005f 0B       		.uleb128 0xb
 421 0060 3B       		.uleb128 0x3b
 422 0061 0B       		.uleb128 0xb
 423 0062 49       		.uleb128 0x49
 424 0063 13       		.uleb128 0x13
 425 0064 00       		.byte	0
 426 0065 00       		.byte	0
 427 0066 09       		.uleb128 0x9
 428 0067 2E       		.uleb128 0x2e
 429 0068 00       		.byte	0
 430 0069 3F       		.uleb128 0x3f
 431 006a 19       		.uleb128 0x19
 432 006b 03       		.uleb128 0x3
 433 006c 0E       		.uleb128 0xe
 434 006d 3A       		.uleb128 0x3a
 435 006e 0B       		.uleb128 0xb
 436 006f 3B       		.uleb128 0x3b
 437 0070 0B       		.uleb128 0xb
 438 0071 27       		.uleb128 0x27
 439 0072 19       		.uleb128 0x19
 440 0073 11       		.uleb128 0x11
 441 0074 01       		.uleb128 0x1
 442 0075 12       		.uleb128 0x12
 443 0076 06       		.uleb128 0x6
 444 0077 40       		.uleb128 0x40
 445 0078 18       		.uleb128 0x18
 446 0079 9642     		.uleb128 0x2116
 447 007b 19       		.uleb128 0x19
 448 007c 00       		.byte	0
 449 007d 00       		.byte	0
 450 007e 0A       		.uleb128 0xa
 451 007f 34       		.uleb128 0x34
 452 0080 00       		.byte	0
 453 0081 03       		.uleb128 0x3
 454 0082 0E       		.uleb128 0xe
 455 0083 3A       		.uleb128 0x3a
 456 0084 0B       		.uleb128 0xb
 457 0085 3B       		.uleb128 0x3b
 458 0086 0B       		.uleb128 0xb
 459 0087 49       		.uleb128 0x49
 460 0088 13       		.uleb128 0x13
 461 0089 02       		.uleb128 0x2
 462 008a 18       		.uleb128 0x18
 463 008b 00       		.byte	0
 464 008c 00       		.byte	0
 465 008d 00       		.byte	0
 466              		.section	.debug_aranges,"",%progbits
 467 0000 34000000 		.4byte	0x34
ARM GAS  C:\Users\mariu\AppData\Local\Temp\ccc4yKBr.s 			page 12


 468 0004 0200     		.2byte	0x2
 469 0006 00000000 		.4byte	.Ldebug_info0
 470 000a 04       		.byte	0x4
 471 000b 00       		.byte	0
 472 000c 0000     		.2byte	0
 473 000e 0000     		.2byte	0
 474 0010 00000000 		.4byte	.LFB0
 475 0014 28000000 		.4byte	.LFE0-.LFB0
 476 0018 00000000 		.4byte	.LFB1
 477 001c 24000000 		.4byte	.LFE1-.LFB1
 478 0020 00000000 		.4byte	.LFB2
 479 0024 10000000 		.4byte	.LFE2-.LFB2
 480 0028 00000000 		.4byte	.LFB3
 481 002c 0C000000 		.4byte	.LFE3-.LFB3
 482 0030 00000000 		.4byte	0
 483 0034 00000000 		.4byte	0
 484              		.section	.debug_ranges,"",%progbits
 485              	.Ldebug_ranges0:
 486 0000 00000000 		.4byte	.LFB0
 487 0004 28000000 		.4byte	.LFE0
 488 0008 00000000 		.4byte	.LFB1
 489 000c 24000000 		.4byte	.LFE1
 490 0010 00000000 		.4byte	.LFB2
 491 0014 10000000 		.4byte	.LFE2
 492 0018 00000000 		.4byte	.LFB3
 493 001c 0C000000 		.4byte	.LFE3
 494 0020 00000000 		.4byte	0
 495 0024 00000000 		.4byte	0
 496              		.section	.debug_line,"",%progbits
 497              	.Ldebug_line0:
 498 0000 B0000000 		.section	.debug_str,"MS",%progbits,1
 498      02005A00 
 498      00000201 
 498      FB0E0D00 
 498      01010101 
 499              	.LASF6:
 500 0000 6C6F6E67 		.ascii	"long long int\000"
 500      206C6F6E 
 500      6720696E 
 500      7400
 501              	.LASF8:
 502 000e 756E7369 		.ascii	"unsigned int\000"
 502      676E6564 
 502      20696E74 
 502      00
 503              	.LASF26:
 504 001b 47656E65 		.ascii	"Generated_Source\\PSoC5\\Timer_Echo_PM.c\000"
 504      72617465 
 504      645F536F 
 504      75726365 
 504      5C50536F 
 505              	.LASF20:
 506 0042 54696D65 		.ascii	"Timer_Echo_backupStruct\000"
 506      725F4563 
 506      686F5F62 
 506      61636B75 
 506      70537472 
ARM GAS  C:\Users\mariu\AppData\Local\Temp\ccc4yKBr.s 			page 13


 507              	.LASF9:
 508 005a 75696E74 		.ascii	"uint8\000"
 508      3800
 509              	.LASF5:
 510 0060 6C6F6E67 		.ascii	"long unsigned int\000"
 510      20756E73 
 510      69676E65 
 510      6420696E 
 510      7400
 511              	.LASF2:
 512 0072 73686F72 		.ascii	"short int\000"
 512      7420696E 
 512      7400
 513              	.LASF7:
 514 007c 6C6F6E67 		.ascii	"long long unsigned int\000"
 514      206C6F6E 
 514      6720756E 
 514      7369676E 
 514      65642069 
 515              	.LASF24:
 516 0093 54696D65 		.ascii	"Timer_Echo_Wakeup\000"
 516      725F4563 
 516      686F5F57 
 516      616B6575 
 516      7000
 517              	.LASF11:
 518 00a5 666C6F61 		.ascii	"float\000"
 518      7400
 519              	.LASF17:
 520 00ab 54696D65 		.ascii	"TimerEnableState\000"
 520      72456E61 
 520      626C6553 
 520      74617465 
 520      00
 521              	.LASF25:
 522 00bc 474E5520 		.ascii	"GNU C11 5.4.1 20160609 (release) [ARM/embedded-5-br"
 522      43313120 
 522      352E342E 
 522      31203230 
 522      31363036 
 523 00ef 616E6368 		.ascii	"anch revision 237715] -mcpu=cortex-m3 -mthumb -g -O"
 523      20726576 
 523      6973696F 
 523      6E203233 
 523      37373135 
 524 0122 30202D66 		.ascii	"0 -ffunction-sections -ffat-lto-objects\000"
 524      66756E63 
 524      74696F6E 
 524      2D736563 
 524      74696F6E 
 525              	.LASF1:
 526 014a 756E7369 		.ascii	"unsigned char\000"
 526      676E6564 
 526      20636861 
 526      7200
 527              	.LASF13:
 528 0158 63686172 		.ascii	"char\000"
ARM GAS  C:\Users\mariu\AppData\Local\Temp\ccc4yKBr.s 			page 14


 528      00
 529              	.LASF4:
 530 015d 6C6F6E67 		.ascii	"long int\000"
 530      20696E74 
 530      00
 531              	.LASF27:
 532 0166 433A5C55 		.ascii	"C:\\Users\\mariu\\Documents\\PSoC Creator\\PSoC_Aud"
 532      73657273 
 532      5C6D6172 
 532      69755C44 
 532      6F63756D 
 533 0194 696F5F4D 		.ascii	"io_MIDI\\PSoC_Audio_MIDI\\PSoC_Audio_MIDI.cydsn\000"
 533      4944495C 
 533      50536F43 
 533      5F417564 
 533      696F5F4D 
 534              	.LASF12:
 535 01c2 646F7562 		.ascii	"double\000"
 535      6C6500
 536              	.LASF22:
 537 01c9 54696D65 		.ascii	"Timer_Echo_RestoreConfig\000"
 537      725F4563 
 537      686F5F52 
 537      6573746F 
 537      7265436F 
 538              	.LASF23:
 539 01e2 54696D65 		.ascii	"Timer_Echo_Sleep\000"
 539      725F4563 
 539      686F5F53 
 539      6C656570 
 539      00
 540              	.LASF3:
 541 01f3 73686F72 		.ascii	"short unsigned int\000"
 541      7420756E 
 541      7369676E 
 541      65642069 
 541      6E7400
 542              	.LASF0:
 543 0206 7369676E 		.ascii	"signed char\000"
 543      65642063 
 543      68617200 
 544              	.LASF28:
 545 0212 54696D65 		.ascii	"Timer_Echo_backup\000"
 545      725F4563 
 545      686F5F62 
 545      61636B75 
 545      7000
 546              	.LASF15:
 547 0224 6C6F6E67 		.ascii	"long double\000"
 547      20646F75 
 547      626C6500 
 548              	.LASF21:
 549 0230 54696D65 		.ascii	"Timer_Echo_SaveConfig\000"
 549      725F4563 
 549      686F5F53 
 549      61766543 
 549      6F6E6669 
ARM GAS  C:\Users\mariu\AppData\Local\Temp\ccc4yKBr.s 			page 15


 550              	.LASF18:
 551 0246 54696D65 		.ascii	"TimerUdb\000"
 551      72556462 
 551      00
 552              	.LASF10:
 553 024f 75696E74 		.ascii	"uint16\000"
 553      313600
 554              	.LASF19:
 555 0256 496E7465 		.ascii	"InterruptMaskValue\000"
 555      72727570 
 555      744D6173 
 555      6B56616C 
 555      756500
 556              	.LASF14:
 557 0269 72656738 		.ascii	"reg8\000"
 557      00
 558              	.LASF16:
 559 026e 73697A65 		.ascii	"sizetype\000"
 559      74797065 
 559      00
 560              		.ident	"GCC: (GNU Tools for ARM Embedded Processors) 5.4.1 20160609 (release) [ARM/embedded-5-bran
