--------------- Build Started: 04/29/2023 18:21:31 Project: WaveDAC8_Example01, Configuration: ARM GCC 5.4-2016-q2-update Debug ---------------
cydsfit.exe -.appdatapath "C:\Users\Silvan\AppData\Local\Cypress Semiconductor\PSoC Creator\4.4" -.fdsnotice -.fdswarpdepfile=warp_dependencies.txt -.fdselabdepfile=elab_dependencies.txt -.fdsbldfile=generated_files.txt -.fdsreffile=referenced_files.txt -p C:\Users\Silvan\OneDrive\GitHubRepos\PSoC_Audio_MIDI\WaveDAC8_Example01\WaveDAC8_Example01.cydsn\WaveDAC8_Example01.cyprj -d CY8C5888LTI-LP097 -s C:\Users\Silvan\OneDrive\GitHubRepos\PSoC_Audio_MIDI\WaveDAC8_Example01\WaveDAC8_Example01.cydsn\Generated_Source\PSoC5 -- -yv2 -q10 -ygs -o2 -v3 -.fftcfgtype=LE
Elaborating Design...
HDL Generation...
Synthesis...
Tech Mapping...
Analog Placement...
Log: apr.M0058: The analog placement iterative improvement is 41% done. (App=cydsfit)
Log: apr.M0058: The analog placement iterative improvement is 90% done. (App=cydsfit)
Analog Routing...
Analog Code Generation...
Digital Placement...
Digital Routing...
Bitstream Generation...
Bitstream Verification...
Static timing analysis...
API Generation...
Dependency Generation...
Cleanup...
--------------- Build Skipped: 04/29/2023 18:21:37 ---------------
